{"H:\\GrafeoDB\\grafeo-web\\src\\index.ts": {"path":"H:\\GrafeoDB\\grafeo-web\\src\\index.ts","statementMap":{"0":{"start":{"line":77,"column":19},"end":{"line":77,"column":null}},"1":{"start":{"line":84,"column":4},"end":{"line":84,"column":null}},"2":{"start":{"line":85,"column":4},"end":{"line":85,"column":null}},"3":{"start":{"line":86,"column":4},"end":{"line":86,"column":null}},"4":{"start":{"line":91,"column":4},"end":{"line":91,"column":null}},"5":{"start":{"line":96,"column":4},"end":{"line":97,"column":null}},"6":{"start":{"line":97,"column":6},"end":{"line":97,"column":null}},"7":{"start":{"line":99,"column":4},"end":{"line":99,"column":null}},"8":{"start":{"line":109,"column":4},"end":{"line":110,"column":null}},"9":{"start":{"line":110,"column":6},"end":{"line":110,"column":null}},"10":{"start":{"line":113,"column":4},"end":{"line":113,"column":null}},"11":{"start":{"line":115,"column":49},"end":{"line":115,"column":null}},"12":{"start":{"line":118,"column":4},"end":{"line":138,"column":null}},"13":{"start":{"line":119,"column":6},"end":{"line":122,"column":null}},"14":{"start":{"line":123,"column":23},"end":{"line":123,"column":47}},"15":{"start":{"line":124,"column":6},"end":{"line":135,"column":null}},"16":{"start":{"line":125,"column":8},"end":{"line":132,"column":null}},"17":{"start":{"line":126,"column":10},"end":{"line":126,"column":null}},"18":{"start":{"line":128,"column":10},"end":{"line":130,"column":null}},"19":{"start":{"line":131,"column":10},"end":{"line":131,"column":null}},"20":{"start":{"line":132,"column":10},"end":{"line":132,"column":null}},"21":{"start":{"line":135,"column":8},"end":{"line":135,"column":null}},"22":{"start":{"line":138,"column":6},"end":{"line":138,"column":null}},"23":{"start":{"line":141,"column":4},"end":{"line":141,"column":null}},"24":{"start":{"line":147,"column":18},"end":{"line":147,"column":35}},"25":{"start":{"line":148,"column":4},"end":{"line":148,"column":null}},"26":{"start":{"line":149,"column":4},"end":{"line":149,"column":null}},"27":{"start":{"line":154,"column":4},"end":{"line":154,"column":null}},"28":{"start":{"line":168,"column":4},"end":{"line":168,"column":null}},"29":{"start":{"line":170,"column":4},"end":{"line":171,"column":null}},"30":{"start":{"line":171,"column":6},"end":{"line":171,"column":null}},"31":{"start":{"line":174,"column":17},"end":{"line":174,"column":null}},"32":{"start":{"line":175,"column":19},"end":{"line":175,"column":null}},"33":{"start":{"line":176,"column":20},"end":{"line":176,"column":null}},"34":{"start":{"line":179,"column":4},"end":{"line":186,"column":null}},"35":{"start":{"line":180,"column":6},"end":{"line":180,"column":null}},"36":{"start":{"line":181,"column":15},"end":{"line":186,"column":null}},"37":{"start":{"line":182,"column":6},"end":{"line":182,"column":null}},"38":{"start":{"line":183,"column":15},"end":{"line":186,"column":null}},"39":{"start":{"line":184,"column":6},"end":{"line":184,"column":null}},"40":{"start":{"line":186,"column":6},"end":{"line":186,"column":null}},"41":{"start":{"line":192,"column":4},"end":{"line":193,"column":null}},"42":{"start":{"line":193,"column":6},"end":{"line":193,"column":null}},"43":{"start":{"line":193,"column":42},"end":{"line":193,"column":69}},"44":{"start":{"line":196,"column":4},"end":{"line":196,"column":null}},"45":{"start":{"line":207,"column":4},"end":{"line":207,"column":null}},"46":{"start":{"line":209,"column":4},"end":{"line":210,"column":null}},"47":{"start":{"line":210,"column":6},"end":{"line":210,"column":null}},"48":{"start":{"line":213,"column":17},"end":{"line":213,"column":null}},"49":{"start":{"line":214,"column":19},"end":{"line":216,"column":36}},"50":{"start":{"line":218,"column":4},"end":{"line":219,"column":null}},"51":{"start":{"line":219,"column":6},"end":{"line":219,"column":null}},"52":{"start":{"line":219,"column":42},"end":{"line":219,"column":69}},"53":{"start":{"line":222,"column":4},"end":{"line":222,"column":null}},"54":{"start":{"line":227,"column":4},"end":{"line":227,"column":null}},"55":{"start":{"line":228,"column":4},"end":{"line":229,"column":null}},"56":{"start":{"line":229,"column":6},"end":{"line":229,"column":null}},"57":{"start":{"line":231,"column":4},"end":{"line":231,"column":null}},"58":{"start":{"line":236,"column":4},"end":{"line":236,"column":null}},"59":{"start":{"line":237,"column":4},"end":{"line":238,"column":null}},"60":{"start":{"line":238,"column":6},"end":{"line":238,"column":null}},"61":{"start":{"line":240,"column":4},"end":{"line":240,"column":null}},"62":{"start":{"line":245,"column":4},"end":{"line":245,"column":null}},"63":{"start":{"line":246,"column":4},"end":{"line":247,"column":null}},"64":{"start":{"line":247,"column":6},"end":{"line":247,"column":null}},"65":{"start":{"line":249,"column":4},"end":{"line":249,"column":null}},"66":{"start":{"line":254,"column":4},"end":{"line":254,"column":null}},"67":{"start":{"line":255,"column":4},"end":{"line":256,"column":null}},"68":{"start":{"line":256,"column":6},"end":{"line":256,"column":null}},"69":{"start":{"line":258,"column":4},"end":{"line":259,"column":null}},"70":{"start":{"line":259,"column":6},"end":{"line":259,"column":null}},"71":{"start":{"line":261,"column":4},"end":{"line":261,"column":null}},"72":{"start":{"line":266,"column":4},"end":{"line":266,"column":null}},"73":{"start":{"line":267,"column":4},"end":{"line":268,"column":null}},"74":{"start":{"line":268,"column":6},"end":{"line":268,"column":null}},"75":{"start":{"line":270,"column":17},"end":{"line":270,"column":44}},"76":{"start":{"line":271,"column":4},"end":{"line":275,"column":null}},"77":{"start":{"line":280,"column":4},"end":{"line":280,"column":null}},"78":{"start":{"line":281,"column":4},"end":{"line":282,"column":null}},"79":{"start":{"line":282,"column":6},"end":{"line":282,"column":null}},"80":{"start":{"line":284,"column":4},"end":{"line":284,"column":null}},"81":{"start":{"line":285,"column":4},"end":{"line":285,"column":null}},"82":{"start":{"line":286,"column":4},"end":{"line":287,"column":null}},"83":{"start":{"line":287,"column":6},"end":{"line":287,"column":null}},"84":{"start":{"line":287,"column":42},"end":{"line":287,"column":69}},"85":{"start":{"line":293,"column":4},"end":{"line":293,"column":null}},"86":{"start":{"line":294,"column":4},"end":{"line":295,"column":null}},"87":{"start":{"line":295,"column":6},"end":{"line":295,"column":null}},"88":{"start":{"line":299,"column":4},"end":{"line":299,"column":null}},"89":{"start":{"line":300,"column":4},"end":{"line":300,"column":null}},"90":{"start":{"line":302,"column":4},"end":{"line":303,"column":null}},"91":{"start":{"line":303,"column":6},"end":{"line":303,"column":null}},"92":{"start":{"line":314,"column":4},"end":{"line":314,"column":null}},"93":{"start":{"line":316,"column":4},"end":{"line":316,"column":null}},"94":{"start":{"line":321,"column":4},"end":{"line":321,"column":null}},"95":{"start":{"line":322,"column":4},"end":{"line":323,"column":null}},"96":{"start":{"line":323,"column":6},"end":{"line":323,"column":null}},"97":{"start":{"line":325,"column":4},"end":{"line":325,"column":null}},"98":{"start":{"line":326,"column":4},"end":{"line":326,"column":null}},"99":{"start":{"line":327,"column":4},"end":{"line":328,"column":null}},"100":{"start":{"line":328,"column":6},"end":{"line":328,"column":null}},"101":{"start":{"line":328,"column":42},"end":{"line":328,"column":69}},"102":{"start":{"line":334,"column":4},"end":{"line":334,"column":null}},"103":{"start":{"line":335,"column":4},"end":{"line":336,"column":null}},"104":{"start":{"line":336,"column":6},"end":{"line":336,"column":null}},"105":{"start":{"line":338,"column":4},"end":{"line":338,"column":null}},"106":{"start":{"line":339,"column":20},"end":{"line":339,"column":61}},"107":{"start":{"line":340,"column":4},"end":{"line":341,"column":null}},"108":{"start":{"line":341,"column":6},"end":{"line":341,"column":null}},"109":{"start":{"line":341,"column":42},"end":{"line":341,"column":69}},"110":{"start":{"line":343,"column":4},"end":{"line":343,"column":null}},"111":{"start":{"line":348,"column":4},"end":{"line":348,"column":null}},"112":{"start":{"line":349,"column":4},"end":{"line":350,"column":null}},"113":{"start":{"line":350,"column":6},"end":{"line":350,"column":null}},"114":{"start":{"line":352,"column":4},"end":{"line":352,"column":null}},"115":{"start":{"line":353,"column":4},"end":{"line":353,"column":null}},"116":{"start":{"line":354,"column":4},"end":{"line":355,"column":null}},"117":{"start":{"line":355,"column":6},"end":{"line":355,"column":null}},"118":{"start":{"line":355,"column":42},"end":{"line":355,"column":69}},"119":{"start":{"line":366,"column":4},"end":{"line":366,"column":null}},"120":{"start":{"line":367,"column":4},"end":{"line":368,"column":null}},"121":{"start":{"line":368,"column":6},"end":{"line":368,"column":null}},"122":{"start":{"line":370,"column":4},"end":{"line":370,"column":null}},"123":{"start":{"line":371,"column":4},"end":{"line":371,"column":null}},"124":{"start":{"line":382,"column":4},"end":{"line":382,"column":null}},"125":{"start":{"line":383,"column":4},"end":{"line":384,"column":null}},"126":{"start":{"line":384,"column":6},"end":{"line":384,"column":null}},"127":{"start":{"line":386,"column":4},"end":{"line":386,"column":null}},"128":{"start":{"line":387,"column":4},"end":{"line":387,"column":null}},"129":{"start":{"line":396,"column":4},"end":{"line":396,"column":null}},"130":{"start":{"line":397,"column":4},"end":{"line":398,"column":null}},"131":{"start":{"line":398,"column":6},"end":{"line":398,"column":null}},"132":{"start":{"line":400,"column":4},"end":{"line":400,"column":null}},"133":{"start":{"line":401,"column":4},"end":{"line":401,"column":null}},"134":{"start":{"line":402,"column":4},"end":{"line":403,"column":null}},"135":{"start":{"line":403,"column":6},"end":{"line":403,"column":null}},"136":{"start":{"line":403,"column":42},"end":{"line":403,"column":69}},"137":{"start":{"line":409,"column":4},"end":{"line":409,"column":null}},"138":{"start":{"line":410,"column":4},"end":{"line":411,"column":null}},"139":{"start":{"line":411,"column":6},"end":{"line":411,"column":null}},"140":{"start":{"line":413,"column":4},"end":{"line":413,"column":null}},"141":{"start":{"line":414,"column":20},"end":{"line":414,"column":63}},"142":{"start":{"line":415,"column":4},"end":{"line":416,"column":null}},"143":{"start":{"line":416,"column":6},"end":{"line":416,"column":null}},"144":{"start":{"line":416,"column":42},"end":{"line":416,"column":69}},"145":{"start":{"line":418,"column":4},"end":{"line":418,"column":null}},"146":{"start":{"line":423,"column":4},"end":{"line":423,"column":null}},"147":{"start":{"line":424,"column":4},"end":{"line":425,"column":null}},"148":{"start":{"line":425,"column":6},"end":{"line":425,"column":null}},"149":{"start":{"line":427,"column":4},"end":{"line":427,"column":null}},"150":{"start":{"line":428,"column":4},"end":{"line":428,"column":null}},"151":{"start":{"line":429,"column":4},"end":{"line":430,"column":null}},"152":{"start":{"line":430,"column":6},"end":{"line":430,"column":null}},"153":{"start":{"line":430,"column":42},"end":{"line":430,"column":69}},"154":{"start":{"line":442,"column":4},"end":{"line":442,"column":null}},"155":{"start":{"line":443,"column":4},"end":{"line":444,"column":null}},"156":{"start":{"line":444,"column":6},"end":{"line":444,"column":null}},"157":{"start":{"line":446,"column":4},"end":{"line":446,"column":null}},"158":{"start":{"line":447,"column":4},"end":{"line":447,"column":null}},"159":{"start":{"line":458,"column":4},"end":{"line":458,"column":null}},"160":{"start":{"line":459,"column":4},"end":{"line":460,"column":null}},"161":{"start":{"line":460,"column":6},"end":{"line":460,"column":null}},"162":{"start":{"line":462,"column":4},"end":{"line":462,"column":null}},"163":{"start":{"line":463,"column":4},"end":{"line":463,"column":null}},"164":{"start":{"line":468,"column":4},"end":{"line":468,"column":null}},"165":{"start":{"line":469,"column":4},"end":{"line":470,"column":null}},"166":{"start":{"line":470,"column":6},"end":{"line":470,"column":null}},"167":{"start":{"line":472,"column":4},"end":{"line":472,"column":null}},"168":{"start":{"line":477,"column":4},"end":{"line":477,"column":null}},"169":{"start":{"line":478,"column":4},"end":{"line":479,"column":null}},"170":{"start":{"line":479,"column":6},"end":{"line":479,"column":null}},"171":{"start":{"line":481,"column":4},"end":{"line":481,"column":null}},"172":{"start":{"line":486,"column":4},"end":{"line":486,"column":null}},"173":{"start":{"line":487,"column":4},"end":{"line":488,"column":null}},"174":{"start":{"line":488,"column":6},"end":{"line":488,"column":null}},"175":{"start":{"line":490,"column":4},"end":{"line":490,"column":null}},"176":{"start":{"line":495,"column":4},"end":{"line":495,"column":null}},"177":{"start":{"line":496,"column":4},"end":{"line":497,"column":null}},"178":{"start":{"line":497,"column":6},"end":{"line":497,"column":null}},"179":{"start":{"line":499,"column":4},"end":{"line":499,"column":null}},"180":{"start":{"line":500,"column":5},"end":{"line":500,"column":null}},"181":{"start":{"line":501,"column":4},"end":{"line":502,"column":null}},"182":{"start":{"line":502,"column":6},"end":{"line":502,"column":null}},"183":{"start":{"line":502,"column":42},"end":{"line":502,"column":69}},"184":{"start":{"line":508,"column":4},"end":{"line":508,"column":null}},"185":{"start":{"line":509,"column":4},"end":{"line":510,"column":null}},"186":{"start":{"line":510,"column":6},"end":{"line":510,"column":null}},"187":{"start":{"line":512,"column":4},"end":{"line":512,"column":null}},"188":{"start":{"line":517,"column":4},"end":{"line":517,"column":null}},"189":{"start":{"line":518,"column":4},"end":{"line":519,"column":null}},"190":{"start":{"line":519,"column":6},"end":{"line":519,"column":null}},"191":{"start":{"line":521,"column":4},"end":{"line":521,"column":null}},"192":{"start":{"line":526,"column":4},"end":{"line":526,"column":null}},"193":{"start":{"line":527,"column":4},"end":{"line":528,"column":null}},"194":{"start":{"line":528,"column":6},"end":{"line":528,"column":null}},"195":{"start":{"line":530,"column":4},"end":{"line":530,"column":null}},"196":{"start":{"line":543,"column":4},"end":{"line":543,"column":null}},"197":{"start":{"line":544,"column":4},"end":{"line":545,"column":null}},"198":{"start":{"line":545,"column":6},"end":{"line":545,"column":null}},"199":{"start":{"line":547,"column":18},"end":{"line":547,"column":54}},"200":{"start":{"line":548,"column":4},"end":{"line":549,"column":null}},"201":{"start":{"line":549,"column":6},"end":{"line":549,"column":null}},"202":{"start":{"line":549,"column":42},"end":{"line":549,"column":69}},"203":{"start":{"line":551,"column":4},"end":{"line":551,"column":null}},"204":{"start":{"line":563,"column":4},"end":{"line":563,"column":null}},"205":{"start":{"line":564,"column":4},"end":{"line":565,"column":null}},"206":{"start":{"line":565,"column":6},"end":{"line":565,"column":null}},"207":{"start":{"line":567,"column":19},"end":{"line":567,"column":45}},"208":{"start":{"line":568,"column":4},"end":{"line":569,"column":null}},"209":{"start":{"line":569,"column":6},"end":{"line":569,"column":null}},"210":{"start":{"line":569,"column":42},"end":{"line":569,"column":69}},"211":{"start":{"line":571,"column":4},"end":{"line":571,"column":null}},"212":{"start":{"line":581,"column":4},"end":{"line":581,"column":null}},"213":{"start":{"line":582,"column":4},"end":{"line":583,"column":null}},"214":{"start":{"line":583,"column":6},"end":{"line":583,"column":null}},"215":{"start":{"line":585,"column":4},"end":{"line":585,"column":null}},"216":{"start":{"line":586,"column":19},"end":{"line":586,"column":45}},"217":{"start":{"line":587,"column":4},"end":{"line":588,"column":null}},"218":{"start":{"line":588,"column":6},"end":{"line":588,"column":null}},"219":{"start":{"line":588,"column":42},"end":{"line":588,"column":69}},"220":{"start":{"line":590,"column":4},"end":{"line":590,"column":null}},"221":{"start":{"line":595,"column":4},"end":{"line":595,"column":null}},"222":{"start":{"line":595,"column":21},"end":{"line":595,"column":null}},"223":{"start":{"line":596,"column":4},"end":{"line":596,"column":null}},"224":{"start":{"line":598,"column":4},"end":{"line":601,"column":null}},"225":{"start":{"line":599,"column":6},"end":{"line":599,"column":null}},"226":{"start":{"line":600,"column":6},"end":{"line":600,"column":null}},"227":{"start":{"line":601,"column":6},"end":{"line":601,"column":null}},"228":{"start":{"line":604,"column":4},"end":{"line":606,"column":null}},"229":{"start":{"line":605,"column":6},"end":{"line":605,"column":null}},"230":{"start":{"line":605,"column":41},"end":{"line":605,"column":68}},"231":{"start":{"line":606,"column":6},"end":{"line":606,"column":null}},"232":{"start":{"line":609,"column":4},"end":{"line":611,"column":null}},"233":{"start":{"line":610,"column":6},"end":{"line":610,"column":null}},"234":{"start":{"line":611,"column":6},"end":{"line":611,"column":null}},"235":{"start":{"line":616,"column":4},"end":{"line":617,"column":null}},"236":{"start":{"line":617,"column":6},"end":{"line":617,"column":null}},"237":{"start":{"line":622,"column":4},"end":{"line":625,"column":null}},"238":{"start":{"line":623,"column":6},"end":{"line":625,"column":null}}},"fnMap":{"0":{"name":"(anonymous_0)","decl":{"start":{"line":79,"column":2},"end":{"line":79,"column":10}},"loc":{"start":{"line":83,"column":4},"end":{"line":86,"column":null}},"line":83},"1":{"name":"(anonymous_1)","decl":{"start":{"line":90,"column":9},"end":{"line":90,"column":27}},"loc":{"start":{"line":90,"column":27},"end":{"line":91,"column":null}},"line":90},"2":{"name":"(anonymous_2)","decl":{"start":{"line":95,"column":8},"end":{"line":95,"column":38}},"loc":{"start":{"line":95,"column":38},"end":{"line":99,"column":null}},"line":95},"3":{"name":"(anonymous_3)","decl":{"start":{"line":108,"column":15},"end":{"line":108,"column":22}},"loc":{"start":{"line":108,"column":66},"end":{"line":141,"column":null}},"line":108},"4":{"name":"(anonymous_4)","decl":{"start":{"line":144,"column":23},"end":{"line":144,"column":null}},"loc":{"start":{"line":146,"column":23},"end":{"line":149,"column":null}},"line":146},"5":{"name":"(anonymous_5)","decl":{"start":{"line":153,"column":6},"end":{"line":153,"column":24}},"loc":{"start":{"line":153,"column":24},"end":{"line":154,"column":null}},"line":153},"6":{"name":"(anonymous_6)","decl":{"start":{"line":164,"column":8},"end":{"line":164,"column":null}},"loc":{"start":{"line":167,"column":40},"end":{"line":196,"column":null}},"line":167},"7":{"name":"(anonymous_7)","decl":{"start":{"line":193,"column":23},"end":{"line":193,"column":42}},"loc":{"start":{"line":193,"column":42},"end":{"line":193,"column":69}},"line":193},"8":{"name":"(anonymous_8)","decl":{"start":{"line":206,"column":8},"end":{"line":206,"column":19}},"loc":{"start":{"line":206,"column":85},"end":{"line":222,"column":null}},"line":206},"9":{"name":"(anonymous_9)","decl":{"start":{"line":219,"column":23},"end":{"line":219,"column":42}},"loc":{"start":{"line":219,"column":42},"end":{"line":219,"column":69}},"line":219},"10":{"name":"(anonymous_10)","decl":{"start":{"line":226,"column":8},"end":{"line":226,"column":37}},"loc":{"start":{"line":226,"column":37},"end":{"line":231,"column":null}},"line":226},"11":{"name":"(anonymous_11)","decl":{"start":{"line":235,"column":8},"end":{"line":235,"column":37}},"loc":{"start":{"line":235,"column":37},"end":{"line":240,"column":null}},"line":235},"12":{"name":"(anonymous_12)","decl":{"start":{"line":244,"column":8},"end":{"line":244,"column":35}},"loc":{"start":{"line":244,"column":35},"end":{"line":249,"column":null}},"line":244},"13":{"name":"(anonymous_13)","decl":{"start":{"line":253,"column":8},"end":{"line":253,"column":46}},"loc":{"start":{"line":253,"column":46},"end":{"line":261,"column":null}},"line":253},"14":{"name":"(anonymous_14)","decl":{"start":{"line":265,"column":8},"end":{"line":265,"column":44}},"loc":{"start":{"line":265,"column":44},"end":{"line":275,"column":null}},"line":265},"15":{"name":"(anonymous_15)","decl":{"start":{"line":279,"column":8},"end":{"line":279,"column":15}},"loc":{"start":{"line":279,"column":58},"end":{"line":287,"column":null}},"line":279},"16":{"name":"(anonymous_16)","decl":{"start":{"line":287,"column":23},"end":{"line":287,"column":42}},"loc":{"start":{"line":287,"column":42},"end":{"line":287,"column":69}},"line":287},"17":{"name":"(anonymous_17)","decl":{"start":{"line":292,"column":8},"end":{"line":292,"column":31}},"loc":{"start":{"line":292,"column":31},"end":{"line":303,"column":null}},"line":292},"18":{"name":"(anonymous_18)","decl":{"start":{"line":313,"column":8},"end":{"line":313,"column":21}},"loc":{"start":{"line":313,"column":60},"end":{"line":316,"column":null}},"line":313},"19":{"name":"(anonymous_19)","decl":{"start":{"line":320,"column":8},"end":{"line":320,"column":24}},"loc":{"start":{"line":320,"column":72},"end":{"line":328,"column":null}},"line":320},"20":{"name":"(anonymous_20)","decl":{"start":{"line":328,"column":23},"end":{"line":328,"column":42}},"loc":{"start":{"line":328,"column":42},"end":{"line":328,"column":69}},"line":328},"21":{"name":"(anonymous_21)","decl":{"start":{"line":333,"column":8},"end":{"line":333,"column":22}},"loc":{"start":{"line":333,"column":73},"end":{"line":343,"column":null}},"line":333},"22":{"name":"(anonymous_22)","decl":{"start":{"line":341,"column":23},"end":{"line":341,"column":42}},"loc":{"start":{"line":341,"column":42},"end":{"line":341,"column":69}},"line":341},"23":{"name":"(anonymous_23)","decl":{"start":{"line":347,"column":8},"end":{"line":347,"column":25}},"loc":{"start":{"line":347,"column":73},"end":{"line":355,"column":null}},"line":347},"24":{"name":"(anonymous_24)","decl":{"start":{"line":355,"column":23},"end":{"line":355,"column":42}},"loc":{"start":{"line":355,"column":42},"end":{"line":355,"column":69}},"line":355},"25":{"name":"(anonymous_25)","decl":{"start":{"line":360,"column":8},"end":{"line":360,"column":null}},"loc":{"start":{"line":365,"column":29},"end":{"line":371,"column":null}},"line":365},"26":{"name":"(anonymous_26)","decl":{"start":{"line":375,"column":8},"end":{"line":375,"column":null}},"loc":{"start":{"line":381,"column":29},"end":{"line":387,"column":null}},"line":381},"27":{"name":"(anonymous_27)","decl":{"start":{"line":391,"column":8},"end":{"line":391,"column":null}},"loc":{"start":{"line":395,"column":19},"end":{"line":403,"column":null}},"line":395},"28":{"name":"(anonymous_28)","decl":{"start":{"line":403,"column":23},"end":{"line":403,"column":42}},"loc":{"start":{"line":403,"column":42},"end":{"line":403,"column":69}},"line":403},"29":{"name":"(anonymous_29)","decl":{"start":{"line":408,"column":8},"end":{"line":408,"column":24}},"loc":{"start":{"line":408,"column":75},"end":{"line":418,"column":null}},"line":408},"30":{"name":"(anonymous_30)","decl":{"start":{"line":416,"column":23},"end":{"line":416,"column":42}},"loc":{"start":{"line":416,"column":42},"end":{"line":416,"column":69}},"line":416},"31":{"name":"(anonymous_31)","decl":{"start":{"line":422,"column":8},"end":{"line":422,"column":27}},"loc":{"start":{"line":422,"column":75},"end":{"line":430,"column":null}},"line":422},"32":{"name":"(anonymous_32)","decl":{"start":{"line":430,"column":23},"end":{"line":430,"column":42}},"loc":{"start":{"line":430,"column":42},"end":{"line":430,"column":69}},"line":430},"33":{"name":"(anonymous_33)","decl":{"start":{"line":435,"column":8},"end":{"line":435,"column":null}},"loc":{"start":{"line":441,"column":29},"end":{"line":447,"column":null}},"line":441},"34":{"name":"(anonymous_34)","decl":{"start":{"line":451,"column":8},"end":{"line":451,"column":null}},"loc":{"start":{"line":457,"column":29},"end":{"line":463,"column":null}},"line":457},"35":{"name":"(anonymous_35)","decl":{"start":{"line":467,"column":8},"end":{"line":467,"column":18}},"loc":{"start":{"line":467,"column":47},"end":{"line":472,"column":null}},"line":467},"36":{"name":"(anonymous_36)","decl":{"start":{"line":476,"column":8},"end":{"line":476,"column":37}},"loc":{"start":{"line":476,"column":37},"end":{"line":481,"column":null}},"line":476},"37":{"name":"(anonymous_37)","decl":{"start":{"line":485,"column":8},"end":{"line":485,"column":53}},"loc":{"start":{"line":485,"column":53},"end":{"line":490,"column":null}},"line":485},"38":{"name":"(anonymous_38)","decl":{"start":{"line":494,"column":8},"end":{"line":494,"column":33}},"loc":{"start":{"line":494,"column":33},"end":{"line":502,"column":null}},"line":494},"39":{"name":"(anonymous_39)","decl":{"start":{"line":502,"column":23},"end":{"line":502,"column":42}},"loc":{"start":{"line":502,"column":42},"end":{"line":502,"column":69}},"line":502},"40":{"name":"(anonymous_40)","decl":{"start":{"line":507,"column":8},"end":{"line":507,"column":40}},"loc":{"start":{"line":507,"column":40},"end":{"line":512,"column":null}},"line":507},"41":{"name":"(anonymous_41)","decl":{"start":{"line":516,"column":8},"end":{"line":516,"column":44}},"loc":{"start":{"line":516,"column":44},"end":{"line":521,"column":null}},"line":516},"42":{"name":"(anonymous_42)","decl":{"start":{"line":525,"column":8},"end":{"line":525,"column":38}},"loc":{"start":{"line":525,"column":38},"end":{"line":530,"column":null}},"line":525},"43":{"name":"(anonymous_43)","decl":{"start":{"line":539,"column":8},"end":{"line":539,"column":null}},"loc":{"start":{"line":542,"column":21},"end":{"line":551,"column":null}},"line":542},"44":{"name":"(anonymous_44)","decl":{"start":{"line":549,"column":23},"end":{"line":549,"column":42}},"loc":{"start":{"line":549,"column":42},"end":{"line":549,"column":69}},"line":549},"45":{"name":"(anonymous_45)","decl":{"start":{"line":562,"column":8},"end":{"line":562,"column":18}},"loc":{"start":{"line":562,"column":65},"end":{"line":571,"column":null}},"line":562},"46":{"name":"(anonymous_46)","decl":{"start":{"line":569,"column":23},"end":{"line":569,"column":42}},"loc":{"start":{"line":569,"column":42},"end":{"line":569,"column":69}},"line":569},"47":{"name":"(anonymous_47)","decl":{"start":{"line":580,"column":8},"end":{"line":580,"column":18}},"loc":{"start":{"line":580,"column":65},"end":{"line":590,"column":null}},"line":580},"48":{"name":"(anonymous_48)","decl":{"start":{"line":588,"column":23},"end":{"line":588,"column":42}},"loc":{"start":{"line":588,"column":42},"end":{"line":588,"column":69}},"line":588},"49":{"name":"(anonymous_49)","decl":{"start":{"line":594,"column":8},"end":{"line":594,"column":31}},"loc":{"start":{"line":594,"column":31},"end":{"line":611,"column":null}},"line":594},"50":{"name":"(anonymous_50)","decl":{"start":{"line":605,"column":29},"end":{"line":605,"column":41}},"loc":{"start":{"line":605,"column":41},"end":{"line":605,"column":68}},"line":605},"51":{"name":"(anonymous_51)","decl":{"start":{"line":615,"column":2},"end":{"line":615,"column":10}},"loc":{"start":{"line":615,"column":29},"end":{"line":617,"column":null}},"line":615},"52":{"name":"(anonymous_52)","decl":{"start":{"line":621,"column":2},"end":{"line":621,"column":10}},"loc":{"start":{"line":621,"column":71},"end":{"line":625,"column":null}},"line":621}},"branchMap":{"0":{"loc":{"start":{"line":96,"column":4},"end":{"line":97,"column":null}},"type":"if","locations":[{"start":{"line":96,"column":4},"end":{"line":97,"column":null}},{"start":{},"end":{}}],"line":96},"1":{"loc":{"start":{"line":109,"column":4},"end":{"line":110,"column":null}},"type":"if","locations":[{"start":{"line":109,"column":4},"end":{"line":110,"column":null}},{"start":{},"end":{}}],"line":109},"2":{"loc":{"start":{"line":118,"column":4},"end":{"line":138,"column":null}},"type":"if","locations":[{"start":{"line":118,"column":4},"end":{"line":138,"column":null}},{"start":{"line":137,"column":11},"end":{"line":138,"column":null}}],"line":118},"3":{"loc":{"start":{"line":124,"column":6},"end":{"line":135,"column":null}},"type":"if","locations":[{"start":{"line":124,"column":6},"end":{"line":135,"column":null}},{"start":{"line":134,"column":13},"end":{"line":135,"column":null}}],"line":124},"4":{"loc":{"start":{"line":170,"column":4},"end":{"line":171,"column":null}},"type":"if","locations":[{"start":{"line":170,"column":4},"end":{"line":171,"column":null}},{"start":{},"end":{}}],"line":170},"5":{"loc":{"start":{"line":176,"column":20},"end":{"line":176,"column":null}},"type":"binary-expr","locations":[{"start":{"line":176,"column":20},"end":{"line":176,"column":28}},{"start":{"line":176,"column":28},"end":{"line":176,"column":null}}],"line":176},"6":{"loc":{"start":{"line":179,"column":4},"end":{"line":186,"column":null}},"type":"if","locations":[{"start":{"line":179,"column":4},"end":{"line":186,"column":null}},{"start":{"line":181,"column":15},"end":{"line":186,"column":null}}],"line":179},"7":{"loc":{"start":{"line":179,"column":8},"end":{"line":179,"column":27}},"type":"binary-expr","locations":[{"start":{"line":179,"column":8},"end":{"line":179,"column":19}},{"start":{"line":179,"column":19},"end":{"line":179,"column":27}}],"line":179},"8":{"loc":{"start":{"line":181,"column":15},"end":{"line":186,"column":null}},"type":"if","locations":[{"start":{"line":181,"column":15},"end":{"line":186,"column":null}},{"start":{"line":183,"column":15},"end":{"line":186,"column":null}}],"line":181},"9":{"loc":{"start":{"line":183,"column":15},"end":{"line":186,"column":null}},"type":"if","locations":[{"start":{"line":183,"column":15},"end":{"line":186,"column":null}},{"start":{"line":185,"column":11},"end":{"line":186,"column":null}}],"line":183},"10":{"loc":{"start":{"line":192,"column":4},"end":{"line":193,"column":null}},"type":"if","locations":[{"start":{"line":192,"column":4},"end":{"line":193,"column":null}},{"start":{},"end":{}}],"line":192},"11":{"loc":{"start":{"line":209,"column":4},"end":{"line":210,"column":null}},"type":"if","locations":[{"start":{"line":209,"column":4},"end":{"line":210,"column":null}},{"start":{},"end":{}}],"line":209},"12":{"loc":{"start":{"line":214,"column":19},"end":{"line":216,"column":36}},"type":"cond-expr","locations":[{"start":{"line":215,"column":8},"end":{"line":215,"column":54}},{"start":{"line":216,"column":8},"end":{"line":216,"column":36}}],"line":214},"13":{"loc":{"start":{"line":214,"column":19},"end":{"line":214,"column":null}},"type":"binary-expr","locations":[{"start":{"line":214,"column":19},"end":{"line":214,"column":27}},{"start":{"line":214,"column":27},"end":{"line":214,"column":null}}],"line":214},"14":{"loc":{"start":{"line":218,"column":4},"end":{"line":219,"column":null}},"type":"if","locations":[{"start":{"line":218,"column":4},"end":{"line":219,"column":null}},{"start":{},"end":{}}],"line":218},"15":{"loc":{"start":{"line":228,"column":4},"end":{"line":229,"column":null}},"type":"if","locations":[{"start":{"line":228,"column":4},"end":{"line":229,"column":null}},{"start":{},"end":{}}],"line":228},"16":{"loc":{"start":{"line":237,"column":4},"end":{"line":238,"column":null}},"type":"if","locations":[{"start":{"line":237,"column":4},"end":{"line":238,"column":null}},{"start":{},"end":{}}],"line":237},"17":{"loc":{"start":{"line":246,"column":4},"end":{"line":247,"column":null}},"type":"if","locations":[{"start":{"line":246,"column":4},"end":{"line":247,"column":null}},{"start":{},"end":{}}],"line":246},"18":{"loc":{"start":{"line":255,"column":4},"end":{"line":256,"column":null}},"type":"if","locations":[{"start":{"line":255,"column":4},"end":{"line":256,"column":null}},{"start":{},"end":{}}],"line":255},"19":{"loc":{"start":{"line":258,"column":4},"end":{"line":259,"column":null}},"type":"if","locations":[{"start":{"line":258,"column":4},"end":{"line":259,"column":null}},{"start":{},"end":{}}],"line":258},"20":{"loc":{"start":{"line":267,"column":4},"end":{"line":268,"column":null}},"type":"if","locations":[{"start":{"line":267,"column":4},"end":{"line":268,"column":null}},{"start":{},"end":{}}],"line":267},"21":{"loc":{"start":{"line":281,"column":4},"end":{"line":282,"column":null}},"type":"if","locations":[{"start":{"line":281,"column":4},"end":{"line":282,"column":null}},{"start":{},"end":{}}],"line":281},"22":{"loc":{"start":{"line":286,"column":4},"end":{"line":287,"column":null}},"type":"if","locations":[{"start":{"line":286,"column":4},"end":{"line":287,"column":null}},{"start":{},"end":{}}],"line":286},"23":{"loc":{"start":{"line":294,"column":4},"end":{"line":295,"column":null}},"type":"if","locations":[{"start":{"line":294,"column":4},"end":{"line":295,"column":null}},{"start":{},"end":{}}],"line":294},"24":{"loc":{"start":{"line":302,"column":4},"end":{"line":303,"column":null}},"type":"if","locations":[{"start":{"line":302,"column":4},"end":{"line":303,"column":null}},{"start":{},"end":{}}],"line":302},"25":{"loc":{"start":{"line":322,"column":4},"end":{"line":323,"column":null}},"type":"if","locations":[{"start":{"line":322,"column":4},"end":{"line":323,"column":null}},{"start":{},"end":{}}],"line":322},"26":{"loc":{"start":{"line":327,"column":4},"end":{"line":328,"column":null}},"type":"if","locations":[{"start":{"line":327,"column":4},"end":{"line":328,"column":null}},{"start":{},"end":{}}],"line":327},"27":{"loc":{"start":{"line":335,"column":4},"end":{"line":336,"column":null}},"type":"if","locations":[{"start":{"line":335,"column":4},"end":{"line":336,"column":null}},{"start":{},"end":{}}],"line":335},"28":{"loc":{"start":{"line":340,"column":4},"end":{"line":341,"column":null}},"type":"if","locations":[{"start":{"line":340,"column":4},"end":{"line":341,"column":null}},{"start":{},"end":{}}],"line":340},"29":{"loc":{"start":{"line":349,"column":4},"end":{"line":350,"column":null}},"type":"if","locations":[{"start":{"line":349,"column":4},"end":{"line":350,"column":null}},{"start":{},"end":{}}],"line":349},"30":{"loc":{"start":{"line":354,"column":4},"end":{"line":355,"column":null}},"type":"if","locations":[{"start":{"line":354,"column":4},"end":{"line":355,"column":null}},{"start":{},"end":{}}],"line":354},"31":{"loc":{"start":{"line":367,"column":4},"end":{"line":368,"column":null}},"type":"if","locations":[{"start":{"line":367,"column":4},"end":{"line":368,"column":null}},{"start":{},"end":{}}],"line":367},"32":{"loc":{"start":{"line":383,"column":4},"end":{"line":384,"column":null}},"type":"if","locations":[{"start":{"line":383,"column":4},"end":{"line":384,"column":null}},{"start":{},"end":{}}],"line":383},"33":{"loc":{"start":{"line":397,"column":4},"end":{"line":398,"column":null}},"type":"if","locations":[{"start":{"line":397,"column":4},"end":{"line":398,"column":null}},{"start":{},"end":{}}],"line":397},"34":{"loc":{"start":{"line":402,"column":4},"end":{"line":403,"column":null}},"type":"if","locations":[{"start":{"line":402,"column":4},"end":{"line":403,"column":null}},{"start":{},"end":{}}],"line":402},"35":{"loc":{"start":{"line":410,"column":4},"end":{"line":411,"column":null}},"type":"if","locations":[{"start":{"line":410,"column":4},"end":{"line":411,"column":null}},{"start":{},"end":{}}],"line":410},"36":{"loc":{"start":{"line":415,"column":4},"end":{"line":416,"column":null}},"type":"if","locations":[{"start":{"line":415,"column":4},"end":{"line":416,"column":null}},{"start":{},"end":{}}],"line":415},"37":{"loc":{"start":{"line":424,"column":4},"end":{"line":425,"column":null}},"type":"if","locations":[{"start":{"line":424,"column":4},"end":{"line":425,"column":null}},{"start":{},"end":{}}],"line":424},"38":{"loc":{"start":{"line":429,"column":4},"end":{"line":430,"column":null}},"type":"if","locations":[{"start":{"line":429,"column":4},"end":{"line":430,"column":null}},{"start":{},"end":{}}],"line":429},"39":{"loc":{"start":{"line":443,"column":4},"end":{"line":444,"column":null}},"type":"if","locations":[{"start":{"line":443,"column":4},"end":{"line":444,"column":null}},{"start":{},"end":{}}],"line":443},"40":{"loc":{"start":{"line":459,"column":4},"end":{"line":460,"column":null}},"type":"if","locations":[{"start":{"line":459,"column":4},"end":{"line":460,"column":null}},{"start":{},"end":{}}],"line":459},"41":{"loc":{"start":{"line":469,"column":4},"end":{"line":470,"column":null}},"type":"if","locations":[{"start":{"line":469,"column":4},"end":{"line":470,"column":null}},{"start":{},"end":{}}],"line":469},"42":{"loc":{"start":{"line":478,"column":4},"end":{"line":479,"column":null}},"type":"if","locations":[{"start":{"line":478,"column":4},"end":{"line":479,"column":null}},{"start":{},"end":{}}],"line":478},"43":{"loc":{"start":{"line":487,"column":4},"end":{"line":488,"column":null}},"type":"if","locations":[{"start":{"line":487,"column":4},"end":{"line":488,"column":null}},{"start":{},"end":{}}],"line":487},"44":{"loc":{"start":{"line":496,"column":4},"end":{"line":497,"column":null}},"type":"if","locations":[{"start":{"line":496,"column":4},"end":{"line":497,"column":null}},{"start":{},"end":{}}],"line":496},"45":{"loc":{"start":{"line":501,"column":4},"end":{"line":502,"column":null}},"type":"if","locations":[{"start":{"line":501,"column":4},"end":{"line":502,"column":null}},{"start":{},"end":{}}],"line":501},"46":{"loc":{"start":{"line":509,"column":4},"end":{"line":510,"column":null}},"type":"if","locations":[{"start":{"line":509,"column":4},"end":{"line":510,"column":null}},{"start":{},"end":{}}],"line":509},"47":{"loc":{"start":{"line":518,"column":4},"end":{"line":519,"column":null}},"type":"if","locations":[{"start":{"line":518,"column":4},"end":{"line":519,"column":null}},{"start":{},"end":{}}],"line":518},"48":{"loc":{"start":{"line":527,"column":4},"end":{"line":528,"column":null}},"type":"if","locations":[{"start":{"line":527,"column":4},"end":{"line":528,"column":null}},{"start":{},"end":{}}],"line":527},"49":{"loc":{"start":{"line":544,"column":4},"end":{"line":545,"column":null}},"type":"if","locations":[{"start":{"line":544,"column":4},"end":{"line":545,"column":null}},{"start":{},"end":{}}],"line":544},"50":{"loc":{"start":{"line":548,"column":4},"end":{"line":549,"column":null}},"type":"if","locations":[{"start":{"line":548,"column":4},"end":{"line":549,"column":null}},{"start":{},"end":{}}],"line":548},"51":{"loc":{"start":{"line":564,"column":4},"end":{"line":565,"column":null}},"type":"if","locations":[{"start":{"line":564,"column":4},"end":{"line":565,"column":null}},{"start":{},"end":{}}],"line":564},"52":{"loc":{"start":{"line":568,"column":4},"end":{"line":569,"column":null}},"type":"if","locations":[{"start":{"line":568,"column":4},"end":{"line":569,"column":null}},{"start":{},"end":{}}],"line":568},"53":{"loc":{"start":{"line":582,"column":4},"end":{"line":583,"column":null}},"type":"if","locations":[{"start":{"line":582,"column":4},"end":{"line":583,"column":null}},{"start":{},"end":{}}],"line":582},"54":{"loc":{"start":{"line":587,"column":4},"end":{"line":588,"column":null}},"type":"if","locations":[{"start":{"line":587,"column":4},"end":{"line":588,"column":null}},{"start":{},"end":{}}],"line":587},"55":{"loc":{"start":{"line":595,"column":4},"end":{"line":595,"column":null}},"type":"if","locations":[{"start":{"line":595,"column":4},"end":{"line":595,"column":null}},{"start":{},"end":{}}],"line":595},"56":{"loc":{"start":{"line":598,"column":4},"end":{"line":601,"column":null}},"type":"if","locations":[{"start":{"line":598,"column":4},"end":{"line":601,"column":null}},{"start":{},"end":{}}],"line":598},"57":{"loc":{"start":{"line":604,"column":4},"end":{"line":606,"column":null}},"type":"if","locations":[{"start":{"line":604,"column":4},"end":{"line":606,"column":null}},{"start":{},"end":{}}],"line":604},"58":{"loc":{"start":{"line":609,"column":4},"end":{"line":611,"column":null}},"type":"if","locations":[{"start":{"line":609,"column":4},"end":{"line":611,"column":null}},{"start":{},"end":{}}],"line":609},"59":{"loc":{"start":{"line":616,"column":4},"end":{"line":617,"column":null}},"type":"if","locations":[{"start":{"line":616,"column":4},"end":{"line":617,"column":null}},{"start":{},"end":{}}],"line":616},"60":{"loc":{"start":{"line":622,"column":4},"end":{"line":625,"column":null}},"type":"if","locations":[{"start":{"line":622,"column":4},"end":{"line":625,"column":null}},{"start":{},"end":{}}],"line":622}},"s":{"0":177,"1":177,"2":177,"3":177,"4":1,"5":0,"6":0,"7":0,"8":177,"9":17,"10":160,"11":160,"12":160,"13":24,"14":24,"15":24,"16":1,"17":1,"18":1,"19":1,"20":1,"21":23,"22":136,"23":160,"24":17,"25":17,"26":17,"27":27,"28":55,"29":55,"30":0,"31":53,"32":55,"33":55,"34":55,"35":1,"36":52,"37":3,"38":49,"39":1,"40":48,"41":52,"42":8,"43":0,"44":52,"45":4,"46":4,"47":0,"48":3,"49":4,"50":4,"51":1,"52":0,"53":3,"54":9,"55":9,"56":0,"57":8,"58":4,"59":4,"60":0,"61":3,"62":5,"63":5,"64":0,"65":4,"66":1,"67":1,"68":0,"69":1,"70":0,"71":1,"72":3,"73":3,"74":0,"75":2,"76":2,"77":2,"78":2,"79":0,"80":1,"81":1,"82":1,"83":0,"84":0,"85":2,"86":2,"87":0,"88":1,"89":1,"90":1,"91":0,"92":1,"93":1,"94":3,"95":3,"96":1,"97":2,"98":2,"99":2,"100":1,"101":0,"102":3,"103":3,"104":1,"105":2,"106":2,"107":2,"108":1,"109":0,"110":2,"111":3,"112":3,"113":1,"114":2,"115":2,"116":2,"117":1,"118":0,"119":4,"120":4,"121":1,"122":3,"123":3,"124":4,"125":4,"126":1,"127":3,"128":3,"129":4,"130":4,"131":1,"132":3,"133":3,"134":3,"135":0,"136":0,"137":1,"138":1,"139":0,"140":1,"141":1,"142":1,"143":0,"144":0,"145":1,"146":1,"147":1,"148":0,"149":1,"150":1,"151":1,"152":0,"153":0,"154":4,"155":4,"156":1,"157":3,"158":3,"159":3,"160":3,"161":0,"162":3,"163":3,"164":3,"165":3,"166":1,"167":1,"168":3,"169":3,"170":1,"171":1,"172":5,"173":5,"174":1,"175":3,"176":5,"177":5,"178":1,"179":3,"180":3,"181":3,"182":1,"183":0,"184":3,"185":3,"186":1,"187":1,"188":2,"189":2,"190":1,"191":1,"192":4,"193":4,"194":1,"195":2,"196":4,"197":4,"198":1,"199":3,"200":3,"201":1,"202":0,"203":3,"204":4,"205":4,"206":1,"207":3,"208":3,"209":1,"210":0,"211":3,"212":4,"213":4,"214":1,"215":3,"216":3,"217":3,"218":0,"219":0,"220":1,"221":179,"222":3,"223":176,"224":176,"225":17,"226":17,"227":17,"228":159,"229":24,"230":12,"231":24,"232":159,"233":159,"234":159,"235":153,"236":15,"237":29,"238":12},"f":{"0":177,"1":177,"2":0,"3":177,"4":177,"5":27,"6":55,"7":0,"8":4,"9":0,"10":9,"11":4,"12":5,"13":1,"14":3,"15":2,"16":0,"17":2,"18":1,"19":3,"20":0,"21":3,"22":0,"23":3,"24":0,"25":4,"26":4,"27":4,"28":0,"29":1,"30":0,"31":1,"32":0,"33":4,"34":3,"35":3,"36":3,"37":5,"38":5,"39":0,"40":3,"41":2,"42":4,"43":4,"44":0,"45":4,"46":0,"47":4,"48":0,"49":179,"50":12,"51":153,"52":29},"b":{"0":[0,0],"1":[17,160],"2":[24,136],"3":[1,23],"4":[0,55],"5":[55,4],"6":[1,52],"7":[55,4],"8":[3,49],"9":[1,48],"10":[8,44],"11":[0,4],"12":[1,2],"13":[4,1],"14":[1,3],"15":[0,9],"16":[0,4],"17":[0,5],"18":[0,1],"19":[0,1],"20":[0,3],"21":[0,2],"22":[0,1],"23":[0,2],"24":[0,1],"25":[1,2],"26":[1,1],"27":[1,2],"28":[1,1],"29":[1,2],"30":[1,1],"31":[1,3],"32":[1,3],"33":[1,3],"34":[0,3],"35":[0,1],"36":[0,1],"37":[0,1],"38":[0,1],"39":[1,3],"40":[0,3],"41":[1,2],"42":[1,2],"43":[1,4],"44":[1,4],"45":[1,2],"46":[1,2],"47":[1,1],"48":[1,3],"49":[1,3],"50":[1,2],"51":[1,3],"52":[1,2],"53":[1,3],"54":[0,3],"55":[3,176],"56":[17,159],"57":[24,135],"58":[159,0],"59":[15,138],"60":[12,17]},"meta":{"lastBranch":61,"lastFunction":53,"lastStatement":239,"seen":{"s:77:19:77:Infinity":0,"f:79:2:79:10":0,"s:84:4:84:Infinity":1,"s:85:4:85:Infinity":2,"s:86:4:86:Infinity":3,"f:90:9:90:27":1,"s:91:4:91:Infinity":4,"f:95:8:95:38":2,"b:96:4:97:Infinity:undefined:undefined:undefined:undefined":0,"s:96:4:97:Infinity":5,"s:97:6:97:Infinity":6,"s:99:4:99:Infinity":7,"f:108:15:108:22":3,"b:109:4:110:Infinity:undefined:undefined:undefined:undefined":1,"s:109:4:110:Infinity":8,"s:110:6:110:Infinity":9,"s:113:4:113:Infinity":10,"s:115:49:115:Infinity":11,"b:118:4:138:Infinity:137:11:138:Infinity":2,"s:118:4:138:Infinity":12,"s:119:6:122:Infinity":13,"s:123:23:123:47":14,"b:124:6:135:Infinity:134:13:135:Infinity":3,"s:124:6:135:Infinity":15,"s:125:8:132:Infinity":16,"s:126:10:126:Infinity":17,"s:128:10:130:Infinity":18,"s:131:10:131:Infinity":19,"s:132:10:132:Infinity":20,"s:135:8:135:Infinity":21,"s:138:6:138:Infinity":22,"s:141:4:141:Infinity":23,"f:144:23:144:Infinity":4,"s:147:18:147:35":24,"s:148:4:148:Infinity":25,"s:149:4:149:Infinity":26,"f:153:6:153:24":5,"s:154:4:154:Infinity":27,"f:164:8:164:Infinity":6,"s:168:4:168:Infinity":28,"b:170:4:171:Infinity:undefined:undefined:undefined:undefined":4,"s:170:4:171:Infinity":29,"s:171:6:171:Infinity":30,"s:174:17:174:Infinity":31,"s:175:19:175:Infinity":32,"s:176:20:176:Infinity":33,"b:176:20:176:28:176:28:176:Infinity":5,"b:179:4:186:Infinity:181:15:186:Infinity":6,"s:179:4:186:Infinity":34,"b:179:8:179:19:179:19:179:27":7,"s:180:6:180:Infinity":35,"b:181:15:186:Infinity:183:15:186:Infinity":8,"s:181:15:186:Infinity":36,"s:182:6:182:Infinity":37,"b:183:15:186:Infinity:185:11:186:Infinity":9,"s:183:15:186:Infinity":38,"s:184:6:184:Infinity":39,"s:186:6:186:Infinity":40,"b:192:4:193:Infinity:undefined:undefined:undefined:undefined":10,"s:192:4:193:Infinity":41,"s:193:6:193:Infinity":42,"f:193:23:193:42":7,"s:193:42:193:69":43,"s:196:4:196:Infinity":44,"f:206:8:206:19":8,"s:207:4:207:Infinity":45,"b:209:4:210:Infinity:undefined:undefined:undefined:undefined":11,"s:209:4:210:Infinity":46,"s:210:6:210:Infinity":47,"s:213:17:213:Infinity":48,"s:214:19:216:36":49,"b:215:8:215:54:216:8:216:36":12,"b:214:19:214:27:214:27:214:Infinity":13,"b:218:4:219:Infinity:undefined:undefined:undefined:undefined":14,"s:218:4:219:Infinity":50,"s:219:6:219:Infinity":51,"f:219:23:219:42":9,"s:219:42:219:69":52,"s:222:4:222:Infinity":53,"f:226:8:226:37":10,"s:227:4:227:Infinity":54,"b:228:4:229:Infinity:undefined:undefined:undefined:undefined":15,"s:228:4:229:Infinity":55,"s:229:6:229:Infinity":56,"s:231:4:231:Infinity":57,"f:235:8:235:37":11,"s:236:4:236:Infinity":58,"b:237:4:238:Infinity:undefined:undefined:undefined:undefined":16,"s:237:4:238:Infinity":59,"s:238:6:238:Infinity":60,"s:240:4:240:Infinity":61,"f:244:8:244:35":12,"s:245:4:245:Infinity":62,"b:246:4:247:Infinity:undefined:undefined:undefined:undefined":17,"s:246:4:247:Infinity":63,"s:247:6:247:Infinity":64,"s:249:4:249:Infinity":65,"f:253:8:253:46":13,"s:254:4:254:Infinity":66,"b:255:4:256:Infinity:undefined:undefined:undefined:undefined":18,"s:255:4:256:Infinity":67,"s:256:6:256:Infinity":68,"b:258:4:259:Infinity:undefined:undefined:undefined:undefined":19,"s:258:4:259:Infinity":69,"s:259:6:259:Infinity":70,"s:261:4:261:Infinity":71,"f:265:8:265:44":14,"s:266:4:266:Infinity":72,"b:267:4:268:Infinity:undefined:undefined:undefined:undefined":20,"s:267:4:268:Infinity":73,"s:268:6:268:Infinity":74,"s:270:17:270:44":75,"s:271:4:275:Infinity":76,"f:279:8:279:15":15,"s:280:4:280:Infinity":77,"b:281:4:282:Infinity:undefined:undefined:undefined:undefined":21,"s:281:4:282:Infinity":78,"s:282:6:282:Infinity":79,"s:284:4:284:Infinity":80,"s:285:4:285:Infinity":81,"b:286:4:287:Infinity:undefined:undefined:undefined:undefined":22,"s:286:4:287:Infinity":82,"s:287:6:287:Infinity":83,"f:287:23:287:42":16,"s:287:42:287:69":84,"f:292:8:292:31":17,"s:293:4:293:Infinity":85,"b:294:4:295:Infinity:undefined:undefined:undefined:undefined":23,"s:294:4:295:Infinity":86,"s:295:6:295:Infinity":87,"s:299:4:299:Infinity":88,"s:300:4:300:Infinity":89,"b:302:4:303:Infinity:undefined:undefined:undefined:undefined":24,"s:302:4:303:Infinity":90,"s:303:6:303:Infinity":91,"f:313:8:313:21":18,"s:314:4:314:Infinity":92,"s:316:4:316:Infinity":93,"f:320:8:320:24":19,"s:321:4:321:Infinity":94,"b:322:4:323:Infinity:undefined:undefined:undefined:undefined":25,"s:322:4:323:Infinity":95,"s:323:6:323:Infinity":96,"s:325:4:325:Infinity":97,"s:326:4:326:Infinity":98,"b:327:4:328:Infinity:undefined:undefined:undefined:undefined":26,"s:327:4:328:Infinity":99,"s:328:6:328:Infinity":100,"f:328:23:328:42":20,"s:328:42:328:69":101,"f:333:8:333:22":21,"s:334:4:334:Infinity":102,"b:335:4:336:Infinity:undefined:undefined:undefined:undefined":27,"s:335:4:336:Infinity":103,"s:336:6:336:Infinity":104,"s:338:4:338:Infinity":105,"s:339:20:339:61":106,"b:340:4:341:Infinity:undefined:undefined:undefined:undefined":28,"s:340:4:341:Infinity":107,"s:341:6:341:Infinity":108,"f:341:23:341:42":22,"s:341:42:341:69":109,"s:343:4:343:Infinity":110,"f:347:8:347:25":23,"s:348:4:348:Infinity":111,"b:349:4:350:Infinity:undefined:undefined:undefined:undefined":29,"s:349:4:350:Infinity":112,"s:350:6:350:Infinity":113,"s:352:4:352:Infinity":114,"s:353:4:353:Infinity":115,"b:354:4:355:Infinity:undefined:undefined:undefined:undefined":30,"s:354:4:355:Infinity":116,"s:355:6:355:Infinity":117,"f:355:23:355:42":24,"s:355:42:355:69":118,"f:360:8:360:Infinity":25,"s:366:4:366:Infinity":119,"b:367:4:368:Infinity:undefined:undefined:undefined:undefined":31,"s:367:4:368:Infinity":120,"s:368:6:368:Infinity":121,"s:370:4:370:Infinity":122,"s:371:4:371:Infinity":123,"f:375:8:375:Infinity":26,"s:382:4:382:Infinity":124,"b:383:4:384:Infinity:undefined:undefined:undefined:undefined":32,"s:383:4:384:Infinity":125,"s:384:6:384:Infinity":126,"s:386:4:386:Infinity":127,"s:387:4:387:Infinity":128,"f:391:8:391:Infinity":27,"s:396:4:396:Infinity":129,"b:397:4:398:Infinity:undefined:undefined:undefined:undefined":33,"s:397:4:398:Infinity":130,"s:398:6:398:Infinity":131,"s:400:4:400:Infinity":132,"s:401:4:401:Infinity":133,"b:402:4:403:Infinity:undefined:undefined:undefined:undefined":34,"s:402:4:403:Infinity":134,"s:403:6:403:Infinity":135,"f:403:23:403:42":28,"s:403:42:403:69":136,"f:408:8:408:24":29,"s:409:4:409:Infinity":137,"b:410:4:411:Infinity:undefined:undefined:undefined:undefined":35,"s:410:4:411:Infinity":138,"s:411:6:411:Infinity":139,"s:413:4:413:Infinity":140,"s:414:20:414:63":141,"b:415:4:416:Infinity:undefined:undefined:undefined:undefined":36,"s:415:4:416:Infinity":142,"s:416:6:416:Infinity":143,"f:416:23:416:42":30,"s:416:42:416:69":144,"s:418:4:418:Infinity":145,"f:422:8:422:27":31,"s:423:4:423:Infinity":146,"b:424:4:425:Infinity:undefined:undefined:undefined:undefined":37,"s:424:4:425:Infinity":147,"s:425:6:425:Infinity":148,"s:427:4:427:Infinity":149,"s:428:4:428:Infinity":150,"b:429:4:430:Infinity:undefined:undefined:undefined:undefined":38,"s:429:4:430:Infinity":151,"s:430:6:430:Infinity":152,"f:430:23:430:42":32,"s:430:42:430:69":153,"f:435:8:435:Infinity":33,"s:442:4:442:Infinity":154,"b:443:4:444:Infinity:undefined:undefined:undefined:undefined":39,"s:443:4:444:Infinity":155,"s:444:6:444:Infinity":156,"s:446:4:446:Infinity":157,"s:447:4:447:Infinity":158,"f:451:8:451:Infinity":34,"s:458:4:458:Infinity":159,"b:459:4:460:Infinity:undefined:undefined:undefined:undefined":40,"s:459:4:460:Infinity":160,"s:460:6:460:Infinity":161,"s:462:4:462:Infinity":162,"s:463:4:463:Infinity":163,"f:467:8:467:18":35,"s:468:4:468:Infinity":164,"b:469:4:470:Infinity:undefined:undefined:undefined:undefined":41,"s:469:4:470:Infinity":165,"s:470:6:470:Infinity":166,"s:472:4:472:Infinity":167,"f:476:8:476:37":36,"s:477:4:477:Infinity":168,"b:478:4:479:Infinity:undefined:undefined:undefined:undefined":42,"s:478:4:479:Infinity":169,"s:479:6:479:Infinity":170,"s:481:4:481:Infinity":171,"f:485:8:485:53":37,"s:486:4:486:Infinity":172,"b:487:4:488:Infinity:undefined:undefined:undefined:undefined":43,"s:487:4:488:Infinity":173,"s:488:6:488:Infinity":174,"s:490:4:490:Infinity":175,"f:494:8:494:33":38,"s:495:4:495:Infinity":176,"b:496:4:497:Infinity:undefined:undefined:undefined:undefined":44,"s:496:4:497:Infinity":177,"s:497:6:497:Infinity":178,"s:499:4:499:Infinity":179,"s:500:5:500:Infinity":180,"b:501:4:502:Infinity:undefined:undefined:undefined:undefined":45,"s:501:4:502:Infinity":181,"s:502:6:502:Infinity":182,"f:502:23:502:42":39,"s:502:42:502:69":183,"f:507:8:507:40":40,"s:508:4:508:Infinity":184,"b:509:4:510:Infinity:undefined:undefined:undefined:undefined":46,"s:509:4:510:Infinity":185,"s:510:6:510:Infinity":186,"s:512:4:512:Infinity":187,"f:516:8:516:44":41,"s:517:4:517:Infinity":188,"b:518:4:519:Infinity:undefined:undefined:undefined:undefined":47,"s:518:4:519:Infinity":189,"s:519:6:519:Infinity":190,"s:521:4:521:Infinity":191,"f:525:8:525:38":42,"s:526:4:526:Infinity":192,"b:527:4:528:Infinity:undefined:undefined:undefined:undefined":48,"s:527:4:528:Infinity":193,"s:528:6:528:Infinity":194,"s:530:4:530:Infinity":195,"f:539:8:539:Infinity":43,"s:543:4:543:Infinity":196,"b:544:4:545:Infinity:undefined:undefined:undefined:undefined":49,"s:544:4:545:Infinity":197,"s:545:6:545:Infinity":198,"s:547:18:547:54":199,"b:548:4:549:Infinity:undefined:undefined:undefined:undefined":50,"s:548:4:549:Infinity":200,"s:549:6:549:Infinity":201,"f:549:23:549:42":44,"s:549:42:549:69":202,"s:551:4:551:Infinity":203,"f:562:8:562:18":45,"s:563:4:563:Infinity":204,"b:564:4:565:Infinity:undefined:undefined:undefined:undefined":51,"s:564:4:565:Infinity":205,"s:565:6:565:Infinity":206,"s:567:19:567:45":207,"b:568:4:569:Infinity:undefined:undefined:undefined:undefined":52,"s:568:4:569:Infinity":208,"s:569:6:569:Infinity":209,"f:569:23:569:42":46,"s:569:42:569:69":210,"s:571:4:571:Infinity":211,"f:580:8:580:18":47,"s:581:4:581:Infinity":212,"b:582:4:583:Infinity:undefined:undefined:undefined:undefined":53,"s:582:4:583:Infinity":213,"s:583:6:583:Infinity":214,"s:585:4:585:Infinity":215,"s:586:19:586:45":216,"b:587:4:588:Infinity:undefined:undefined:undefined:undefined":54,"s:587:4:588:Infinity":217,"s:588:6:588:Infinity":218,"f:588:23:588:42":48,"s:588:42:588:69":219,"s:590:4:590:Infinity":220,"f:594:8:594:31":49,"b:595:4:595:Infinity:undefined:undefined:undefined:undefined":55,"s:595:4:595:Infinity":221,"s:595:21:595:Infinity":222,"s:596:4:596:Infinity":223,"b:598:4:601:Infinity:undefined:undefined:undefined:undefined":56,"s:598:4:601:Infinity":224,"s:599:6:599:Infinity":225,"s:600:6:600:Infinity":226,"s:601:6:601:Infinity":227,"b:604:4:606:Infinity:undefined:undefined:undefined:undefined":57,"s:604:4:606:Infinity":228,"s:605:6:605:Infinity":229,"f:605:29:605:41":50,"s:605:41:605:68":230,"s:606:6:606:Infinity":231,"b:609:4:611:Infinity:undefined:undefined:undefined:undefined":58,"s:609:4:611:Infinity":232,"s:610:6:610:Infinity":233,"s:611:6:611:Infinity":234,"f:615:2:615:10":51,"b:616:4:617:Infinity:undefined:undefined:undefined:undefined":59,"s:616:4:617:Infinity":235,"s:617:6:617:Infinity":236,"f:621:2:621:10":52,"b:622:4:625:Infinity:undefined:undefined:undefined:undefined":60,"s:622:4:625:Infinity":237,"s:623:6:625:Infinity":238}}}
,"H:\\GrafeoDB\\grafeo-web\\src\\lite.ts": {"path":"H:\\GrafeoDB\\grafeo-web\\src\\lite.ts","statementMap":{"0":{"start":{"line":34,"column":19},"end":{"line":34,"column":null}},"1":{"start":{"line":40,"column":4},"end":{"line":40,"column":null}},"2":{"start":{"line":41,"column":4},"end":{"line":41,"column":null}},"3":{"start":{"line":51,"column":4},"end":{"line":51,"column":null}},"4":{"start":{"line":53,"column":49},"end":{"line":53,"column":null}},"5":{"start":{"line":56,"column":4},"end":{"line":76,"column":null}},"6":{"start":{"line":57,"column":6},"end":{"line":60,"column":null}},"7":{"start":{"line":61,"column":23},"end":{"line":61,"column":47}},"8":{"start":{"line":62,"column":6},"end":{"line":73,"column":null}},"9":{"start":{"line":63,"column":8},"end":{"line":70,"column":null}},"10":{"start":{"line":64,"column":10},"end":{"line":64,"column":null}},"11":{"start":{"line":66,"column":10},"end":{"line":68,"column":null}},"12":{"start":{"line":69,"column":10},"end":{"line":69,"column":null}},"13":{"start":{"line":70,"column":10},"end":{"line":70,"column":null}},"14":{"start":{"line":73,"column":8},"end":{"line":73,"column":null}},"15":{"start":{"line":76,"column":6},"end":{"line":76,"column":null}},"16":{"start":{"line":79,"column":4},"end":{"line":79,"column":null}},"17":{"start":{"line":84,"column":4},"end":{"line":84,"column":null}},"18":{"start":{"line":92,"column":4},"end":{"line":92,"column":null}},"19":{"start":{"line":93,"column":19},"end":{"line":93,"column":null}},"20":{"start":{"line":94,"column":19},"end":{"line":96,"column":33}},"21":{"start":{"line":101,"column":4},"end":{"line":102,"column":null}},"22":{"start":{"line":102,"column":6},"end":{"line":102,"column":null}},"23":{"start":{"line":102,"column":42},"end":{"line":102,"column":69}},"24":{"start":{"line":105,"column":4},"end":{"line":105,"column":null}},"25":{"start":{"line":110,"column":4},"end":{"line":110,"column":null}},"26":{"start":{"line":111,"column":19},"end":{"line":111,"column":47}},"27":{"start":{"line":113,"column":4},"end":{"line":114,"column":null}},"28":{"start":{"line":114,"column":6},"end":{"line":114,"column":null}},"29":{"start":{"line":114,"column":42},"end":{"line":114,"column":69}},"30":{"start":{"line":117,"column":4},"end":{"line":117,"column":null}},"31":{"start":{"line":122,"column":4},"end":{"line":122,"column":null}},"32":{"start":{"line":123,"column":4},"end":{"line":123,"column":null}},"33":{"start":{"line":128,"column":4},"end":{"line":128,"column":null}},"34":{"start":{"line":129,"column":4},"end":{"line":129,"column":null}},"35":{"start":{"line":134,"column":4},"end":{"line":134,"column":null}},"36":{"start":{"line":135,"column":4},"end":{"line":135,"column":null}},"37":{"start":{"line":140,"column":4},"end":{"line":140,"column":null}},"38":{"start":{"line":141,"column":4},"end":{"line":141,"column":null}},"39":{"start":{"line":146,"column":4},"end":{"line":146,"column":null}},"40":{"start":{"line":147,"column":4},"end":{"line":147,"column":null}},"41":{"start":{"line":152,"column":4},"end":{"line":152,"column":null}},"42":{"start":{"line":153,"column":4},"end":{"line":153,"column":null}},"43":{"start":{"line":158,"column":4},"end":{"line":158,"column":null}},"44":{"start":{"line":159,"column":4},"end":{"line":159,"column":null}},"45":{"start":{"line":164,"column":4},"end":{"line":164,"column":null}},"46":{"start":{"line":165,"column":4},"end":{"line":165,"column":null}},"47":{"start":{"line":170,"column":4},"end":{"line":170,"column":null}},"48":{"start":{"line":171,"column":4},"end":{"line":172,"column":null}},"49":{"start":{"line":172,"column":6},"end":{"line":172,"column":null}},"50":{"start":{"line":174,"column":4},"end":{"line":174,"column":null}},"51":{"start":{"line":179,"column":4},"end":{"line":179,"column":null}},"52":{"start":{"line":180,"column":17},"end":{"line":180,"column":44}},"53":{"start":{"line":181,"column":4},"end":{"line":181,"column":null}},"54":{"start":{"line":186,"column":4},"end":{"line":186,"column":null}},"55":{"start":{"line":187,"column":4},"end":{"line":187,"column":null}},"56":{"start":{"line":188,"column":4},"end":{"line":188,"column":null}},"57":{"start":{"line":189,"column":4},"end":{"line":190,"column":null}},"58":{"start":{"line":190,"column":6},"end":{"line":190,"column":null}},"59":{"start":{"line":190,"column":42},"end":{"line":190,"column":69}},"60":{"start":{"line":196,"column":4},"end":{"line":196,"column":null}},"61":{"start":{"line":197,"column":4},"end":{"line":197,"column":null}},"62":{"start":{"line":198,"column":4},"end":{"line":198,"column":null}},"63":{"start":{"line":199,"column":4},"end":{"line":200,"column":null}},"64":{"start":{"line":200,"column":6},"end":{"line":200,"column":null}},"65":{"start":{"line":206,"column":4},"end":{"line":206,"column":null}},"66":{"start":{"line":207,"column":4},"end":{"line":207,"column":null}},"67":{"start":{"line":212,"column":4},"end":{"line":212,"column":null}},"68":{"start":{"line":212,"column":21},"end":{"line":212,"column":null}},"69":{"start":{"line":213,"column":4},"end":{"line":213,"column":null}},"70":{"start":{"line":215,"column":4},"end":{"line":217,"column":null}},"71":{"start":{"line":216,"column":6},"end":{"line":216,"column":null}},"72":{"start":{"line":216,"column":41},"end":{"line":216,"column":68}},"73":{"start":{"line":217,"column":6},"end":{"line":217,"column":null}},"74":{"start":{"line":220,"column":4},"end":{"line":222,"column":null}},"75":{"start":{"line":221,"column":6},"end":{"line":221,"column":null}},"76":{"start":{"line":222,"column":6},"end":{"line":222,"column":null}},"77":{"start":{"line":227,"column":4},"end":{"line":228,"column":null}},"78":{"start":{"line":228,"column":6},"end":{"line":228,"column":null}}},"fnMap":{"0":{"name":"(anonymous_0)","decl":{"start":{"line":36,"column":2},"end":{"line":36,"column":10}},"loc":{"start":{"line":39,"column":4},"end":{"line":41,"column":null}},"line":39},"1":{"name":"(anonymous_1)","decl":{"start":{"line":50,"column":15},"end":{"line":50,"column":22}},"loc":{"start":{"line":50,"column":66},"end":{"line":79,"column":null}},"line":50},"2":{"name":"(anonymous_2)","decl":{"start":{"line":83,"column":6},"end":{"line":83,"column":24}},"loc":{"start":{"line":83,"column":24},"end":{"line":84,"column":null}},"line":83},"3":{"name":"(anonymous_3)","decl":{"start":{"line":88,"column":8},"end":{"line":88,"column":null}},"loc":{"start":{"line":91,"column":40},"end":{"line":105,"column":null}},"line":91},"4":{"name":"(anonymous_4)","decl":{"start":{"line":102,"column":23},"end":{"line":102,"column":42}},"loc":{"start":{"line":102,"column":42},"end":{"line":102,"column":69}},"line":102},"5":{"name":"(anonymous_5)","decl":{"start":{"line":109,"column":8},"end":{"line":109,"column":19}},"loc":{"start":{"line":109,"column":59},"end":{"line":117,"column":null}},"line":109},"6":{"name":"(anonymous_6)","decl":{"start":{"line":114,"column":23},"end":{"line":114,"column":42}},"loc":{"start":{"line":114,"column":42},"end":{"line":114,"column":69}},"line":114},"7":{"name":"(anonymous_7)","decl":{"start":{"line":121,"column":8},"end":{"line":121,"column":37}},"loc":{"start":{"line":121,"column":37},"end":{"line":123,"column":null}},"line":121},"8":{"name":"(anonymous_8)","decl":{"start":{"line":127,"column":8},"end":{"line":127,"column":37}},"loc":{"start":{"line":127,"column":37},"end":{"line":129,"column":null}},"line":127},"9":{"name":"(anonymous_9)","decl":{"start":{"line":133,"column":8},"end":{"line":133,"column":35}},"loc":{"start":{"line":133,"column":35},"end":{"line":135,"column":null}},"line":133},"10":{"name":"(anonymous_10)","decl":{"start":{"line":139,"column":8},"end":{"line":139,"column":18}},"loc":{"start":{"line":139,"column":47},"end":{"line":141,"column":null}},"line":139},"11":{"name":"(anonymous_11)","decl":{"start":{"line":145,"column":8},"end":{"line":145,"column":37}},"loc":{"start":{"line":145,"column":37},"end":{"line":147,"column":null}},"line":145},"12":{"name":"(anonymous_12)","decl":{"start":{"line":151,"column":8},"end":{"line":151,"column":53}},"loc":{"start":{"line":151,"column":53},"end":{"line":153,"column":null}},"line":151},"13":{"name":"(anonymous_13)","decl":{"start":{"line":157,"column":8},"end":{"line":157,"column":40}},"loc":{"start":{"line":157,"column":40},"end":{"line":159,"column":null}},"line":157},"14":{"name":"(anonymous_14)","decl":{"start":{"line":163,"column":8},"end":{"line":163,"column":38}},"loc":{"start":{"line":163,"column":38},"end":{"line":165,"column":null}},"line":163},"15":{"name":"(anonymous_15)","decl":{"start":{"line":169,"column":8},"end":{"line":169,"column":46}},"loc":{"start":{"line":169,"column":46},"end":{"line":174,"column":null}},"line":169},"16":{"name":"(anonymous_16)","decl":{"start":{"line":178,"column":8},"end":{"line":178,"column":44}},"loc":{"start":{"line":178,"column":44},"end":{"line":181,"column":null}},"line":178},"17":{"name":"(anonymous_17)","decl":{"start":{"line":185,"column":8},"end":{"line":185,"column":15}},"loc":{"start":{"line":185,"column":58},"end":{"line":190,"column":null}},"line":185},"18":{"name":"(anonymous_18)","decl":{"start":{"line":190,"column":23},"end":{"line":190,"column":42}},"loc":{"start":{"line":190,"column":42},"end":{"line":190,"column":69}},"line":190},"19":{"name":"(anonymous_19)","decl":{"start":{"line":195,"column":8},"end":{"line":195,"column":31}},"loc":{"start":{"line":195,"column":31},"end":{"line":200,"column":null}},"line":195},"20":{"name":"(anonymous_20)","decl":{"start":{"line":205,"column":8},"end":{"line":205,"column":21}},"loc":{"start":{"line":205,"column":60},"end":{"line":207,"column":null}},"line":205},"21":{"name":"(anonymous_21)","decl":{"start":{"line":211,"column":8},"end":{"line":211,"column":31}},"loc":{"start":{"line":211,"column":31},"end":{"line":222,"column":null}},"line":211},"22":{"name":"(anonymous_22)","decl":{"start":{"line":216,"column":29},"end":{"line":216,"column":41}},"loc":{"start":{"line":216,"column":41},"end":{"line":216,"column":68}},"line":216},"23":{"name":"(anonymous_23)","decl":{"start":{"line":226,"column":2},"end":{"line":226,"column":10}},"loc":{"start":{"line":226,"column":29},"end":{"line":228,"column":null}},"line":226}},"branchMap":{"0":{"loc":{"start":{"line":56,"column":4},"end":{"line":76,"column":null}},"type":"if","locations":[{"start":{"line":56,"column":4},"end":{"line":76,"column":null}},{"start":{"line":75,"column":11},"end":{"line":76,"column":null}}],"line":56},"1":{"loc":{"start":{"line":62,"column":6},"end":{"line":73,"column":null}},"type":"if","locations":[{"start":{"line":62,"column":6},"end":{"line":73,"column":null}},{"start":{"line":72,"column":13},"end":{"line":73,"column":null}}],"line":62},"2":{"loc":{"start":{"line":94,"column":19},"end":{"line":96,"column":33}},"type":"cond-expr","locations":[{"start":{"line":95,"column":8},"end":{"line":95,"column":51}},{"start":{"line":96,"column":8},"end":{"line":96,"column":33}}],"line":94},"3":{"loc":{"start":{"line":101,"column":4},"end":{"line":102,"column":null}},"type":"if","locations":[{"start":{"line":101,"column":4},"end":{"line":102,"column":null}},{"start":{},"end":{}}],"line":101},"4":{"loc":{"start":{"line":113,"column":4},"end":{"line":114,"column":null}},"type":"if","locations":[{"start":{"line":113,"column":4},"end":{"line":114,"column":null}},{"start":{},"end":{}}],"line":113},"5":{"loc":{"start":{"line":171,"column":4},"end":{"line":172,"column":null}},"type":"if","locations":[{"start":{"line":171,"column":4},"end":{"line":172,"column":null}},{"start":{},"end":{}}],"line":171},"6":{"loc":{"start":{"line":189,"column":4},"end":{"line":190,"column":null}},"type":"if","locations":[{"start":{"line":189,"column":4},"end":{"line":190,"column":null}},{"start":{},"end":{}}],"line":189},"7":{"loc":{"start":{"line":199,"column":4},"end":{"line":200,"column":null}},"type":"if","locations":[{"start":{"line":199,"column":4},"end":{"line":200,"column":null}},{"start":{},"end":{}}],"line":199},"8":{"loc":{"start":{"line":212,"column":4},"end":{"line":212,"column":null}},"type":"if","locations":[{"start":{"line":212,"column":4},"end":{"line":212,"column":null}},{"start":{},"end":{}}],"line":212},"9":{"loc":{"start":{"line":215,"column":4},"end":{"line":217,"column":null}},"type":"if","locations":[{"start":{"line":215,"column":4},"end":{"line":217,"column":null}},{"start":{},"end":{}}],"line":215},"10":{"loc":{"start":{"line":220,"column":4},"end":{"line":222,"column":null}},"type":"if","locations":[{"start":{"line":220,"column":4},"end":{"line":222,"column":null}},{"start":{},"end":{}}],"line":220},"11":{"loc":{"start":{"line":227,"column":4},"end":{"line":228,"column":null}},"type":"if","locations":[{"start":{"line":227,"column":4},"end":{"line":228,"column":null}},{"start":{},"end":{}}],"line":227}},"s":{"0":32,"1":32,"2":32,"3":32,"4":32,"5":32,"6":2,"7":2,"8":2,"9":1,"10":1,"11":1,"12":1,"13":1,"14":1,"15":30,"16":32,"17":5,"18":16,"19":16,"20":16,"21":16,"22":1,"23":0,"24":14,"25":1,"26":1,"27":1,"28":0,"29":0,"30":1,"31":6,"32":6,"33":2,"34":2,"35":0,"36":0,"37":2,"38":2,"39":1,"40":1,"41":3,"42":3,"43":1,"44":1,"45":2,"46":2,"47":0,"48":0,"49":0,"50":0,"51":1,"52":1,"53":1,"54":1,"55":1,"56":1,"57":1,"58":0,"59":0,"60":1,"61":1,"62":1,"63":1,"64":0,"65":0,"66":0,"67":33,"68":1,"69":32,"70":32,"71":2,"72":1,"73":2,"74":32,"75":32,"76":32,"77":37,"78":3},"f":{"0":32,"1":32,"2":5,"3":16,"4":0,"5":1,"6":0,"7":6,"8":2,"9":0,"10":2,"11":1,"12":3,"13":1,"14":2,"15":0,"16":1,"17":1,"18":0,"19":1,"20":0,"21":33,"22":1,"23":37},"b":{"0":[2,30],"1":[1,1],"2":[1,14],"3":[1,15],"4":[0,1],"5":[0,0],"6":[0,1],"7":[0,1],"8":[1,32],"9":[2,30],"10":[32,0],"11":[3,34]},"meta":{"lastBranch":12,"lastFunction":24,"lastStatement":79,"seen":{"s:34:19:34:Infinity":0,"f:36:2:36:10":0,"s:40:4:40:Infinity":1,"s:41:4:41:Infinity":2,"f:50:15:50:22":1,"s:51:4:51:Infinity":3,"s:53:49:53:Infinity":4,"b:56:4:76:Infinity:75:11:76:Infinity":0,"s:56:4:76:Infinity":5,"s:57:6:60:Infinity":6,"s:61:23:61:47":7,"b:62:6:73:Infinity:72:13:73:Infinity":1,"s:62:6:73:Infinity":8,"s:63:8:70:Infinity":9,"s:64:10:64:Infinity":10,"s:66:10:68:Infinity":11,"s:69:10:69:Infinity":12,"s:70:10:70:Infinity":13,"s:73:8:73:Infinity":14,"s:76:6:76:Infinity":15,"s:79:4:79:Infinity":16,"f:83:6:83:24":2,"s:84:4:84:Infinity":17,"f:88:8:88:Infinity":3,"s:92:4:92:Infinity":18,"s:93:19:93:Infinity":19,"s:94:19:96:33":20,"b:95:8:95:51:96:8:96:33":2,"b:101:4:102:Infinity:undefined:undefined:undefined:undefined":3,"s:101:4:102:Infinity":21,"s:102:6:102:Infinity":22,"f:102:23:102:42":4,"s:102:42:102:69":23,"s:105:4:105:Infinity":24,"f:109:8:109:19":5,"s:110:4:110:Infinity":25,"s:111:19:111:47":26,"b:113:4:114:Infinity:undefined:undefined:undefined:undefined":4,"s:113:4:114:Infinity":27,"s:114:6:114:Infinity":28,"f:114:23:114:42":6,"s:114:42:114:69":29,"s:117:4:117:Infinity":30,"f:121:8:121:37":7,"s:122:4:122:Infinity":31,"s:123:4:123:Infinity":32,"f:127:8:127:37":8,"s:128:4:128:Infinity":33,"s:129:4:129:Infinity":34,"f:133:8:133:35":9,"s:134:4:134:Infinity":35,"s:135:4:135:Infinity":36,"f:139:8:139:18":10,"s:140:4:140:Infinity":37,"s:141:4:141:Infinity":38,"f:145:8:145:37":11,"s:146:4:146:Infinity":39,"s:147:4:147:Infinity":40,"f:151:8:151:53":12,"s:152:4:152:Infinity":41,"s:153:4:153:Infinity":42,"f:157:8:157:40":13,"s:158:4:158:Infinity":43,"s:159:4:159:Infinity":44,"f:163:8:163:38":14,"s:164:4:164:Infinity":45,"s:165:4:165:Infinity":46,"f:169:8:169:46":15,"s:170:4:170:Infinity":47,"b:171:4:172:Infinity:undefined:undefined:undefined:undefined":5,"s:171:4:172:Infinity":48,"s:172:6:172:Infinity":49,"s:174:4:174:Infinity":50,"f:178:8:178:44":16,"s:179:4:179:Infinity":51,"s:180:17:180:44":52,"s:181:4:181:Infinity":53,"f:185:8:185:15":17,"s:186:4:186:Infinity":54,"s:187:4:187:Infinity":55,"s:188:4:188:Infinity":56,"b:189:4:190:Infinity:undefined:undefined:undefined:undefined":6,"s:189:4:190:Infinity":57,"s:190:6:190:Infinity":58,"f:190:23:190:42":18,"s:190:42:190:69":59,"f:195:8:195:31":19,"s:196:4:196:Infinity":60,"s:197:4:197:Infinity":61,"s:198:4:198:Infinity":62,"b:199:4:200:Infinity:undefined:undefined:undefined:undefined":7,"s:199:4:200:Infinity":63,"s:200:6:200:Infinity":64,"f:205:8:205:21":20,"s:206:4:206:Infinity":65,"s:207:4:207:Infinity":66,"f:211:8:211:31":21,"b:212:4:212:Infinity:undefined:undefined:undefined:undefined":8,"s:212:4:212:Infinity":67,"s:212:21:212:Infinity":68,"s:213:4:213:Infinity":69,"b:215:4:217:Infinity:undefined:undefined:undefined:undefined":9,"s:215:4:217:Infinity":70,"s:216:6:216:Infinity":71,"f:216:29:216:41":22,"s:216:41:216:68":72,"s:217:6:217:Infinity":73,"b:220:4:222:Infinity:undefined:undefined:undefined:undefined":10,"s:220:4:222:Infinity":74,"s:221:6:221:Infinity":75,"s:222:6:222:Infinity":76,"f:226:2:226:10":23,"b:227:4:228:Infinity:undefined:undefined:undefined:undefined":11,"s:227:4:228:Infinity":77,"s:228:6:228:Infinity":78}}}
,"H:\\GrafeoDB\\grafeo-web\\src\\persistence.ts": {"path":"H:\\GrafeoDB\\grafeo-web\\src\\persistence.ts","statementMap":{"0":{"start":{"line":3,"column":16},"end":{"line":3,"column":null}},"1":{"start":{"line":4,"column":19},"end":{"line":4,"column":null}},"2":{"start":{"line":5,"column":19},"end":{"line":5,"column":null}},"3":{"start":{"line":6,"column":33},"end":{"line":6,"column":null}},"4":{"start":{"line":15,"column":2},"end":{"line":27,"column":null}},"5":{"start":{"line":16,"column":20},"end":{"line":16,"column":55}},"6":{"start":{"line":18,"column":4},"end":{"line":21,"column":null}},"7":{"start":{"line":19,"column":17},"end":{"line":19,"column":null}},"8":{"start":{"line":20,"column":6},"end":{"line":21,"column":null}},"9":{"start":{"line":21,"column":8},"end":{"line":21,"column":null}},"10":{"start":{"line":25,"column":4},"end":{"line":25,"column":null}},"11":{"start":{"line":25,"column":30},"end":{"line":25,"column":53}},"12":{"start":{"line":26,"column":4},"end":{"line":26,"column":null}},"13":{"start":{"line":26,"column":28},"end":{"line":26,"column":49}},"14":{"start":{"line":31,"column":2},"end":{"line":34,"column":null}},"15":{"start":{"line":32,"column":4},"end":{"line":32,"column":null}},"16":{"start":{"line":32,"column":30},"end":{"line":32,"column":53}},"17":{"start":{"line":33,"column":4},"end":{"line":33,"column":null}},"18":{"start":{"line":33,"column":28},"end":{"line":33,"column":49}},"19":{"start":{"line":45,"column":56},"end":{"line":45,"column":null}},"20":{"start":{"line":46,"column":18},"end":{"line":46,"column":null}},"21":{"start":{"line":54,"column":4},"end":{"line":54,"column":null}},"22":{"start":{"line":55,"column":4},"end":{"line":55,"column":null}},"23":{"start":{"line":56,"column":4},"end":{"line":56,"column":null}},"24":{"start":{"line":56,"column":40},"end":{"line":56,"column":93}},"25":{"start":{"line":61,"column":15},"end":{"line":61,"column":35}},"26":{"start":{"line":62,"column":4},"end":{"line":70,"column":null}},"27":{"start":{"line":63,"column":17},"end":{"line":63,"column":55}},"28":{"start":{"line":64,"column":20},"end":{"line":64,"column":46}},"29":{"start":{"line":65,"column":21},"end":{"line":66,"column":null}},"30":{"start":{"line":68,"column":6},"end":{"line":68,"column":null}},"31":{"start":{"line":70,"column":6},"end":{"line":70,"column":null}},"32":{"start":{"line":76,"column":15},"end":{"line":76,"column":35}},"33":{"start":{"line":77,"column":4},"end":{"line":87,"column":null}},"34":{"start":{"line":78,"column":17},"end":{"line":78,"column":56}},"35":{"start":{"line":79,"column":20},"end":{"line":79,"column":46}},"36":{"start":{"line":80,"column":37},"end":{"line":84,"column":null}},"37":{"start":{"line":85,"column":6},"end":{"line":85,"column":null}},"38":{"start":{"line":87,"column":6},"end":{"line":87,"column":null}},"39":{"start":{"line":96,"column":4},"end":{"line":96,"column":null}},"40":{"start":{"line":98,"column":4},"end":{"line":99,"column":null}},"41":{"start":{"line":99,"column":6},"end":{"line":99,"column":null}},"42":{"start":{"line":102,"column":4},"end":{"line":113,"column":null}},"43":{"start":{"line":103,"column":6},"end":{"line":103,"column":null}},"44":{"start":{"line":104,"column":6},"end":{"line":110,"column":null}},"45":{"start":{"line":105,"column":8},"end":{"line":105,"column":null}},"46":{"start":{"line":106,"column":8},"end":{"line":110,"column":null}},"47":{"start":{"line":107,"column":27},"end":{"line":107,"column":40}},"48":{"start":{"line":108,"column":10},"end":{"line":108,"column":null}},"49":{"start":{"line":110,"column":10},"end":{"line":110,"column":null}},"50":{"start":{"line":118,"column":4},"end":{"line":120,"column":null}},"51":{"start":{"line":119,"column":6},"end":{"line":119,"column":null}},"52":{"start":{"line":120,"column":6},"end":{"line":120,"column":null}},"53":{"start":{"line":122,"column":4},"end":{"line":125,"column":null}},"54":{"start":{"line":123,"column":6},"end":{"line":123,"column":null}},"55":{"start":{"line":124,"column":23},"end":{"line":124,"column":36}},"56":{"start":{"line":125,"column":6},"end":{"line":125,"column":null}},"57":{"start":{"line":131,"column":4},"end":{"line":133,"column":null}},"58":{"start":{"line":132,"column":6},"end":{"line":132,"column":null}},"59":{"start":{"line":133,"column":6},"end":{"line":133,"column":null}},"60":{"start":{"line":135,"column":4},"end":{"line":135,"column":null}},"61":{"start":{"line":137,"column":15},"end":{"line":137,"column":35}},"62":{"start":{"line":138,"column":4},"end":{"line":143,"column":null}},"63":{"start":{"line":139,"column":17},"end":{"line":139,"column":56}},"64":{"start":{"line":140,"column":20},"end":{"line":140,"column":46}},"65":{"start":{"line":141,"column":6},"end":{"line":141,"column":null}},"66":{"start":{"line":143,"column":6},"end":{"line":143,"column":null}},"67":{"start":{"line":149,"column":4},"end":{"line":154,"column":null}},"68":{"start":{"line":150,"column":23},"end":{"line":150,"column":57}},"69":{"start":{"line":151,"column":6},"end":{"line":154,"column":null}},"70":{"start":{"line":156,"column":4},"end":{"line":156,"column":null}}},"fnMap":{"0":{"name":"openDatabase","decl":{"start":{"line":14,"column":9},"end":{"line":14,"column":46}},"loc":{"start":{"line":14,"column":46},"end":{"line":27,"column":null}},"line":14},"1":{"name":"(anonymous_1)","decl":{"start":{"line":15,"column":13},"end":{"line":15,"column":22}},"loc":{"start":{"line":15,"column":42},"end":{"line":27,"column":null}},"line":15},"2":{"name":"(anonymous_2)","decl":{"start":{"line":18,"column":12},"end":{"line":18,"column":36}},"loc":{"start":{"line":18,"column":36},"end":{"line":21,"column":null}},"line":18},"3":{"name":"(anonymous_3)","decl":{"start":{"line":25,"column":12},"end":{"line":25,"column":30}},"loc":{"start":{"line":25,"column":30},"end":{"line":25,"column":53}},"line":25},"4":{"name":"(anonymous_4)","decl":{"start":{"line":26,"column":12},"end":{"line":26,"column":28}},"loc":{"start":{"line":26,"column":28},"end":{"line":26,"column":49}},"line":26},"5":{"name":"idbRequest","decl":{"start":{"line":30,"column":9},"end":{"line":30,"column":23}},"loc":{"start":{"line":30,"column":59},"end":{"line":34,"column":null}},"line":30},"6":{"name":"(anonymous_6)","decl":{"start":{"line":31,"column":13},"end":{"line":31,"column":22}},"loc":{"start":{"line":31,"column":42},"end":{"line":34,"column":null}},"line":31},"7":{"name":"(anonymous_7)","decl":{"start":{"line":32,"column":12},"end":{"line":32,"column":30}},"loc":{"start":{"line":32,"column":30},"end":{"line":32,"column":53}},"line":32},"8":{"name":"(anonymous_8)","decl":{"start":{"line":33,"column":12},"end":{"line":33,"column":28}},"loc":{"start":{"line":33,"column":28},"end":{"line":33,"column":49}},"line":33},"9":{"name":"(anonymous_9)","decl":{"start":{"line":49,"column":2},"end":{"line":49,"column":null}},"loc":{"start":{"line":53,"column":4},"end":{"line":56,"column":null}},"line":53},"10":{"name":"(anonymous_10)","decl":{"start":{"line":56,"column":19},"end":{"line":56,"column":32}},"loc":{"start":{"line":56,"column":40},"end":{"line":56,"column":93}},"line":56},"11":{"name":"(anonymous_11)","decl":{"start":{"line":60,"column":8},"end":{"line":60,"column":43}},"loc":{"start":{"line":60,"column":43},"end":{"line":70,"column":null}},"line":60},"12":{"name":"(anonymous_12)","decl":{"start":{"line":75,"column":8},"end":{"line":75,"column":13}},"loc":{"start":{"line":75,"column":50},"end":{"line":87,"column":null}},"line":75},"13":{"name":"(anonymous_13)","decl":{"start":{"line":95,"column":2},"end":{"line":95,"column":15}},"loc":{"start":{"line":95,"column":52},"end":{"line":113,"column":null}},"line":95},"14":{"name":"(anonymous_14)","decl":{"start":{"line":102,"column":28},"end":{"line":102,"column":40}},"loc":{"start":{"line":102,"column":40},"end":{"line":113,"column":12}},"line":102},"15":{"name":"(anonymous_15)","decl":{"start":{"line":117,"column":8},"end":{"line":117,"column":14}},"loc":{"start":{"line":117,"column":60},"end":{"line":125,"column":null}},"line":117},"16":{"name":"(anonymous_16)","decl":{"start":{"line":130,"column":8},"end":{"line":130,"column":31}},"loc":{"start":{"line":130,"column":31},"end":{"line":143,"column":null}},"line":130},"17":{"name":"(anonymous_17)","decl":{"start":{"line":148,"column":8},"end":{"line":148,"column":46}},"loc":{"start":{"line":148,"column":46},"end":{"line":156,"column":null}},"line":148}},"branchMap":{"0":{"loc":{"start":{"line":20,"column":6},"end":{"line":21,"column":null}},"type":"if","locations":[{"start":{"line":20,"column"
[...]
t":{"line":376,"column":4},"end":{"line":380,"column":null}},"129":{"start":{"line":377,"column":18},"end":{"line":377,"column":null}},"130":{"start":{"line":378,"column":6},"end":{"line":380,"column":null}},"131":{"start":{"line":378,"column":34},"end":{"line":378,"column":null}},"132":{"start":{"line":379,"column":15},"end":{"line":380,"column":null}},"133":{"start":{"line":379,"column":39},"end":{"line":379,"column":null}},"134":{"start":{"line":380,"column":15},"end":{"line":380,"column":null}},"135":{"start":{"line":380,"column":39},"end":{"line":380,"column":null}},"136":{"start":{"line":382,"column":4},"end":{"line":382,"column":null}}},"fnMap":{"0":{"name":"(anonymous_0)","decl":{"start":{"line":26,"column":2},"end":{"line":26,"column":16}},"loc":{"start":{"line":26,"column":16},"end":{"line":26,"column":null}},"line":26},"1":{"name":"(anonymous_1)","decl":{"start":{"line":30,"column":2},"end":{"line":30,"column":10}},"loc":{"start":{"line":30,"column":52},"end":{"line":45,"column":null}},"line":30},"2":{"name":"(anonymous_2)","decl":{"start":{"line":48,"column":2},"end":{"line":48,"column":13}},"loc":{"start":{"line":52,"column":4},"end":{"line":60,"column":null}},"line":52},"3":{"name":"(anonymous_3)","decl":{"start":{"line":59,"column":25},"end":{"line":59,"column":30}},"loc":{"start":{"line":59,"column":38},"end":{"line":59,"column":68}},"line":59},"4":{"name":"(anonymous_4)","decl":{"start":{"line":59,"column":46},"end":{"line":59,"column":51}},"loc":{"start":{"line":59,"column":59},"end":{"line":59,"column":68}},"line":59},"5":{"name":"(anonymous_5)","decl":{"start":{"line":63,"column":2},"end":{"line":63,"column":null}},"loc":{"start":{"line":66,"column":31},"end":{"line":75,"column":null}},"line":66},"6":{"name":"(anonymous_6)","decl":{"start":{"line":78,"column":2},"end":{"line":78,"column":null}},"loc":{"start":{"line":81,"column":31},"end":{"line":83,"column":null}},"line":81},"7":{"name":"(anonymous_7)","decl":{"start":{"line":86,"column":2},"end":{"line":86,"column":null}},"loc":{"start":{"line":90,"column":31},"end":{"line":92,"column":null}},"line":90},"8":{"name":"(anonymous_8)","decl":{"start":{"line":95,"column":2},"end":{"line":95,"column":null}},"loc":{"start":{"line":98,"column":72},"end":{"line":100,"column":null}},"line":98},"9":{"name":"(anonymous_9)","decl":{"start":{"line":103,"column":2},"end":{"line":103,"column":18}},"loc":{"start":{"line":103,"column":59},"end":{"line":104,"column":null}},"line":103},"10":{"name":"(anonymous_10)","decl":{"start":{"line":107,"column":2},"end":{"line":107,"column":16}},"loc":{"start":{"line":107,"column":60},"end":{"line":109,"column":null}},"line":107},"11":{"name":"(anonymous_11)","decl":{"start":{"line":112,"column":2},"end":{"line":112,"column":19}},"loc":{"start":{"line":112,"column":60},"end":{"line":113,"column":null}},"line":112},"12":{"name":"(anonymous_12)","decl":{"start":{"line":116,"column":2},"end":{"line":116,"column":null}},"loc":{"start":{"line":121,"column":37},"end":{"line":123,"column":null}},"line":121},"13":{"name":"(anonymous_13)","decl":{"start":{"line":126,"column":2},"end":{"line":126,"column":null}},"loc":{"start":{"line":132,"column":37},"end":{"line":134,"column":null}},"line":132},"14":{"name":"(anonymous_14)","decl":{"start":{"line":137,"column":2},"end":{"line":137,"column":20}},"loc":{"start":{"line":137,"column":80},"end":{"line":138,"column":null}},"line":137},"15":{"name":"(anonymous_15)","decl":{"start":{"line":141,"column":2},"end":{"line":141,"column":18}},"loc":{"start":{"line":141,"column":62},"end":{"line":143,"column":null}},"line":141},"16":{"name":"(anonymous_16)","decl":{"start":{"line":146,"column":2},"end":{"line":146,"column":21}},"loc":{"start":{"line":146,"column":62},"end":{"line":147,"column":null}},"line":146},"17":{"name":"(anonymous_17)","decl":{"start":{"line":150,"column":2},"end":{"line":150,"column":null}},"loc":{"start":{"line":156,"column":40},"end":{"line":158,"column":null}},"line":156},"18":{"name":"(anonymous_18)","decl":{"start":{"line":161,"column":2},"end":{"line":161,"column":null}},"loc":{"start":{"line":167,"column":40},"end":{"line":169,"column":null}},"line":167},"19":{"name":"(anonymous_19)","decl":{"start":{"line":172,"column":2},"end":{"line":172,"column":24}},"loc":{"start":{"line":172,"column":24},"end":{"line":182,"column":null}},"line":172},"20":{"name":"(anonymous_20)","decl":{"start":{"line":185,"column":2},"end":{"line":185,"column":null}},"loc":{"start":{"line":188,"column":12},"end":{"line":190,"column":null}},"line":188},"21":{"name":"(anonymous_21)","decl":{"start":{"line":193,"column":2},"end":{"line":193,"column":12}},"loc":{"start":{"line":196,"column":39},"end":{"line":210,"column":null}},"line":196},"22":{"name":"(anonymous_22)","decl":{"start":{"line":213,"column":2},"end":{"line":213,"column":12}},"loc":{"start":{"line":219,"column":26},"end":{"line":221,"column":null}},"line":219},"23":{"name":"(anonymous_23)","decl":{"start":{"line":224,"column":2},"end":{"line":224,"column":22}},"loc":{"start":{"line":224,"column":22},"end":{"line":226,"column":null}},"line":224},"24":{"name":"(anonymous_24)","decl":{"start":{"line":229,"column":2},"end":{"line":229,"column":22}},"loc":{"start":{"line":229,"column":22},"end":{"line":231,"column":null}},"line":229},"25":{"name":"(anonymous_25)","decl":{"start":{"line":234,"column":2},"end":{"line":234,"column":20}},"loc":{"start":{"line":234,"column":20},"end":{"line":241,"column":null}},"line":234},"26":{"name":"(anonymous_26)","decl":{"start":{"line":236,"column":42},"end":{"line":236,"column":51}},"loc":{"start":{"line":236,"column":57},"end":{"line":236,"column":66}},"line":236},"27":{"name":"(anonymous_27)","decl":{"start":{"line":237,"column":45},"end":{"line":237,"column":50}},"loc":{"start":{"line":237,"column":56},"end":{"line":237,"column":63}},"line":237},"28":{"name":"(anonymous_28)","decl":{"start":{"line":239,"column":28},"end":{"line":239,"column":37}},"loc":{"start":{"line":239,"column":43},"end":{"line":239,"column":68}},"line":239},"29":{"name":"(anonymous_29)","decl":{"start":{"line":244,"column":2},"end":{"line":244,"column":12}},"loc":{"start":{"line":244,"column":32},"end":{"line":246,"column":null}},"line":244},"30":{"name":"(anonymous_30)","decl":{"start":{"line":249,"column":2},"end":{"line":249,"column":22}},"loc":{"start":{"line":249,"column":22},"end":{"line":251,"column":null}},"line":249},"31":{"name":"(anonymous_31)","decl":{"start":{"line":254,"column":2},"end":{"line":254,"column":38}},"loc":{"start":{"line":254,"column":38},"end":{"line":256,"column":null}},"line":254},"32":{"name":"(anonymous_32)","decl":{"start":{"line":259,"column":2},"end":{"line":259,"column":25}},"loc":{"start":{"line":259,"column":25},"end":{"line":260,"column":null}},"line":259},"33":{"name":"(anonymous_33)","decl":{"start":{"line":263,"column":2},"end":{"line":263,"column":18}},"loc":{"start":{"line":263,"column":18},"end":{"line":264,"column":null}},"line":263},"34":{"name":"(anonymous_34)","decl":{"start":{"line":267,"column":2},"end":{"line":267,"column":17}},"loc":{"start":{"line":267,"column":17},"end":{"line":278,"column":null}},"line":267},"35":{"name":"(anonymous_35)","decl":{"start":{"line":281,"column":9},"end":{"line":281,"column":27}},"loc":{"start":{"line":281,"column":27},"end":{"line":282,"column":null}},"line":281},"36":{"name":"(anonymous_36)","decl":{"start":{"line":285,"column":2},"end":{"line":285,"column":31}},"loc":{"start":{"line":285,"column":31},"end":{"line":288,"column":null}},"line":285},"37":{"name":"(anonymous_37)","decl":{"start":{"line":291,"column":9},"end":{"line":291,"column":24}},"loc":{"start":{"line":291,"column":52},"end":{"line":297,"column":null}},"line":291},"38":{"name":"(anonymous_38)","decl":{"start":{"line":300,"column":2},"end":{"line":300,"column":15}},"loc":{"start":{"line":300,"column":15},"end":{"line":303,"column":null}},"line":300},"39":{"name":"(anonymous_39)","decl":{"start":{"line":306,"column":2},"end":{"line":306,"column":10}},"loc":{"start":{"line":306,"column":33},"end":{"line":308,"column":null}},"line":306},"40":{"name":"(anonymous_40)","decl":{"start":{"line":312,"column":2},"end":{"line":312,"column":10}},"loc":{"start":{"line":312,"column":65},"end":{"line":339,"column":null}},"line":312},"41":{"name":"(anonymous_41)","decl":{"start":{"line":342,"column":2},"end":{"line":342,"column":10}},"loc":{"start":{"line":342,"column":64},"end":{"line":368,"column":null}},"line":342},"42":{"name":"(anonymous_42)","decl":{"start":{"line":347,"column":49},"end":{"line":347,"column":54}},"loc":{"start":{"line":347,"column":60},"end":{"line":347,"column":68}},"line":347},"43":{"name":"(anonymous_43)","decl":{"start":{"line":354,"column":19},"end":{"line":354,"column":27}},"loc":{"start":{"line":354,"column":33},"end":{"line":354,"column":63}},"line":354},"44":{"name":"(anonymous_44)","decl":{"start":{"line":357,"column":25},"end":{"line":357,"column":30}},"loc":{"start":{"line":357,"column":39},"end":{"line":368,"column":null}},"line":357},"45":{"name":"(anonymous_45)","decl":{"start":{"line":371,"column":2},"end":{"line":371,"column":10}},"loc":{"start":{"line":371,"column":64},"end":{"line":382,"column":null}},"line":371},"46":{"name":"init","decl":{"start":{"line":386,"column":30},"end":{"line":386,"column":52}},"loc":{"start":{"line":386,"column":52},"end":{"line":386,"column":null}},"line":386}},"branchMap":{"0":{"loc":{"start":{"line":36,"column":4},"end":{"line":37,"column":null}},"type":"if","locations":[{"start":{"line":36,"column":4},"end":{"line":37,"column":null}},{"start":{},"end":{}}],"line":36},"1":{"loc":{"start":{"line":41,"column":4},"end":{"line":42,"column":null}},"type":"if","locations":[{"start":{"line":41,"column":4},"end":{"line":42,"column":null}},{"start":{},"end":{}}],"line":41},"2":{"loc":{"start":{"line":55,"column":4},"end":{"line":56,"column":null}},"type":"if","locations":[{"start":{"line":55,"column":4},"end":{"line":56,"column":null}},{"start":{},"end":{}}],"line":55},"3":{"loc":{"start":{"line":69,"column":4},"end":{"line":72,"column":null}},"type":"if","locations":[{"start":{"line":69,"column":4},"end":{"line":72,"column":null}},{"start":{},"end":{}}],"line":69},"4":{"loc":{"start":{"line":200,"column":57},"end":{"line":200,"column":80}},"type":"binary-expr","locations":[{"start":{"line":200,"column":57},"end":{"line":200,"column":76}},{"start":{"line":200,"column":76},"end":{"line":200,"column":80}}],"line":200},"5":{"loc":{"start":{"line":207,"column":20},"end":{"line":207,"column":null}},"type":"binary-expr","locations":[{"start":{"line":207,"column":20},"end":{"line":207,"column":39}},{"start":{"line":207,"column":39},"end":{"line":207,"column":null}}],"line":207},"6":{"loc":{"start":{"line":307,"column":4},"end":{"line":308,"column":null}},"type":"if","locations":[{"start":{"line":307,"column":4},"end":{"line":308,"column":null}},{"start":{},"end":{}}],"line":307},"7":{"loc":{"start":{"line":329,"column":6},"end":{"line":335,"column":null}},"type":"if","locations":[{"start":{"line":329,"column":6},"end":{"line":335,"column":null}},{"start":{},"end":{}}],"line":329},"8":{"loc":{"start":{"line":345,"column":4},"end":{"line":345,"column":null}},"type":"if","locations":[{"start":{"line":345,"column":4},"end":{"line":345,"column":null}},{"start":{},"end":{}}],"line":345},"9":{"loc":{"start":{"line":351,"column":24},"end":{"line":351,"column":null}},"type":"cond-expr","locations":[{"start":{"line":351,"column":37},"end":{"line":351,"column":53}},{"start":{"line":351,"column":53},"end":{"line":351,"column":null}}],"line":351},"10":{"loc":{"start":{"line":353,"column":26},"end":{"line":355,"column":null}},"type":"cond-expr","locations":[{"start":{"line":354,"column":8},"end":{"line":354,"column":64}},{"start":{"line":355,"column":8},"end":{"line":355,"column":null}}],"line":353},"11":{"loc":{"start":{"line":362,"column":8},"end":{"line":364,"column":null}},"type":"if","locations":[{"start":{"line":362,"column":8},"end":{"line":364,"column":null}},{"start":{},"end":{}}],"line":362},"12":{"loc":{"start":{"line":364,"column":21},"end":{"line":364,"column":null}},"type":"binary-expr","locations":[{"start":{"line":364,"column":21},"end":{"line":364,"column":50}},{"start":{"line":364,"column":50},"end":{"line":364,"column":null}}],"line":364},"13":{"loc":{"start":{"line":378,"column":6},"end":{"line":380,"column":null}},"type":"if","locations":[{"start":{"line":378,"column":6},"end":{"line":380,"column":null}},{"start":{"line":379,"column":15},"end":{"line":380,"column":null}}],"line":378},"14":{"loc":{"start":{"line":379,"column":15},"end":{"line":380,"column":null}},"type":"if","locations":[{"start":{"line":379,"column":15},"end":{"line":380,"column":null}},{"start":{"line":380,"column":15},"end":{"line":380,"column":null}}],"line":379},"15":{"loc":{"start":{"line":380,"column":15},"end":{"line":380,"column":null}},"type":"if","locations":[{"start":{"line":380,"column":15},"end":{"line":380,"column":null}},{"start":{},"end":{}}],"line":380}},"s":{"0":230,"1":230,"2":230,"3":230,"4":87,"5":87,"6":87,"7":45,"8":42,"9":39,"10":3,"11":6,"12":6,"13":6,"14":1,"15":5,"16":5,"17":5,"18":5,"19":5,"20":6,"21":6,"22":6,"23":0,"24":6,"25":3,"26":3,"27":2,"28":2,"29":2,"30":2,"31":4,"32":4,"33":4,"34":4,"35":2,"36":2,"37":2,"38":2,"39":2,"40":1,"41":1,"42":1,"43":1,"44":1,"45":1,"46":1,"47":1,"48":1,"49":3,"50":3,"51":3,"52":3,"53":3,"54":4,"55":3,"56":1,"57":3,"58":1,"59":1,"60":18,"61":18,"62":6,"63":6,"64":5,"65":5,"66":5,"67":5,"68":1,"69":5,"70":5,"71":5,"72":2,"73":2,"74":2,"75":2,"76":6,"77":6,"78":2,"79":2,"80":3,"81":3,"82":1,"83":20,"84":20,"85":20,"86":3,"87":3,"88":3,"89":3,"90":3,"91":3,"92":224,"93":224,"94":224,"95":202,"96":0,"97":45,"98":45,"99":48,"100":48,"101":48,"102":48,"103":45,"104":45,"105":3,"106":3,"107":3,"108":45,"109":39,"110":39,"111":2,"112":37,"113":41,"114":37,"115":37,"116":39,"117":27,"118":39,"119":28,"120":28,"121":32,"122":32,"123":31,"124":31,"125":28,"126":48,"127":48,"128":48,"129":60,"130":60,"131":48,"132":12,"133":0,"134":12,"135":12,"136":48},"f":{"0":230,"1":87,"2":6,"3":5,"4":5,"5":6,"6":3,"7":2,"8":2,"9":4,"10":4,"11":4,"12":2,"13":2,"14":2,"15":1,"16":1,"17":1,"18":1,"19":1,"20":3,"21":3,"22":1,"23":18,"24":6,"25":5,"26":5,"27":1,"28":5,"29":2,"30":2,"31":6,"32":2,"33":2,"34":3,"35":230,"36":20,"37":230,"38":224,"39":202,"40":45,"41":39,"42":41,"43":27,"44":28,"45":48,"46":39},"b":{"0":[45,42],"1":[39,3],"2":[1,5],"3":[0,6],"4":[4,1],"5":[1,0],"6":[0,202],"7":[3,0],"8":[2,37],"9":[34,3],"10":[34,3],"11":[31,1],"12":[31,0],"13":[48,12],"14":[0,12],"15":[12,0]},"meta":{"lastBranch":16,"lastFunction":47,"lastStatement":137,"seen":{"s:21:26:21:28":0,"s:22:26:22:28":1,"s:23:18:23:Infinity":2,"s:24:43:24:Infinity":3,"f:26:2:26:16":0,"f:30:2:30:10":1,"s:31:4:31:Infinity":4,"s:33:20:33:32":5,"b:36:4:37:Infinity:undefined:undefined:undefined:undefined":0,"s:36:4:37:Infinity":6,"s:37:6:37:Infinity":7,"b:41:4:42:Infinity:undefined:undefined:undefined:undefined":1,"s:41:4:42:Infinity":8,"s:42:6:42:Infinity":9,"s:45:4:45:Infinity":10,"f:48:2:48:13":2,"s:53:4:53:Infinity":11,"s:54:20:54:39":12,"b:55:4:56:Infinity:undefined:undefined:undefined:undefined":2,"s:55:4:56:Infinity":13,"s:56:6:56:Infinity":14,"s:58:20:58:43":15,"s:59:17:59:69":16,"f:59:25:59:30":3,"s:59:38:59:68":17,"f:59:46:59:51":4,"s:59:59:59:68":18,"s:60:4:60:Infinity":19,"f:63:2:63:Infinity":5,"s:67:4:67:Infinity":20,"s:68:22:68:Infinity":21,"b:69:4:72:Infinity:undefined:undefined:undefined:undefined":3,"s:69:4:72:Infinity":22,"s:70:6:72:Infinity":23,"s:75:4:75:Infinity":24,"f:78:2:78:Infinity":6,"s:82:4:82:Infinity":25,"s:83:4:83:Infinity":26,"f:86:2:86:Infinity":7,"s:91:4:91:Infinity":27,"s:92:4:92:Infinity":28,"f:95:2:95:Infinity":8,"s:99:4:99:Infinity":29,"s:100:4:100:Infinity":30,"f:103:2:103:18":9,"s:104:4:104:Infinity":31,"f:107:2:107:16":10,"s:108:4:108:Infinity":32,"s:109:4:109:Infinity":33,"f:112:2:112:19":11,"s:113:4:113:Infinity":34,"f:116:2:116:Infinity":12,"s:122:4:122:Infinity":35,"s:123:4:123:Infinity":36,"f:126:2:126:Infinity":13,"s:133:4:133:Infinity":37,"s:134:4:134:Infinity":38,"f:137:2:137:20":14,"s:138:4:138:Infinity":39,"f:141:2:141:18":15,"s:142:4:142:Infinity":40,"s:143:4:143:Infinity":41,"f:146:2:146:21":16,"s:147:4:147:Infinity":42,"f:150:2:150:Infinity":17,"s:157:4:157:Infinity":43,"s:158:4:158:Infinity":44,"f:161:2:161:Infinity":18,"s:168:4:168:Infinity":45,"s:169:4:169:Infinity":46,"f:172:2:172:24":19,"s:173:4:173:Infinity":47,"s:174:4:182:Infinity":48,"f:185:2:185:Infinity":20,"s:189:4:189:Infinity":49,"s:190:4:190:Infinity":50,"f:193:2:193:12":21,"s:197:4:197:Infinity":51,"s:198:21:198:Infinity":52,"s:199:4:200:Infinity":53,"s:200:6:200:Infinity":54,"b:200:57:200:76:200:76:200:80":4,"s:202:4:208:Infinity":55,"s:203:6:208:Infinity":56,"b:207:20:207:39:207:39:207:Infinity":5,"s:210:4:210:Infinity":57,"f:213:2:213:12":22,"s:220:4:220:Infinity":58,"s:221:4:221:Infinity":59,"f:224:2:224:22":23,"s:225:4:225:Infinity":60,"s:226:4:226:Infinity":61,"f:229:2:229:22":24,"s:230:4:230:Infinity":62,"s:231:4:231:Infinity":63,"f:234:2:234:20":25,"s:235:4:235:Infinity":64,"s:236:19:236:68":65,"f:236:42:236:51":26,"s:236:57:236:66":66,"s:237:22:237:65":67,"f:237:45:237:50":27,"s:237:56:237:63":68,"s:238:25:239:Infinity":69,"f:239:28:239:37":28,"s:239:43:239:68":70,"s:241:4:241:Infinity":71,"f:244:2:244:12":29,"s:245:4:245:Infinity":72,"s:246:4:246:Infinity":73,"f:249:2:249:22":30,"s:250:4:250:Infinity":74,"s:251:4:251:Infinity":75,"f:254:2:254:38":31,"s:255:4:255:Infinity":76,"s:256:4:256:Infinity":77,"f:259:2:259:25":32,"s:260:4:260:Infinity":78,"f:263:2:263:18":33,"s:264:4:264:Infinity":79,"f:267:2:267:17":34,"s:268:4:268:Infinity":80,"s:269:4:278:Infinity":81,"f:281:9:281:27":35,"s:282:4:282:Infinity":82,"f:285:2:285:31":36,"s:286:4:286:Infinity":83,"s:287:17:287:73":84,"s:288:4:288:Infinity":85,"f:291:9:291:24":37,"s:292:17:292:47":86,"s:293:19:293:35":87,"s:294:15:294:29":88,"s:295:4:295:Infinity":89,"s:296:4:296:Infinity":90,"s:297:4:297:Infinity":91,"f:300:2:300:15":38,"s:301:4:301:Infinity":92,"s:302:4:302:Infinity":93,"s:303:4:303:Infinity":94,"f:306:2:306:10":39,"b:307:4:308:Infinity:undefined:undefined:undefined:undefined":6,"s:307:4:308:Infinity":95,"s:308:6:308:Infinity":96,"f:312:2:312:10":40,"s:314:24:314:Infinity":97,"s:317:4:321:Infinity":98,"s:318:20:318:Infinity":99,"s:319:23:319:Infinity":100,"s:320:25:320:55":101,"s:321:6:321:Infinity":102,"s:325:24:325:Infinity":103,"s:326:4:335:Infinity":104,"s:327:19:327:Infinity":105,"b:329:6:335:Infinity:undefined:undefined:undefined:undefined":7,"s:329:6:335:Infinity":106,"s:330:8:335:Infinity":107,"s:339:4:339:Infinity":108,"f:342:2:342:10":41,"s:344:24:344:53":109,"b:345:4:345:Infinity:undefined:undefined:undefined:undefined":8,"s:345:4:345:Infinity":110,"s:345:22:345:Infinity":111,"s:347:23:347:69":112,"f:347:49:347:54":42,"s:347:60:347:68":113,"s:350:23:350:51":114,"s:351:24:351:Infinity":115,"b:351:37:351:53:351:53:351:Infinity":9,"s:353:26:355:Infinity":116,"b:354:8:354:64:355:8:355:Infinity":10,"f:354:19:354:27":43,"s:354:33:354:63":117,"s:357:4:368:Infinity":118,"f:357:25:357:30":44,"s:358:43:358:45":119,"s:359:6:364:Infinity":120,"s:361:26:361:48":121,"b:362:8:364:Infinity:undefined:undefined:undefined:undefined":11,"s:362:8:364:Infinity":122,"s:363:27:363:Infinity":123,"s:364:10:364:Infinity":124,"b:364:21:364:50:364:50:364:Infinity":12,"s:367:6:367:Infinity":125,"f:371:2:371:10":45,"s:372:43:372:45":126,"s:374:24:374:Infinity":127,"s:376:4:380:Infinity":128,"s:377:18:377:Infinity":129,"b:378:6:380:Infinity:379:15:380:Infinity":13,"s:378:6:380:Infinity":130,"s:378:34:378:Infinity":131,"b:379:15:380:Infinity:380:15:380:Infinity":14,"s:379:15:380:Infinity":132,"s:379:39:379:Infinity":133,"b:380:15:380:Infinity:undefined:undefined:undefined:undefined":15,"s:380:15:380:Infinity":134,"s:380:39:380:Infinity":135,"s:382:4:382:Infinity":136,"f:386:30:386:52":46}}}
}
