{"H:\\GrafeoDB\\grafeo-web\\src\\index.ts": {"path":"H:\\GrafeoDB\\grafeo-web\\src\\index.ts","statementMap":{"0":{"start":{"line":48,"column":19},"end":{"line":48,"column":null}},"1":{"start":{"line":55,"column":4},"end":{"line":55,"column":null}},"2":{"start":{"line":56,"column":4},"end":{"line":56,"column":null}},"3":{"start":{"line":57,"column":4},"end":{"line":57,"column":null}},"4":{"start":{"line":62,"column":4},"end":{"line":62,"column":null}},"5":{"start":{"line":72,"column":4},"end":{"line":74,"column":null}},"6":{"start":{"line":73,"column":6},"end":{"line":73,"column":null}},"7":{"start":{"line":76,"column":4},"end":{"line":76,"column":null}},"8":{"start":{"line":78,"column":49},"end":{"line":78,"column":null}},"9":{"start":{"line":81,"column":4},"end":{"line":92,"column":null}},"10":{"start":{"line":82,"column":6},"end":{"line":85,"column":null}},"11":{"start":{"line":86,"column":23},"end":{"line":86,"column":null}},"12":{"start":{"line":87,"column":6},"end":{"line":89,"column":null}},"13":{"start":{"line":91,"column":6},"end":{"line":91,"column":null}},"14":{"start":{"line":94,"column":4},"end":{"line":94,"column":null}},"15":{"start":{"line":100,"column":18},"end":{"line":100,"column":null}},"16":{"start":{"line":101,"column":4},"end":{"line":101,"column":null}},"17":{"start":{"line":102,"column":4},"end":{"line":102,"column":null}},"18":{"start":{"line":107,"column":4},"end":{"line":107,"column":null}},"19":{"start":{"line":121,"column":4},"end":{"line":121,"column":null}},"20":{"start":{"line":123,"column":4},"end":{"line":125,"column":null}},"21":{"start":{"line":124,"column":6},"end":{"line":124,"column":null}},"22":{"start":{"line":127,"column":17},"end":{"line":127,"column":null}},"23":{"start":{"line":128,"column":19},"end":{"line":128,"column":null}},"24":{"start":{"line":129,"column":20},"end":{"line":129,"column":null}},"25":{"start":{"line":132,"column":4},"end":{"line":140,"column":null}},"26":{"start":{"line":133,"column":6},"end":{"line":133,"column":null}},"27":{"start":{"line":134,"column":4},"end":{"line":140,"column":null}},"28":{"start":{"line":135,"column":6},"end":{"line":135,"column":null}},"29":{"start":{"line":136,"column":4},"end":{"line":140,"column":null}},"30":{"start":{"line":137,"column":6},"end":{"line":137,"column":null}},"31":{"start":{"line":139,"column":6},"end":{"line":139,"column":null}},"32":{"start":{"line":142,"column":4},"end":{"line":144,"column":null}},"33":{"start":{"line":143,"column":6},"end":{"line":143,"column":null}},"34":{"start":{"line":143,"column":42},"end":{"line":143,"column":69}},"35":{"start":{"line":146,"column":4},"end":{"line":146,"column":null}},"36":{"start":{"line":157,"column":4},"end":{"line":157,"column":null}},"37":{"start":{"line":159,"column":4},"end":{"line":161,"column":null}},"38":{"start":{"line":160,"column":6},"end":{"line":160,"column":null}},"39":{"start":{"line":163,"column":17},"end":{"line":163,"column":null}},"40":{"start":{"line":164,"column":19},"end":{"line":166,"column":null}},"41":{"start":{"line":168,"column":4},"end":{"line":170,"column":null}},"42":{"start":{"line":169,"column":6},"end":{"line":169,"column":null}},"43":{"start":{"line":169,"column":42},"end":{"line":169,"column":69}},"44":{"start":{"line":172,"column":4},"end":{"line":172,"column":null}},"45":{"start":{"line":177,"column":4},"end":{"line":177,"column":null}},"46":{"start":{"line":178,"column":4},"end":{"line":180,"column":null}},"47":{"start":{"line":179,"column":6},"end":{"line":179,"column":null}},"48":{"start":{"line":181,"column":4},"end":{"line":181,"column":null}},"49":{"start":{"line":186,"column":4},"end":{"line":186,"column":null}},"50":{"start":{"line":187,"column":4},"end":{"line":189,"column":null}},"51":{"start":{"line":188,"column":6},"end":{"line":188,"column":null}},"52":{"start":{"line":190,"column":4},"end":{"line":190,"column":null}},"53":{"start":{"line":195,"column":4},"end":{"line":195,"column":null}},"54":{"start":{"line":196,"column":4},"end":{"line":198,"column":null}},"55":{"start":{"line":197,"column":6},"end":{"line":197,"column":null}},"56":{"start":{"line":199,"column":4},"end":{"line":199,"column":null}},"57":{"start":{"line":204,"column":4},"end":{"line":204,"column":null}},"58":{"start":{"line":205,"column":4},"end":{"line":207,"column":null}},"59":{"start":{"line":206,"column":6},"end":{"line":206,"column":null}},"60":{"start":{"line":208,"column":4},"end":{"line":210,"column":null}},"61":{"start":{"line":209,"column":6},"end":{"line":209,"column":null}},"62":{"start":{"line":211,"column":4},"end":{"line":211,"column":null}},"63":{"start":{"line":216,"column":4},"end":{"line":216,"column":null}},"64":{"start":{"line":217,"column":4},"end":{"line":219,"column":null}},"65":{"start":{"line":218,"column":6},"end":{"line":218,"column":null}},"66":{"start":{"line":220,"column":17},"end":{"line":220,"column":null}},"67":{"start":{"line":221,"column":4},"end":{"line":225,"column":null}},"68":{"start":{"line":230,"column":4},"end":{"line":230,"column":null}},"69":{"start":{"line":231,"column":4},"end":{"line":233,"column":null}},"70":{"start":{"line":232,"column":6},"end":{"line":232,"column":null}},"71":{"start":{"line":234,"column":4},"end":{"line":234,"column":null}},"72":{"start":{"line":235,"column":4},"end":{"line":235,"column":null}},"73":{"start":{"line":236,"column":4},"end":{"line":238,"column":null}},"74":{"start":{"line":237,"column":6},"end":{"line":237,"column":null}},"75":{"start":{"line":237,"column":42},"end":{"line":237,"column":69}},"76":{"start":{"line":243,"column":4},"end":{"line":243,"column":null}},"77":{"start":{"line":244,"column":4},"end":{"line":246,"column":null}},"78":{"start":{"line":245,"column":6},"end":{"line":245,"column":null}},"79":{"start":{"line":249,"column":4},"end":{"line":249,"column":null}},"80":{"start":{"line":250,"column":4},"end":{"line":250,"column":null}},"81":{"start":{"line":252,"column":4},"end":{"line":254,"column":null}},"82":{"start":{"line":253,"column":6},"end":{"line":253,"column":null}},"83":{"start":{"line":264,"column":4},"end":{"line":264,"column":null}},"84":{"start":{"line":266,"column":4},"end":{"line":266,"column":null}},"85":{"start":{"line":271,"column":4},"end":{"line":271,"column":null}},"86":{"start":{"line":272,"column":4},"end":{"line":274,"column":null}},"87":{"start":{"line":273,"column":6},"end":{"line":273,"column":null}},"88":{"start":{"line":275,"column":4},"end":{"line":275,"column":null}},"89":{"start":{"line":276,"column":4},"end":{"line":276,"column":null}},"90":{"start":{"line":277,"column":4},"end":{"line":279,"column":null}},"91":{"start":{"line":278,"column":6},"end":{"line":278,"column":null}},"92":{"start":{"line":278,"column":42},"end":{"line":278,"column":69}},"93":{"start":{"line":284,"column":4},"end":{"line":284,"column":null}},"94":{"start":{"line":285,"column":4},"end":{"line":287,"column":null}},"95":{"start":{"line":286,"column":6},"end":{"line":286,"column":null}},"96":{"start":{"line":288,"column":4},"end":{"line":288,"column":null}},"97":{"start":{"line":289,"column":20},"end":{"line":289,"column":null}},"98":{"start":{"line":290,"column":4},"end":{"line":292,"column":null}},"99":{"start":{"line":291,"column":6},"end":{"line":291,"column":null}},"100":{"start":{"line":291,"column":42},"end":{"line":291,"column":69}},"101":{"start":{"line":293,"column":4},"end":{"line":293,"column":null}},"102":{"start":{"line":298,"column":4},"end":{"line":298,"column":null}},"103":{"start":{"line":299,"column":4},"end":{"line":301,"column":null}},"104":{"start":{"line":300,"column":6},"end":{"line":300,"column":null}},"105":{"start":{"line":302,"column":4},"end":{"line":302,"column":null}},"106":{"start":{"line":303,"column":4},"end":{"line":303,"column":null}},"107":{"start":{"line":304,"column":4},"end":{"line":306,"column":null}},"108":{"start":{"line":305,"column":6},"end":{"line":305,"column":null}},"109":{"start":{"line":305,"column":42},"end":{"line":305,"column":69}},"110":{"start":{"line":316,"column":4},"end":{"line":316,"column":null}},"111":{"start":{"line":317,"column":4},"end":{"line":319,"column":null}},"112":{"start":{"line":318,"column":6},"end":{"line":318,"column":null}},"113":{"start":{"line":320,"column":4},"end":{"line":320,"column":null}},"114":{"start":{"line":321,"column":4},"end":{"line":321,"column":null}},"115":{"start":{"line":332,"column":4},"end":{"line":332,"column":null}},"116":{"start":{"line":333,"column":4},"end":{"line":335,"column":null}},"117":{"start":{"line":334,"column":6},"end":{"line":334,"column":null}},"118":{"start":{"line":336,"column":4},"end":{"line":336,"column":null}},"119":{"start":{"line":337,"column":4},"end":{"line":337,"column":null}},"120":{"start":{"line":342,"column":4},"end":{"line":342,"column":null}},"121":{"start":{"line":342,"column":21},"end":{"line":342,"column":null}},"122":{"start":{"line":343,"column":4},"end":{"line":343,"column":null}},"123":{"start":{"line":345,"column":4},"end":{"line":349,"column":null}},"124":{"start":{"line":346,"column":6},"end":{"line":346,"column":null}},"125":{"start":{"line":347,"column":6},"end":{"line":347,"column":null}},"126":{"start":{"line":348,"column":6},"end":{"line":348,"column":null}},"127":{"start":{"line":351,"column":4},"end":{"line":354,"column":null}},"128":{"start":{"line":352,"column":6},"end":{"line":352,"column":null}},"129":{"start":{"line":352,"column":41},"end":{"line":352,"column":68}},"130":{"start":{"line":353,"column":6},"end":{"line":353,"column":null}},"131":{"start":{"line":356,"column":4},"end":{"line":359,"column":null}},"132":{"start":{"line":357,"column":6},"end":{"line":357,"column":null}},"133":{"start":{"line":358,"column":6},"end":{"line":358,"column":null}},"134":{"start":{"line":363,"column":4},"end":{"line":365,"column":null}},"135":{"start":{"line":364,"column":6},"end":{"line":364,"column":null}},"136":{"start":{"line":369,"column":4},"end":{"line":373,"column":null}},"137":{"start":{"line":370,"column":6},"end":{"line":372,"column":null}}},"fnMap":{"0":{"name":"(anonymous_0)","decl":{"start":{"line":50,"column":10},"end":{"line":50,"column":null}},"loc":{"start":{"line":54,"column":4},"end":{"line":58,"column":null}},"line":54},"1":{"name":"(anonymous_1)","decl":{"start":{"line":61,"column":9},"end":{"line":61,"column":27}},"loc":{"start":{"line":61,"column":27},"end":{"line":63,"column":null}},"line":61},"2":{"name":"(anonymous_2)","decl":{"start":{"line":71,"column":15},"end":{"line":71,"column":22}},"loc":{"start":{"line":71,"column":66},"end":{"line":95,"column":null}},"line":71},"3":{"name":"(anonymous_3)","decl":{"start":{"line":97,"column":23},"end":{"line":97,"column":null}},"loc":{"start":{"line":99,"column":23},"end":{"line":103,"column":null}},"line":99},"4":{"name":"(anonymous_4)","decl":{"start":{"line":106,"column":6},"end":{"line":106,"column":24}},"loc":{"start":{"line":106,"column":24},"end":{"line":108,"column":null}},"line":106},"5":{"name":"(anonymous_5)","decl":{"start":{"line":117,"column":8},"end":{"line":117,"column":null}},"loc":{"start":{"line":120,"column":40},"end":{"line":147,"column":null}},"line":120},"6":{"name":"(anonymous_6)","decl":{"start":{"line":143,"column":36},"end":{"line":143,"column":42}},"loc":{"start":{"line":143,"column":42},"end":{"line":143,"column":69}},"line":143},"7":{"name":"(anonymous_7)","decl":{"start":{"line":156,"column":8},"end":{"line":156,"column":19}},"loc":{"start":{"line":156,"column":85},"end":{"line":173,"column":null}},"line":156},"8":{"name":"(anonymous_8)","decl":{"start":{"line":169,"column":36},"end":{"line":169,"column":42}},"loc":{"start":{"line":169,"column":42},"end":{"line":169,"column":69}},"line":169},"9":{"name":"(anonymous_9)","decl":{"start":{"line":176,"column":8},"end":{"line":176,"column":37}},"loc":{"start":{"line":176,"column":37},"end":{"line":182,"column":null}},"line":176},"10":{"name":"(anonymous_10)","decl":{"start":{"line":185,"column":8},"end":{"line":185,"column":37}},"loc":{"start":{"line":185,"column":37},"end":{"line":191,"column":null}},"line":185},"11":{"name":"(anonymous_11)","decl":{"start":{"line":194,"column":8},"end":{"line":194,"column":35}},"loc":{"start":{"line":194,"column":35},"end":{"line":200,"column":null}},"line":194},"12":{"name":"(anonymous_12)","decl":{"start":{"line":203,"column":8},"end":{"line":203,"column":46}},"loc":{"start":{"line":203,"column":46},"end":{"line":212,"column":null}},"line":203},"13":{"name":"(anonymous_13)","decl":{"start":{"line":215,"column":8},"end":{"line":215,"column":44}},"loc":{"start":{"line":215,"column":44},"end":{"line":226,"column":null}},"line":215},"14":{"name":"(anonymous_14)","decl":{"start":{"line":229,"column":8},"end":{"line":229,"column":15}},"loc":{"start":{"line":229,"column":58},"end":{"line":239,"column":null}},"line":229},"15":{"name":"(anonymous_15)","decl":{"start":{"line":237,"column":36},"end":{"line":237,"column":42}},"loc":{"start":{"line":237,"column":42},"end":{"line":237,"column":69}},"line":237},"16":{"name":"(anonymous_16)","decl":{"start":{"line":242,"column":8},"end":{"line":242,"column":31}},"loc":{"start":{"line":242,"column":31},"end":{"line":255,"column":null}},"line":242},"17":{"name":"(anonymous_17)","decl":{"start":{"line":263,"column":8},"end":{"line":263,"column":21}},"loc":{"start":{"line":263,"column":60},"end":{"line":267,"column":null}},"line":263},"18":{"name":"(anonymous_18)","decl":{"start":{"line":270,"column":8},"end":{"line":270,"column":24}},"loc":{"start":{"line":270,"column":72},"end":{"line":280,"column":null}},"line":270},"19":{"name":"(anonymous_19)","decl":{"start":{"line":278,"column":36},"end":{"line":278,"column":42}},"loc":{"start":{"line":278,"column":42},"end":{"line":278,"column":69}},"line":278},"20":{"name":"(anonymous_20)","decl":{"start":{"line":283,"column":8},"end":{"line":283,"column":22}},"loc":{"start":{"line":283,"column":73},"end":{"line":294,"column":null}},"line":283},"21":{"name":"(anonymous_21)","decl":{"start":{"line":291,"column":36},"end":{"line":291,"column":42}},"loc":{"start":{"line":291,"column":42},"end":{"line":291,"column":69}},"line":291},"22":{"name":"(anonymous_22)","decl":{"start":{"line":297,"column":8},"end":{"line":297,"column":25}},"loc":{"start":{"line":297,"column":73},"end":{"line":307,"column":null}},"line":297},"23":{"name":"(anonymous_23)","decl":{"start":{"line":305,"column":36},"end":{"line":305,"column":42}},"loc":{"start":{"line":305,"column":42},"end":{"line":305,"column":69}},"line":305},"24":{"name":"(anonymous_24)","decl":{"start":{"line":310,"column":8},"end":{"line":310,"column":null}},"loc":{"start":{"line":315,"column":29},"end":{"line":322,"column":null}},"line":315},"25":{"name":"(anonymous_25)","decl":{"start":{"line":325,"column":8},"end":{"line":325,"column":null}},"loc":{"start":{"line":331,"column":29},"end":{"line":338,"column":null}},"line":331},"26":{"name":"(anonymous_26)","decl":{"start":{"line":341,"column":8},"end":{"line":341,"column":31}},"loc":{"start":{"line":341,"column":31},"end":{"line":360,"column":null}},"line":341},"27":{"name":"(anonymous_27)","decl":{"start":{"line":352,"column":35},"end":{"line":352,"column":41}},"loc":{"start":{"line":352,"column":41},"end":{"line":352,"column":68}},"line":352},"28":{"name":"(anonymous_28)","decl":{"start":{"line":362,"column":10},"end":{"line":362,"column":29}},"loc":{"start":{"line":362,"column":29},"end":{"line":366,"column":null}},"line":362},"29":{"name":"(anonymous_29)","decl":{"start":{"line":368,"column":10},"end":{"line":368,"column":24}},"loc":{"start":{"line":368,"column":71},"end":{"line":374,"column":null}},"line":368}},"branchMap":{"0":{"loc":{"start":{"line":72,"column":4},"end":{"line":74,"column":null}},"type":"if","locations":[{"start":{"line":72,"column":4},"end":{"line":74,"column":null}},{"start":{},"end":{}}],"line":72},"1":{"loc":{"start":{"line":81,"column":4},"end":{"line":92,"column":null}},"type":"if","locations":[{"start":{"line":81,"column":4},"end":{"line":92,"column":null}},{"start":{"line":90,"column":11},"end":{"line":92,"column":null}}],"line":81},"2":{"loc":{"start":{"line":87,"column":13},"end":{"line":89,"column":null}},"type":"cond-expr","locations":[{"start":{"line":88,"column":10},"end":{"line":88,"column":null}},{"start":{"line":89,"column":10},"end":{"line":89,"column":null}}],"line":87},"3":{"loc":{"start":{"line":123,"column":4},"end":{"line":125,"column":null}},"type":"if","locations":[{"start":{"line":123,"column":4},"end":{"line":125,"column":null}},{"start":{},"end":{}}],"line":123},"4":{"loc":{"start":{"line":129,"column":20},"end":{"line":129,"column":null}},"type":"binary-expr","locations":[{"start":{"line":129,"column":20},"end":{"line":129,"column":28}},{"start":{"line":129,"column":28},"end":{"line":129,"column":null}}],"line":129},"5":{"loc":{"start":{"line":132,"column":4},"end":{"line":140,"column":null}},"type":"if","locations":[{"start":{"line":132,"column":4},"end":{"line":140,"column":null}},{"start":{"line":134,"column":4},"end":{"line":140,"column":null}}],"line":132},"6":{"loc":{"start":{"line":132,"column":8},"end":{"line":132,"column":27}},"type":"binary-expr","locations":[{"start":{"line":132,"column":8},"end":{"line":132,"column":19}},{"start":{"line":132,"column":19},"end":{"line":132,"column":27}}],"line":132},"7":{"loc":{"start":{"line":134,"column":4},"end":{"line":140,"column":null}},"type":"if","locations":[{"start":{"line":134,"column":4},"end":{"line":140,"column":null}},{"start":{"line":136,"column":4},"end":{"line":140,"column":null}}],"line":134},"8":{"loc":{"start":{"line":136,"column":4},"end":{"line":140,"column":null}},"type":"if","locations":[{"start":{"line":136,"column":4},"end":{"line":140,"column":null}},{"start":{"line":138,"column":11},"end":{"line":140,"column":null}}],"line":136},"9":{"loc":{"start":{"line":142,"column":4},"end":{"line":144,"column":null}},"type":"if","locations":[{"start":{"line":142,"column":4},"end":{"line":144,"column":null}},{"start":{},"end":{}}],"line":142},"10":{"loc":{"start":{"line":142,"column":8},"end":{"line":142,"column":52}},"type":"binary-expr","locations":[{"start":{"line":142,"column":8},"end":{"line":142,"column":28}},{"start":{"line":142,"column":13},"end":{"line":142,"column":52}}],"line":142},"11":{"loc":{"start":{"line":159,"column":4},"end":{"line":161,"column":null}},"type":"if","locations":[{"start":{"line":159,"column":4},"end":{"line":161,"column":null}},{"start":{},"end":{}}],"line":159},"12":{"loc":{"start":{"line":164,"column":19},"end":{"line":166,"column":null}},"type":"cond-expr","locations":[{"start":{"line":165,"column":8},"end":{"line":165,"column":null}},{"start":{"line":166,"column":8},"end":{"line":166,"column":null}}],"line":164},"13":{"loc":{"start":{"line":164,"column":19},"end":{"line":164,"column":null}},"type":"binary-expr","locations":[{"start":{"line":164,"column":19},"end":{"line":164,"column":27}},{"start":{"line":164,"column":27},"end":{"line":164,"column":null}}],"line":164},"14":{"loc":{"start":{"line":168,"column":4},"end":{"line":170,"column":null}},"type":"if","locations":[{"start":{"line":168,"column":4},"end":{"line":170,"column":null}},{"start":{},"end":{}}],"line":168},"15":{"loc":{"start":{"line":168,"column":8},"end":{"line":168,"column":52}},"type":"binary-expr","locations":[{"start":{"line":168,"column":8},"end":{"line":168,"column":28}},{"start":{"line":168,"column":13},"end":{"line":168,"column":52}}],"line":168},"16":{"loc":{"start":{"line":178,"column":4},"end":{"line":180,"column":null}},"type":"if","locations":[{"start":{"line":178,"column":4},"end":{"line":180,"column":null}},{"start":{},"end":{}}],"line":178},"17":{"loc":{"start":{"line":187,"column":4},"end":{"line":189,"column":null}},"type":"if","locations":[{"start":{"line":187,"column":4},"end":{"line":189,"column":null}},{"start":{},"end":{}}],"line":187},"18":{"loc":{"start":{"line":196,"column":4},"end":{"line":198,"column":null}},"type":"if","locations":[{"start":{"line":196,"column":4},"end":{"line":198,"column":null}},{"start":{},"end":{}}],"line":196},"19":{"loc":{"start":{"line":205,"column":4},"end":{"line":207,"column":null}},"type":"if","locations":[{"start":{"line":205,"column":4},"end":{"line":207,"column":null}},{"start":{},"end":{}}],"line":205},"20":{"loc":{"start":{"line":208,"column":4},"end":{"line":210,"column":null}},"type":"if","locations":[{"start":{"line":208,"column":4},"end":{"line":210,"column":null}},{"start":{},"end":{}}],"line":208},"21":{"loc":{"start":{"line":217,"column":4},"end":{"line":219,"column":null}},"type":"if","locations":[{"start":{"line":217,"column":4},"end":{"line":219,"column":null}},{"start":{},"end":{}}],"line":217},"22":{"loc":{"start":{"line":231,"column":4},"end":{"line":233,"column":null}},"type":"if","locations":[{"start":{"line":231,"column":4},"end":{"line":233,"column":null}},{"start":{},"end":{}}],"line":231},"23":{"loc":{"start":{"line":236,"column":4},"end":{"line":238,"column":null}},"type":"if","locations":[{"start":{"line":236,"column":4},"end":{"line":238,"column":null}},{"start":{},"end":{}}],"line":236},"24":{"loc":{"start":{"line":244,"column":4},"end":{"line":246,"column":null}},"type":"if","locations":[{"start":{"line":244,"column":4},"end":{"line":246,"column":null}},{"start":{},"end":{}}],"line":244},"25":{"loc":{"start":{"line":252,"column":4},"end":{"line":254,"column":null}},"type":"if","locations":[{"start":{"line":252,"column":4},"end":{"line":254,"column":null}},{"start":{},"end":{}}],"line":252},"26":{"loc":{"start":{"line":272,"column":4},"end":{"line":274,"column":null}},"type":"if","locations":[{"start":{"line":272,"column":4},"end":{"line":274,"column":null}},{"start":{},"end":{}}],"line":272},"27":{"loc":{"start":{"line":277,"column":4},"end":{"line":279,"column":null}},"type":"if","locations":[{"start":{"line":277,"column":4},"end":{"line":279,"column":null}},{"start":{},"end":{}}],"line":277},"28":{"loc":{"start":{"line":285,"column":4},"end":{"line":287,"column":null}},"type":"if","locations":[{"start":{"line":285,"column":4},"end":{"line":287,"column":null}},{"start":{},"end":{}}],"line":285},"29":{"loc":{"start":{"line":290,"column":4},"end":{"line":292,"column":null}},"type":"if","locations":[{"start":{"line":290,"column":4},"end":{"line":292,"column":null}},{"start":{},"end":{}}],"line":290},"30":{"loc":{"start":{"line":299,"column":4},"end":{"line":301,"column":null}},"type":"if","locations":[{"start":{"line":299,"column":4},"end":{"line":301,"column":null}},{"start":{},"end":{}}],"line":299},"31":{"loc":{"start":{"line":304,"column":4},"end":{"line":306,"column":null}},"type":"if","locations":[{"start":{"line":304,"column":4},"end":{"line":306,"column":null}},{"start":{},"end":{}}],"line":304},"32":{"loc":{"start":{"line":317,"column":4},"end":{"line":319,"column":null}},"type":"if","locations":[{"start":{"line":317,"column":4},"end":{"line":319,"column":null}},{"start":{},"end":{}}],"line":317},"33":{"loc":{"start":{"line":333,"column":4},"end":{"line":335,"column":null}},"type":"if","locations":[{"start":{"line":333,"column":4},"end":{"line":335,"column":null}},{"start":{},"end":{}}],"line":333},"34":{"loc":{"start":{"line":342,"column":4},"end":{"line":342,"column":null}},"type":"if","locations":[{"start":{"line":342,"column":4},"end":{"line":342,"column":null}},{"start":{},"end":{}}],"line":342},"35":{"loc":{"start":{"line":345,"column":4},"end":{"line":349,"column":null}},"type":"if","locations":[{"start":{"line":345,"column":4},"end":{"line":349,"column":null}},{"start":{},"end":{}}],"line":345},"36":{"loc":{"start":{"line":351,"column":4},"end":{"line":354,"column":null}},"type":"if","locations":[{"start":{"line":351,"column":4},"end":{"line":354,"column":null}},{"start":{},"end":{}}],"line":351},"37":{"loc":{"start":{"line":356,"column":4},"end":{"line":359,"column":null}},"type":"if","locations":[{"start":{"line":356,"column":4},"end":{"line":359,"column":null}},{"start":{},"end":{}}],"line":356},"38":{"loc":{"start":{"line":363,"column":4},"end":{"line":365,"column":null}},"type":"if","locations":[{"start":{"line":363,"column":4},"end":{"line":365,"column":null}},{"start":{},"end":{}}],"line":363},"39":{"loc":{"start":{"line":369,"column":4},"end":{"line":373,"column":null}},"type":"if","locations":[{"start":{"line":369,"column":4},"end":{"line":373,"column":null}},{"start":{},"end":{}}],"line":369}},"s":{"0":62,"1":62,"2":62,"3":62,"4":1,"5":62,"6":5,"7":57,"8":57,"9":57,"10":4,"11":4,"12":4,"13":53,"14":57,"15":5,"16":5,"17":5,"18":0,"19":32,"20":32,"21":0,"22":31,"23":32,"24":32,"25":32,"26":1,"27":30,"28":3,"29":27,"30":1,"31":26,"32":30,"33":0,"34":0,"35":30,"36":2,"37":2,"38":0,"39":2,"40":2,"41":2,"42":0,"43":0,"44":2,"45":5,"46":5,"47":0,"48":5,"49":2,"50":2,"51":0,"52":2,"53":0,"54":0,"55":0,"56":0,"57":1,"58":1,"59":0,"60":1,"61":0,"62":1,"63":1,"64":1,"65":0,"66":1,"67":1,"68":1,"69":1,"70":0,"71":1,"72":1,"73":1,"74":0,"75":0,"76":1,"77":1,"78":0,"79":1,"80":1,"81":1,"82":0,"83":1,"84":1,"85":3,"86":3,"87":1,"88":2,"89":2,"90":2,"91":1,"92":0,"93":3,"94":3,"95":1,"96":2,"97":2,"98":2,"99":1,"100":0,"101":2,"102":3,"103":3,"104":1,"105":2,"106":2,"107":2,"108":1,"109":0,"110":3,"111":3,"112":1,"113":2,"114":2,"115":3,"116":3,"117":1,"118":2,"119":2,"120":64,"121":3,"122":61,"123":61,"124":5,"125":5,"126":5,"127":56,"128":4,"129":3,"130":4,"131":56,"132":56,"133":56,"134":61,"135":1,"136":10,"137":2},"f":{"0":62,"1":62,"2":62,"3":62,"4":0,"5":32,"6":0,"7":2,"8":0,"9":5,"10":2,"11":0,"12":1,"13":1,"14":1,"15":0,"16":1,"17":1,"18":3,"19":0,"20":3,"21":0,"22":3,"23":0,"24":3,"25":3,"26":64,"27":3,"28":61,"29":10},"b":{"0":[5,57],"1":[4,53],"2":[0,4],"3":[0,32],"4":[32,4],"5":[1,30],"6":[32,4],"7":[3,27],"8":[1,26],"9":[0,30],"10":[30,0],"11":[0,2],"12":[1,1],"13":[2,1],"14":[0,2],"15":[2,0],"16":[0,5],"17":[0,2],"18":[0,0],"19":[0,1],"20":[0,1],"21":[0,1],"22":[0,1],"23":[0,1],"24":[0,1],"25":[0,1],"26":[1,2],"27":[1,1],"28":[1,2],"29":[1,1],"30":[1,2],"31":[1,1],"32":[1,2],"33":[1,2],"34":[3,61],"35":[5,56],"36":[4,52],"37":[56,0],"38":[1,60],"39":[2,8]},"meta":{"lastBranch":40,"lastFunction":30,"lastStatement":138,"seen":{"s:48:19:48:Infinity":0,"f:50:10:50:Infinity":0,"s:55:4:55:Infinity":1,"s:56:4:56:Infinity":2,"s:57:4:57:Infinity":3,"f:61:9:61:27":1,"s:62:4:62:Infinity":4,"f:71:15:71:22":2,"b:72:4:74:Infinity:undefined:undefined:undefined:undefined":0,"s:72:4:74:Infinity":5,"s:73:6:73:Infinity":6,"s:76:4:76:Infinity":7,"s:78:49:78:Infinity":8,"b:81:4:92:Infinity:90:11:92:Infinity":1,"s:81:4:92:Infinity":9,"s:82:6:85:Infinity":10,"s:86:23:86:Infinity":11,"s:87:6:89:Infinity":12,"b:88:10:88:Infinity:89:10:89:Infinity":2,"s:91:6:91:Infinity":13,"s:94:4:94:Infinity":14,"f:97:23:97:Infinity":3,"s:100:18:100:Infinity":15,"s:101:4:101:Infinity":16,"s:102:4:102:Infinity":17,"f:106:6:106:24":4,"s:107:4:107:Infinity":18,"f:117:8:117:Infinity":5,"s:121:4:121:Infinity":19,"b:123:4:125:Infinity:undefined:undefined:undefined:undefined":3,"s:123:4:125:Infinity":20,"s:124:6:124:Infinity":21,"s:127:17:127:Infinity":22,"s:128:19:128:Infinity":23,"s:129:20:129:Infinity":24,"b:129:20:129:28:129:28:129:Infinity":4,"b:132:4:140:Infinity:134:4:140:Infinity":5,"s:132:4:140:Infinity":25,"b:132:8:132:19:132:19:132:27":6,"s:133:6:133:Infinity":26,"b:134:4:140:Infinity:136:4:140:Infinity":7,"s:134:4:140:Infinity":27,"s:135:6:135:Infinity":28,"b:136:4:140:Infinity:138:11:140:Infinity":8,"s:136:4:140:Infinity":29,"s:137:6:137:Infinity":30,"s:139:6:139:Infinity":31,"b:142:4:144:Infinity:undefined:undefined:undefined:undefined":9,"s:142:4:144:Infinity":32,"b:142:8:142:28:142:13:142:52":10,"s:143:6:143:Infinity":33,"f:143:36:143:42":6,"s:143:42:143:69":34,"s:146:4:146:Infinity":35,"f:156:8:156:19":7,"s:157:4:157:Infinity":36,"b:159:4:161:Infinity:undefined:undefined:undefined:undefined":11,"s:159:4:161:Infinity":37,"s:160:6:160:Infinity":38,"s:163:17:163:Infinity":39,"s:164:19:166:Infinity":40,"b:165:8:165:Infinity:166:8:166:Infinity":12,"b:164:19:164:27:164:27:164:Infinity":13,"b:168:4:170:Infinity:undefined:undefined:undefined:undefined":14,"s:168:4:170:Infinity":41,"b:168:8:168:28:168:13:168:52":15,"s:169:6:169:Infinity":42,"f:169:36:169:42":8,"s:169:42:169:69":43,"s:172:4:172:Infinity":44,"f:176:8:176:37":9,"s:177:4:177:Infinity":45,"b:178:4:180:Infinity:undefined:undefined:undefined:undefined":16,"s:178:4:180:Infinity":46,"s:179:6:179:Infinity":47,"s:181:4:181:Infinity":48,"f:185:8:185:37":10,"s:186:4:186:Infinity":49,"b:187:4:189:Infinity:undefined:undefined:undefined:undefined":17,"s:187:4:189:Infinity":50,"s:188:6:188:Infinity":51,"s:190:4:190:Infinity":52,"f:194:8:194:35":11,"s:195:4:195:Infinity":53,"b:196:4:198:Infinity:undefined:undefined:undefined:undefined":18,"s:196:4:198:Infinity":54,"s:197:6:197:Infinity":55,"s:199:4:199:Infinity":56,"f:203:8:203:46":12,"s:204:4:204:Infinity":57,"b:205:4:207:Infinity:undefined:undefined:undefined:undefined":19,"s:205:4:207:Infinity":58,"s:206:6:206:Infinity":59,"b:208:4:210:Infinity:undefined:undefined:undefined:undefined":20,"s:208:4:210:Infinity":60,"s:209:6:209:Infinity":61,"s:211:4:211:Infinity":62,"f:215:8:215:44":13,"s:216:4:216:Infinity":63,"b:217:4:219:Infinity:undefined:undefined:undefined:undefined":21,"s:217:4:219:Infinity":64,"s:218:6:218:Infinity":65,"s:220:17:220:Infinity":66,"s:221:4:225:Infinity":67,"f:229:8:229:15":14,"s:230:4:230:Infinity":68,"b:231:4:233:Infinity:undefined:undefined:undefined:undefined":22,"s:231:4:233:Infinity":69,"s:232:6:232:Infinity":70,"s:234:4:234:Infinity":71,"s:235:4:235:Infinity":72,"b:236:4:238:Infinity:undefined:undefined:undefined:undefined":23,"s:236:4:238:Infinity":73,"s:237:6:237:Infinity":74,"f:237:36:237:42":15,"s:237:42:237:69":75,"f:242:8:242:31":16,"s:243:4:243:Infinity":76,"b:244:4:246:Infinity:undefined:undefined:undefined:undefined":24,"s:244:4:246:Infinity":77,"s:245:6:245:Infinity":78,"s:249:4:249:Infinity":79,"s:250:4:250:Infinity":80,"b:252:4:254:Infinity:undefined:undefined:undefined:undefined":25,"s:252:4:254:Infinity":81,"s:253:6:253:Infinity":82,"f:263:8:263:21":17,"s:264:4:264:Infinity":83,"s:266:4:266:Infinity":84,"f:270:8:270:24":18,"s:271:4:271:Infinity":85,"b:272:4:274:Infinity:undefined:undefined:undefined:undefined":26,"s:272:4:274:Infinity":86,"s:273:6:273:Infinity":87,"s:275:4:275:Infinity":88,"s:276:4:276:Infinity":89,"b:277:4:279:Infinity:undefined:undefined:undefined:undefined":27,"s:277:4:279:Infinity":90,"s:278:6:278:Infinity":91,"f:278:36:278:42":19,"s:278:42:278:69":92,"f:283:8:283:22":20,"s:284:4:284:Infinity":93,"b:285:4:287:Infinity:undefined:undefined:undefined:undefined":28,"s:285:4:287:Infinity":94,"s:286:6:286:Infinity":95,"s:288:4:288:Infinity":96,"s:289:20:289:Infinity":97,"b:290:4:292:Infinity:undefined:undefined:undefined:undefined":29,"s:290:4:292:Infinity":98,"s:291:6:291:Infinity":99,"f:291:36:291:42":21,"s:291:42:291:69":100,"s:293:4:293:Infinity":101,"f:297:8:297:25":22,"s:298:4:298:Infinity":102,"b:299:4:301:Infinity:undefined:undefined:undefined:undefined":30,"s:299:4:301:Infinity":103,"s:300:6:300:Infinity":104,"s:302:4:302:Infinity":105,"s:303:4:303:Infinity":106,"b:304:4:306:Infinity:undefined:undefined:undefined:undefined":31,"s:304:4:306:Infinity":107,"s:305:6:305:Infinity":108,"f:305:36:305:42":23,"s:305:42:305:69":109,"f:310:8:310:Infinity":24,"s:316:4:316:Infinity":110,"b:317:4:319:Infinity:undefined:undefined:undefined:undefined":32,"s:317:4:319:Infinity":111,"s:318:6:318:Infinity":112,"s:320:4:320:Infinity":113,"s:321:4:321:Infinity":114,"f:325:8:325:Infinity":25,"s:332:4:332:Infinity":115,"b:333:4:335:Infinity:undefined:undefined:undefined:undefined":33,"s:333:4:335:Infinity":116,"s:334:6:334:Infinity":117,"s:336:4:336:Infinity":118,"s:337:4:337:Infinity":119,"f:341:8:341:31":26,"b:342:4:342:Infinity:undefined:undefined:undefined:undefined":34,"s:342:4:342:Infinity":120,"s:342:21:342:Infinity":121,"s:343:4:343:Infinity":122,"b:345:4:349:Infinity:undefined:undefined:undefined:undefined":35,"s:345:4:349:Infinity":123,"s:346:6:346:Infinity":124,"s:347:6:347:Infinity":125,"s:348:6:348:Infinity":126,"b:351:4:354:Infinity:undefined:undefined:undefined:undefined":36,"s:351:4:354:Infinity":127,"s:352:6:352:Infinity":128,"f:352:35:352:41":27,"s:352:41:352:68":129,"s:353:6:353:Infinity":130,"b:356:4:359:Infinity:undefined:undefined:undefined:undefined":37,"s:356:4:359:Infinity":131,"s:357:6:357:Infinity":132,"s:358:6:358:Infinity":133,"f:362:10:362:29":28,"b:363:4:365:Infinity:undefined:undefined:undefined:undefined":38,"s:363:4:365:Infinity":134,"s:364:6:364:Infinity":135,"f:368:10:368:24":29,"b:369:4:373:Infinity:undefined:undefined:undefined:undefined":39,"s:369:4:373:Infinity":136,"s:370:6:372:Infinity":137}}}
,"H:\\GrafeoDB\\grafeo-web\\src\\lite.ts": {"path":"H:\\GrafeoDB\\grafeo-web\\src\\lite.ts","statementMap":{"0":{"start":{"line":34,"column":19},"end":{"line":34,"column":null}},"1":{"start":{"line":40,"column":4},"end":{"line":40,"column":null}},"2":{"start":{"line":41,"column":4},"end":{"line":41,"column":null}},"3":{"start":{"line":52,"column":4},"end":{"line":52,"column":null}},"4":{"start":{"line":54,"column":49},"end":{"line":54,"column":null}},"5":{"start":{"line":57,"column":4},"end":{"line":68,"column":null}},"6":{"start":{"line":58,"column":6},"end":{"line":61,"column":null}},"7":{"start":{"line":62,"column":23},"end":{"line":62,"column":null}},"8":{"start":{"line":63,"column":6},"end":{"line":65,"column":null}},"9":{"start":{"line":67,"column":6},"end":{"line":67,"column":null}},"10":{"start":{"line":70,"column":4},"end":{"line":70,"column":null}},"11":{"start":{"line":75,"column":4},"end":{"line":75,"column":null}},"12":{"start":{"line":83,"column":4},"end":{"line":83,"column":null}},"13":{"start":{"line":84,"column":19},"end":{"line":84,"column":null}},"14":{"start":{"line":85,"column":19},"end":{"line":87,"column":null}},"15":{"start":{"line":89,"column":4},"end":{"line":91,"column":null}},"16":{"start":{"line":90,"column":6},"end":{"line":90,"column":null}},"17":{"start":{"line":90,"column":42},"end":{"line":90,"column":69}},"18":{"start":{"line":93,"column":4},"end":{"line":93,"column":null}},"19":{"start":{"line":98,"column":4},"end":{"line":98,"column":null}},"20":{"start":{"line":99,"column":19},"end":{"line":99,"column":null}},"21":{"start":{"line":101,"column":4},"end":{"line":103,"column":null}},"22":{"start":{"line":102,"column":6},"end":{"line":102,"column":null}},"23":{"start":{"line":102,"column":42},"end":{"line":102,"column":69}},"24":{"start":{"line":105,"column":4},"end":{"line":105,"column":null}},"25":{"start":{"line":110,"column":4},"end":{"line":110,"column":null}},"26":{"start":{"line":111,"column":4},"end":{"line":111,"column":null}},"27":{"start":{"line":116,"column":4},"end":{"line":116,"column":null}},"28":{"start":{"line":117,"column":4},"end":{"line":117,"column":null}},"29":{"start":{"line":122,"column":4},"end":{"line":122,"column":null}},"30":{"start":{"line":123,"column":4},"end":{"line":123,"column":null}},"31":{"start":{"line":128,"column":4},"end":{"line":128,"column":null}},"32":{"start":{"line":129,"column":4},"end":{"line":131,"column":null}},"33":{"start":{"line":130,"column":6},"end":{"line":130,"column":null}},"34":{"start":{"line":132,"column":4},"end":{"line":132,"column":null}},"35":{"start":{"line":137,"column":4},"end":{"line":137,"column":null}},"36":{"start":{"line":138,"column":17},"end":{"line":138,"column":null}},"37":{"start":{"line":139,"column":4},"end":{"line":139,"column":null}},"38":{"start":{"line":144,"column":4},"end":{"line":144,"column":null}},"39":{"start":{"line":145,"column":4},"end":{"line":145,"column":null}},"40":{"start":{"line":146,"column":4},"end":{"line":146,"column":null}},"41":{"start":{"line":147,"column":4},"end":{"line":149,"column":null}},"42":{"start":{"line":148,"column":6},"end":{"line":148,"column":null}},"43":{"start":{"line":148,"column":42},"end":{"line":148,"column":69}},"44":{"start":{"line":154,"column":4},"end":{"line":154,"column":null}},"45":{"start":{"line":155,"column":4},"end":{"line":155,"column":null}},"46":{"start":{"line":156,"column":4},"end":{"line":156,"column":null}},"47":{"start":{"line":157,"column":4},"end":{"line":159,"column":null}},"48":{"start":{"line":158,"column":6},"end":{"line":158,"column":null}},"49":{"start":{"line":164,"column":4},"end":{"line":164,"column":null}},"50":{"start":{"line":165,"column":4},"end":{"line":165,"column":null}},"51":{"start":{"line":170,"column":4},"end":{"line":170,"column":null}},"52":{"start":{"line":170,"column":21},"end":{"line":170,"column":null}},"53":{"start":{"line":171,"column":4},"end":{"line":171,"column":null}},"54":{"start":{"line":173,"column":4},"end":{"line":176,"column":null}},"55":{"start":{"line":174,"column":6},"end":{"line":174,"column":null}},"56":{"start":{"line":174,"column":41},"end":{"line":174,"column":68}},"57":{"start":{"line":175,"column":6},"end":{"line":175,"column":null}},"58":{"start":{"line":178,"column":4},"end":{"line":181,"column":null}},"59":{"start":{"line":179,"column":6},"end":{"line":179,"column":null}},"60":{"start":{"line":180,"column":6},"end":{"line":180,"column":null}},"61":{"start":{"line":185,"column":4},"end":{"line":187,"column":null}},"62":{"start":{"line":186,"column":6},"end":{"line":186,"column":null}}},"fnMap":{"0":{"name":"(anonymous_0)","decl":{"start":{"line":36,"column":10},"end":{"line":36,"column":null}},"loc":{"start":{"line":39,"column":4},"end":{"line":42,"column":null}},"line":39},"1":{"name":"(anonymous_1)","decl":{"start":{"line":50,"column":15},"end":{"line":50,"column":22}},"loc":{"start":{"line":50,"column":66},"end":{"line":71,"column":null}},"line":50},"2":{"name":"(anonymous_2)","decl":{"start":{"line":74,"column":6},"end":{"line":74,"column":24}},"loc":{"start":{"line":74,"column":24},"end":{"line":76,"column":null}},"line":74},"3":{"name":"(anonymous_3)","decl":{"start":{"line":79,"column":8},"end":{"line":79,"column":null}},"loc":{"start":{"line":82,"column":40},"end":{"line":94,"column":null}},"line":82},"4":{"name":"(anonymous_4)","decl":{"start":{"line":90,"column":36},"end":{"line":90,"column":42}},"loc":{"start":{"line":90,"column":42},"end":{"line":90,"column":69}},"line":90},"5":{"name":"(anonymous_5)","decl":{"start":{"line":97,"column":8},"end":{"line":97,"column":19}},"loc":{"start":{"line":97,"column":59},"end":{"line":106,"column":null}},"line":97},"6":{"name":"(anonymous_6)","decl":{"start":{"line":102,"column":36},"end":{"line":102,"column":42}},"loc":{"start":{"line":102,"column":42},"end":{"line":102,"column":69}},"line":102},"7":{"name":"(anonymous_7)","decl":{"start":{"line":109,"column":8},"end":{"line":109,"column":37}},"loc":{"start":{"line":109,"column":37},"end":{"line":112,"column":null}},"line":109},"8":{"name":"(anonymous_8)","decl":{"start":{"line":115,"column":8},"end":{"line":115,"column":37}},"loc":{"start":{"line":115,"column":37},"end":{"line":118,"column":null}},"line":115},"9":{"name":"(anonymous_9)","decl":{"start":{"line":121,"column":8},"end":{"line":121,"column":35}},"loc":{"start":{"line":121,"column":35},"end":{"line":124,"column":null}},"line":121},"10":{"name":"(anonymous_10)","decl":{"start":{"line":127,"column":8},"end":{"line":127,"column":46}},"loc":{"start":{"line":127,"column":46},"end":{"line":133,"column":null}},"line":127},"11":{"name":"(anonymous_11)","decl":{"start":{"line":136,"column":8},"end":{"line":136,"column":44}},"loc":{"start":{"line":136,"column":44},"end":{"line":140,"column":null}},"line":136},"12":{"name":"(anonymous_12)","decl":{"start":{"line":143,"column":8},"end":{"line":143,"column":15}},"loc":{"start":{"line":143,"column":58},"end":{"line":150,"column":null}},"line":143},"13":{"name":"(anonymous_13)","decl":{"start":{"line":148,"column":36},"end":{"line":148,"column":42}},"loc":{"start":{"line":148,"column":42},"end":{"line":148,"column":69}},"line":148},"14":{"name":"(anonymous_14)","decl":{"start":{"line":153,"column":8},"end":{"line":153,"column":31}},"loc":{"start":{"line":153,"column":31},"end":{"line":160,"column":null}},"line":153},"15":{"name":"(anonymous_15)","decl":{"start":{"line":163,"column":8},"end":{"line":163,"column":21}},"loc":{"start":{"line":163,"column":60},"end":{"line":166,"column":null}},"line":163},"16":{"name":"(anonymous_16)","decl":{"start":{"line":169,"column":8},"end":{"line":169,"column":31}},"loc":{"start":{"line":169,"column":31},"end":{"line":182,"column":null}},"line":169},"17":{"name":"(anonymous_17)","decl":{"start":{"line":174,"column":35},"end":{"line":174,"column":41}},"loc":{"start":{"line":174,"column":41},"end":{"line":174,"column":68}},"line":174},"18":{"name":"(anonymous_18)","decl":{"start":{"line":184,"column":10},"end":{"line":184,"column":29}},"loc":{"start":{"line":184,"column":29},"end":{"line":188,"column":null}},"line":184}},"branchMap":{"0":{"loc":{"start":{"line":57,"column":4},"end":{"line":68,"column":null}},"type":"if","locations":[{"start":{"line":57,"column":4},"end":{"line":68,"column":null}},{"start":{"line":66,"column":11},"end":{"line":68,"column":null}}],"line":57},"1":{"loc":{"start":{"line":63,"column":13},"end":{"line":65,"column":null}},"type":"cond-expr","locations":[{"start":{"line":64,"column":10},"end":{"line":64,"column":null}},{"start":{"line":65,"column":10},"end":{"line":65,"column":null}}],"line":63},"2":{"loc":{"start":{"line":85,"column":19},"end":{"line":87,"column":null}},"type":"cond-expr","locations":[{"start":{"line":86,"column":8},"end":{"line":86,"column":null}},{"start":{"line":87,"column":8},"end":{"line":87,"column":null}}],"line":85},"3":{"loc":{"start":{"line":89,"column":4},"end":{"line":91,"column":null}},"type":"if","locations":[{"start":{"line":89,"column":4},"end":{"line":91,"column":null}},{"start":{},"end":{}}],"line":89},"4":{"loc":{"start":{"line":89,"column":8},"end":{"line":89,"column":52}},"type":"binary-expr","locations":[{"start":{"line":89,"column":8},"end":{"line":89,"column":28}},{"start":{"line":89,"column":13},"end":{"line":89,"column":52}}],"line":89},"5":{"loc":{"start":{"line":101,"column":4},"end":{"line":103,"column":null}},"type":"if","locations":[{"start":{"line":101,"column":4},"end":{"line":103,"column":null}},{"start":{},"end":{}}],"line":101},"6":{"loc":{"start":{"line":101,"column":8},"end":{"line":101,"column":52}},"type":"binary-expr","locations":[{"start":{"line":101,"column":8},"end":{"line":101,"column":28}},{"start":{"line":101,"column":13},"end":{"line":101,"column":52}}],"line":101},"7":{"loc":{"start":{"line":129,"column":4},"end":{"line":131,"column":null}},"type":"if","locations":[{"start":{"line":129,"column":4},"end":{"line":131,"column":null}},{"start":{},"end":{}}],"line":129},"8":{"loc":{"start":{"line":147,"column":4},"end":{"line":149,"column":null}},"type":"if","locations":[{"start":{"line":147,"column":4},"end":{"line":149,"column":null}},{"start":{},"end":{}}],"line":147},"9":{"loc":{"start":{"line":157,"column":4},"end":{"line":159,"column":null}},"type":"if","locations":[{"start":{"line":157,"column":4},"end":{"line":159,"column":null}},{"start":{},"end":{}}],"line":157},"10":{"loc":{"start":{"line":170,"column":4},"end":{"line":170,"column":null}},"type":"if","locations":[{"start":{"line":170,"column":4},"end":{"line":170,"column":null}},{"start":{},"end":{}}],"line":170},"11":{"loc":{"start":{"line":173,"column":4},"end":{"line":176,"column":null}},"type":"if","locations":[{"start":{"line":173,"column":4},"end":{"line":176,"column":null}},{"start":{},"end":{}}],"line":173},"12":{"loc":{"start":{"line":178,"column":4},"end":{"line":181,"column":null}},"type":"if","locations":[{"start":{"line":178,"column":4},"end":{"line":181,"column":null}},{"start":{},"end":{}}],"line":178},"13":{"loc":{"start":{"line":185,"column":4},"end":{"line":187,"column":null}},"type":"if","locations":[{"start":{"line":185,"column":4},"end":{"line":187,"column":null}},{"start":{},"end":{}}],"line":185}},"s":{"0":19,"1":19,"2":19,"3":19,"4":19,"5":19,"6":0,"7":0,"8":0,"9":19,"10":19,"11":2,"12":15,"13":15,"14":15,"15":15,"16":0,"17":0,"18":13,"19":1,"20":1,"21":1,"22":0,"23":0,"24":1,"25":5,"26":5,"27":2,"28":2,"29":0,"30":0,"31":0,"32":0,"33":0,"34":0,"35":1,"36":1,"37":1,"38":1,"39":1,"40":1,"41":1,"42":0,"43":0,"44":1,"45":1,"46":1,"47":1,"48":0,"49":0,"50":0,"51":20,"52":1,"53":19,"54":19,"55":0,"56":0,"57":0,"58":19,"59":19,"60":19,"61":26,"62":1},"f":{"0":19,"1":19,"2":2,"3":15,"4":0,"5":1,"6":0,"7":5,"8":2,"9":0,"10":0,"11":1,"12":1,"13":0,"14":1,"15":0,"16":20,"17":0,"18":26},"b":{"0":[0,19],"1":[0,0],"2":[1,13],"3":[0,15],"4":[15,0],"5":[0,1],"6":[1,0],"7":[0,0],"8":[0,1],"9":[0,1],"10":[1,19],"11":[0,19],"12":[19,0],"13":[1,25]},"meta":{"lastBranch":14,"lastFunction":19,"lastStatement":63,"seen":{"s:34:19:34:Infinity":0,"f:36:10:36:Infinity":0,"s:40:4:40:Infinity":1,"s:41:4:41:Infinity":2,"f:50:15:50:22":1,"s:52:4:52:Infinity":3,"s:54:49:54:Infinity":4,"b:57:4:68:Infinity:66:11:68:Infinity":0,"s:57:4:68:Infinity":5,"s:58:6:61:Infinity":6,"s:62:23:62:Infinity":7,"s:63:6:65:Infinity":8,"b:64:10:64:Infinity:65:10:65:Infinity":1,"s:67:6:67:Infinity":9,"s:70:4:70:Infinity":10,"f:74:6:74:24":2,"s:75:4:75:Infinity":11,"f:79:8:79:Infinity":3,"s:83:4:83:Infinity":12,"s:84:19:84:Infinity":13,"s:85:19:87:Infinity":14,"b:86:8:86:Infinity:87:8:87:Infinity":2,"b:89:4:91:Infinity:undefined:undefined:undefined:undefined":3,"s:89:4:91:Infinity":15,"b:89:8:89:28:89:13:89:52":4,"s:90:6:90:Infinity":16,"f:90:36:90:42":4,"s:90:42:90:69":17,"s:93:4:93:Infinity":18,"f:97:8:97:19":5,"s:98:4:98:Infinity":19,"s:99:19:99:Infinity":20,"b:101:4:103:Infinity:undefined:undefined:undefined:undefined":5,"s:101:4:103:Infinity":21,"b:101:8:101:28:101:13:101:52":6,"s:102:6:102:Infinity":22,"f:102:36:102:42":6,"s:102:42:102:69":23,"s:105:4:105:Infinity":24,"f:109:8:109:37":7,"s:110:4:110:Infinity":25,"s:111:4:111:Infinity":26,"f:115:8:115:37":8,"s:116:4:116:Infinity":27,"s:117:4:117:Infinity":28,"f:121:8:121:35":9,"s:122:4:122:Infinity":29,"s:123:4:123:Infinity":30,"f:127:8:127:46":10,"s:128:4:128:Infinity":31,"b:129:4:131:Infinity:undefined:undefined:undefined:undefined":7,"s:129:4:131:Infinity":32,"s:130:6:130:Infinity":33,"s:132:4:132:Infinity":34,"f:136:8:136:44":11,"s:137:4:137:Infinity":35,"s:138:17:138:Infinity":36,"s:139:4:139:Infinity":37,"f:143:8:143:15":12,"s:144:4:144:Infinity":38,"s:145:4:145:Infinity":39,"s:146:4:146:Infinity":40,"b:147:4:149:Infinity:undefined:undefined:undefined:undefined":8,"s:147:4:149:Infinity":41,"s:148:6:148:Infinity":42,"f:148:36:148:42":13,"s:148:42:148:69":43,"f:153:8:153:31":14,"s:154:4:154:Infinity":44,"s:155:4:155:Infinity":45,"s:156:4:156:Infinity":46,"b:157:4:159:Infinity:undefined:undefined:undefined:undefined":9,"s:157:4:159:Infinity":47,"s:158:6:158:Infinity":48,"f:163:8:163:21":15,"s:164:4:164:Infinity":49,"s:165:4:165:Infinity":50,"f:169:8:169:31":16,"b:170:4:170:Infinity:undefined:undefined:undefined:undefined":10,"s:170:4:170:Infinity":51,"s:170:21:170:Infinity":52,"s:171:4:171:Infinity":53,"b:173:4:176:Infinity:undefined:undefined:undefined:undefined":11,"s:173:4:176:Infinity":54,"s:174:6:174:Infinity":55,"f:174:35:174:41":17,"s:174:41:174:68":56,"s:175:6:175:Infinity":57,"b:178:4:181:Infinity:undefined:undefined:undefined:undefined":12,"s:178:4:181:Infinity":58,"s:179:6:179:Infinity":59,"s:180:6:180:Infinity":60,"f:184:10:184:29":18,"b:185:4:187:Infinity:undefined:undefined:undefined:undefined":13,"s:185:4:187:Infinity":61,"s:186:6:186:Infinity":62}}}
,"H:\\GrafeoDB\\grafeo-web\\src\\persistence.ts": {"path":"H:\\GrafeoDB\\grafeo-web\\src\\persistence.ts","statementMap":{"0":{"start":{"line":3,"column":16},"end":{"line":3,"column":null}},"1":{"start":{"line":4,"column":19},"end":{"line":4,"column":null}},"2":{"start":{"line":5,"column":19},"end":{"line":5,"column":null}},"3":{"start":{"line":6,"column":33},"end":{"line":6,"column":null}},"4":{"start":{"line":15,"column":2},"end":{"line":27,"column":null}},"5":{"start":{"line":16,"column":20},"end":{"line":16,"column":null}},"6":{"start":{"line":18,"column":4},"end":{"line":23,"column":null}},"7":{"start":{"line":19,"column":17},"end":{"line":19,"column":null}},"8":{"start":{"line":20,"column":6},"end":{"line":22,"column":null}},"9":{"start":{"line":21,"column":8},"end":{"line":21,"column":null}},"10":{"start":{"line":25,"column":4},"end":{"line":25,"column":null}},"11":{"start":{"line":25,"column":30},"end":{"line":25,"column":null}},"12":{"start":{"line":26,"column":4},"end":{"line":26,"column":null}},"13":{"start":{"line":26,"column":28},"end":{"line":26,"column":null}},"14":{"start":{"line":31,"column":2},"end":{"line":34,"column":null}},"15":{"start":{"line":32,"column":4},"end":{"line":32,"column":null}},"16":{"start":{"line":32,"column":30},"end":{"line":32,"column":null}},"17":{"start":{"line":33,"column":4},"end":{"line":33,"column":null}},"18":{"start":{"line":33,"column":28},"end":{"line":33,"column":null}},"19":{"start":{"line":45,"column":56},"end":{"line":45,"column":null}},"20":{"start":{"line":46,"column":18},"end":{"line":46,"column":null}},"21":{"start":{"line":54,"column":4},"end":{"line":54,"column":null}},"22":{"start":{"line":55,"column":4},"end":{"line":55,"column":null}},"23":{"start":{"line":56,"column":4},"end":{"line":56,"column":null}},"24":{"start":{"line":56,"column":40},"end":{"line":56,"column":null}},"25":{"start":{"line":61,"column":15},"end":{"line":61,"column":null}},"26":{"start":{"line":62,"column":4},"end":{"line":71,"column":null}},"27":{"start":{"line":63,"column":17},"end":{"line":63,"column":null}},"28":{"start":{"line":64,"column":20},"end":{"line":64,"column":null}},"29":{"start":{"line":65,"column":21},"end":{"line":67,"column":null}},"30":{"start":{"line":68,"column":6},"end":{"line":68,"column":null}},"31":{"start":{"line":70,"column":6},"end":{"line":70,"column":null}},"32":{"start":{"line":76,"column":15},"end":{"line":76,"column":null}},"33":{"start":{"line":77,"column":4},"end":{"line":88,"column":null}},"34":{"start":{"line":78,"column":17},"end":{"line":78,"column":null}},"35":{"start":{"line":79,"column":20},"end":{"line":79,"column":null}},"36":{"start":{"line":80,"column":37},"end":{"line":84,"column":null}},"37":{"start":{"line":85,"column":6},"end":{"line":85,"column":null}},"38":{"start":{"line":87,"column":6},"end":{"line":87,"column":null}},"39":{"start":{"line":96,"column":4},"end":{"line":96,"column":null}},"40":{"start":{"line":98,"column":4},"end":{"line":100,"column":null}},"41":{"start":{"line":99,"column":6},"end":{"line":99,"column":null}},"42":{"start":{"line":102,"column":4},"end":{"line":113,"column":null}},"43":{"start":{"line":103,"column":6},"end":{"line":103,"column":null}},"44":{"start":{"line":104,"column":6},"end":{"line":112,"column":null}},"45":{"start":{"line":105,"column":8},"end":{"line":105,"column":null}},"46":{"start":{"line":106,"column":8},"end":{"line":111,"column":null}},"47":{"start":{"line":107,"column":27},"end":{"line":107,"column":null}},"48":{"start":{"line":108,"column":10},"end":{"line":108,"column":null}},"49":{"start":{"line":110,"column":10},"end":{"line":110,"column":null}},"50":{"start":{"line":118,"column":4},"end":{"line":121,"column":null}},"51":{"start":{"line":119,"column":6},"end":{"line":119,"column":null}},"52":{"start":{"line":120,"column":6},"end":{"line":120,"column":null}},"53":{"start":{"line":122,"column":4},"end":{"line":126,"column":null}},"54":{"start":{"line":123,"column":6},"end":{"line":123,"column":null}},"55":{"start":{"line":124,"column":23},"end":{"line":124,"column":null}},"56":{"start":{"line":125,"column":6},"end":{"line":125,"column":null}},"57":{"start":{"line":131,"column":4},"end":{"line":134,"column":null}},"58":{"start":{"line":132,"column":6},"end":{"line":132,"column":null}},"59":{"start":{"line":133,"column":6},"end":{"line":133,"column":null}},"60":{"start":{"line":135,"column":4},"end":{"line":135,"column":null}},"61":{"start":{"line":137,"column":15},"end":{"line":137,"column":null}},"62":{"start":{"line":138,"column":4},"end":{"line":144,"column":null}},"63":{"start":{"line":139,"column":17},"end":{"line":139,"column":null}},"64":{"start":{"line":140,"column":20},"end":{"line":140,"column":null}},"65":{"start":{"line":141,"column":6},"end":{"line":141,"column":null}},"66":{"start":{"line":143,"column":6},"end":{"line":143,"column":null}},"67":{"start":{"line":149,"column":4},"end":{"line":155,"column":null}},"68":{"start":{"line":150,"column":23},"end":{"line":150,"column":null}},"69":{"start":{"line":151,"column":6},"end":{"line":154,"column":null}},"70":{"start":{"line":156,"column":4},"end":{"line":156,"column":null}}},"fnMap":{"0":{"name":"openDatabase","decl":{"start":{"line":14,"column":9},"end":{"line":14,"column":46}},"loc":{"start":{"line":14,"column":46},"end":{"line":28,"column":null}},"line":14},"1":{"name":"(anonymous_1)","decl":{"start":{"line":15,"column":21},"end":{"line":15,"column":22}},"loc":{"start":{"line":15,"column":42},"end":{"line":27,"column":3}},"line":15},"2":{"name":"(anonymous_2)","decl":{"start":{"line":18,"column":30},"end":{"line":18,"column":36}},"loc":{"start":{"line":18,"column":36},"end":{"line":23,"column":null}},"line":18},"3":{"name":"(anonymous_3)","decl":{"start":{"line":25,"column":24},"end":{"line":25,"column":30}},"loc":{"start":{"line":25,"column":30},"end":{"line":25,"column":null}},"line":25},"4":{"name":"(anonymous_4)","decl":{"start":{"line":26,"column":22},"end":{"line":26,"column":28}},"loc":{"start":{"line":26,"column":28},"end":{"line":26,"column":null}},"line":26},"5":{"name":"idbRequest","decl":{"start":{"line":30,"column":9},"end":{"line":30,"column":23}},"loc":{"start":{"line":30,"column":59},"end":{"line":35,"column":null}},"line":30},"6":{"name":"(anonymous_6)","decl":{"start":{"line":31,"column":21},"end":{"line":31,"column":22}},"loc":{"start":{"line":31,"column":42},"end":{"line":34,"column":3}},"line":31},"7":{"name":"(anonymous_7)","decl":{"start":{"line":32,"column":24},"end":{"line":32,"column":30}},"loc":{"start":{"line":32,"column":30},"end":{"line":32,"column":null}},"line":32},"8":{"name":"(anonymous_8)","decl":{"start":{"line":33,"column":22},"end":{"line":33,"column":28}},"loc":{"start":{"line":33,"column":28},"end":{"line":33,"column":null}},"line":33},"9":{"name":"(anonymous_9)","decl":{"start":{"line":49,"column":2},"end":{"line":49,"column":null}},"loc":{"start":{"line":53,"column":4},"end":{"line":57,"column":null}},"line":53},"10":{"name":"(anonymous_10)","decl":{"start":{"line":56,"column":31},"end":{"line":56,"column":32}},"loc":{"start":{"line":56,"column":40},"end":{"line":56,"column":null}},"line":56},"11":{"name":"(anonymous_11)","decl":{"start":{"line":60,"column":8},"end":{"line":60,"column":43}},"loc":{"start":{"line":60,"column":43},"end":{"line":72,"column":null}},"line":60},"12":{"name":"(anonymous_12)","decl":{"start":{"line":75,"column":8},"end":{"line":75,"column":13}},"loc":{"start":{"line":75,"column":50},"end":{"line":89,"column":null}},"line":75},"13":{"name":"(anonymous_13)","decl":{"start":{"line":95,"column":2},"end":{"line":95,"column":15}},"loc":{"start":{"line":95,"column":52},"end":{"line":114,"column":null}},"line":95},"14":{"name":"(anonymous_14)","decl":{"start":{"line":102,"column":28},"end":{"line":102,"column":40}},"loc":{"start":{"line":102,"column":40},"end":{"line":113,"column":7}},"line":102},"15":{"name":"(anonymous_15)","decl":{"start":{"line":117,"column":8},"end":{"line":117,"column":14}},"loc":{"start":{"line":117,"column":60},"end":{"line":127,"column":null}},"line":117},"16":{"name":"(anonymous_16)","decl":{"start":{"line":130,"column":8},"end":{"line":130,"column":31}},"loc":{"start":{"line":130,"column":31},"end":{"line":145,"column":null}},"line":130},"17":{"name":"(anonymous_17)","decl":{"start":{"line":148,"column":8},"end":{"line":148,"column":46}},"loc":{"start":{"line":148,"column":46},"end":{"line":157,"column":null}},"line":148}},"branchMap":{"0":{"loc":{"start":{"line":20,"column":6},"end":{"line":22,"column":null}},"type":"if","locations":[{"start":{"line":20,"column":6},"end":{"line":22,"column":null}},{"start":{},"end":{}}],"line":20},"1":{"loc":{"start":{"line":55,"column":20},"end":{"line":55,"column":null}},"type":"binary-expr","locations":[{"start":{"line":55,"column":20},"end":{"line":55,"column":32}},{"start":{"line":55,"column":32},"end":{"line":55,"column":null}}],"line":55},"2":{"loc":{"start":{"line":56,"column":19},"end":{"line":56,"column":null}},"type":"binary-expr","locations":[{"start":{"line":56,"column":19},"end":{"line":56,"column":31}},{"start":{"line":56,"column":31},"end":{"line":56,"column":null}}],"line":56},"3":{"loc":{"start":{"line":68,"column":13},"end":{"line":68,"column":null}},"type":"binary-expr","locations":[{"start":{"line":68,"column":13},"end":{"line":68,"column":33}},{"start":{"line":68,"column":33},"end":{"line":68,"column":null}}],"line":68},"4":{"loc":{"start":{"line":98,"column":4},"end":{"line":100,"column":null}},"type":"if","locations":[{"start":{"line":98,"column":4},"end":{"line":100,"column":null}},{"start":{},"end":{}}],"line":98},"5":{"loc":{"start":{"line":104,"column":6},"end":{"line":112,"column":null}},"type":"if","locations":[{"start":{"line":104,"column":6},"end":{"line":112,"column":null}},{"start":{},"end":{}}],"line":104},"6":{"loc":{"start":{"line":110,"column":23},"end":{"line":110,"column":74}},"type":"cond-expr","locations":[{"start":{"line":110,"column":46},"end":{"line":110,"column":52}},{"start":{"line":110,"column":52},"end":{"line":110,"column":74}}],"line":110},"7":{"loc":{"start":{"line":118,"column":4},"end":{"line":121,"column":null}},"type":"if","locations":[{"start":{"line":118,"column":4},"end":{"line":121,"column":null}},{"start":{},"end":{}}],"line":118},"8":{"loc":{"start":{"line":122,"column":4},"end":{"line":126,"column":null}},"type":"if","locations":[{"start":{"line":122,"column":4},"end":{"line":126,"column":null}},{"start":{},"end":{}}],"line":122},"9":{"loc":{"start":{"line":131,"column":4},"end":{"line":134,"column":null}},"type":"if","locations":[{"start":{"line":131,"column":4},"end":{"line":134,"column":null}},{"start":{},"end":{}}],"line":131},"10":{"loc":{"start":{"line":149,"column":4},"end":{"line":155,"column":null}},"type":"if","locations":[{"start":{"line":149,"column":4},"end":{"line":155,"column":null}},{"start":{},"end":{}}],"line":149},"11":{"loc":{"start":{"line":149,"column":8},"end":{"line":149,"column":73}},"type":"binary-expr","locations":[{"start":{"line":149,"column":8},"end":{"line":149,"column":44}},{"start":{"line":149,"column":44},"end":{"line":149,"column":73}}],"line":149},"12":{"loc":{"start":{"line":152,"column":19},"end":{"line":152,"column":null}},"type":"binary-expr","locations":[{"start":{"line":152,"column":19},"end":{"line":152,"column":37}},{"start":{"line":152,"column":37},"end":{"line":152,"column":null}}],"line":152},"13":{"loc":{"start":{"line":153,"column":15},"end":{"line":153,"column":null}},"type":"binary-expr","locations":[{"start":{"line":153,"column":15},"end":{"line":153,"column":33}},{"start":{"line":153,"column":33},"end":{"line":153,"column":null}}],"line":153}},"s":{"0":7,"1":7,"2":7,"3":7,"4":40,"5":40,"6":40,"7":3,"8":3,"9":3,"10":40,"11":40,"12":40,"13":0,"14":40,"15":40,"16":40,"17":40,"18":0,"19":18,"20":18,"21":18,"22":18,"23":18,"24":0,"25":15,"26":15,"27":15,"28":15,"29":15,"30":15,"31":15,"32":14,"33":14,"34":14,"35":14,"36":14,"37":14,"38":14,"39":10,"40":10,"41":2,"42":10,"43":1,"44":1,"45":1,"46":1,"47":1,"48":1,"49":0,"50":10,"51":7,"52":7,"53":10,"54":7,"55":7,"56":7,"57":11,"58":0,"59":0,"60":11,"61":11,"62":11,"63":11,"64":11,"65":11,"66":11,"67":1,"68":0,"69":0,"70":1},"f":{"0":40,"1":40,"2":3,"3":40,"4":0,"5":40,"6":40,"7":40,"8":0,"9":18,"10":0,"11":15,"12":14,"13":10,"14":1,"15":10,"16":11,"17":1},"b":{"0":[3,0],"1":[18,18],"2":[18,0],"3":[15,10],"4":[2,8],"5":[1,0],"6":[0,0],"7":[7,3],"8":[7,3],"9":[0,11],"10":[0,1],"11":[1,1],"12":[0,0],"13":[0,0]},"meta":{"lastBranch":14,"lastFunction":18,"lastStatement":71,"seen":{"s:3:16:3:Infinity":0,"s:4:19:4:Infinity":1,"s:5:19:5:Infinity":2,"s:6:33:6:Infinity":3,"f:14:9:14:46":0,"s:15:2:27:Infinity":4,"f:15:21:15:22":1,"s:16:20:16:Infinity":5,"s:18:4:23:Infinity":6,"f:18:30:18:36":2,"s:19:17:19:Infinity":7,"b:20:6:22:Infinity:undefined:undefined:undefined:undefined":0,"s:20:6:22:Infinity":8,"s:21:8:21:Infinity":9,"s:25:4:25:Infinity":10,"f:25:24:25:30":3,"s:25:30:25:Infinity":11,"s:26:4:26:Infinity":12,"f:26:22:26:28":4,"s:26:28:26:Infinity":13,"f:30:9:30:23":5,"s:31:2:34:Infinity":14,"f:31:21:31:22":6,"s:32:4:32:Infinity":15,"f:32:24:32:30":7,"s:32:30:32:Infinity":16,"s:33:4:33:Infinity":17,"f:33:22:33:28":8,"s:33:28:33:Infinity":18,"s:45:56:45:Infinity":19,"s:46:18:46:Infinity":20,"f:49:2:49:Infinity":9,"s:54:4:54:Infinity":21,"s:55:4:55:Infinity":22,"b:55:20:55:32:55:32:55:Infinity":1,"s:56:4:56:Infinity":23,"b:56:19:56:31:56:31:56:Infinity":2,"f:56:31:56:32":10,"s:56:40:56:Infinity":24,"f:60:8:60:43":11,"s:61:15:61:Infinity":25,"s:62:4:71:Infinity":26,"s:63:17:63:Infinity":27,"s:64:20:64:Infinity":28,"s:65:21:67:Infinity":29,"s:68:6:68:Infinity":30,"b:68:13:68:33:68:33:68:Infinity":3,"s:70:6:70:Infinity":31,"f:75:8:75:13":12,"s:76:15:76:Infinity":32,"s:77:4:88:Infinity":33,"s:78:17:78:Infinity":34,"s:79:20:79:Infinity":35,"s:80:37:84:Infinity":36,"s:85:6:85:Infinity":37,"s:87:6:87:Infinity":38,"f:95:2:95:15":13,"s:96:4:96:Infinity":39,"b:98:4:100:Infinity:undefined:undefined:undefined:undefined":4,"s:98:4:100:Infinity":40,"s:99:6:99:Infinity":41,"s:102:4:113:Infinity":42,"f:102:28:102:40":14,"s:103:6:103:Infinity":43,"b:104:6:112:Infinity:undefined:undefined:undefined:undefined":5,"s:104:6:112:Infinity":44,"s:105:8:105:Infinity":45,"s:106:8:111:Infinity":46,"s:107:27:107:Infinity":47,"s:108:10:108:Infinity":48,"s:110:10:110:Infinity":49,"b:110:46:110:52:110:52:110:74":6,"f:117:8:117:14":15,"b:118:4:121:Infinity:undefined:undefined:undefined:undefined":7,"s:118:4:121:Infinity":50,"s:119:6:119:Infinity":51,"s:120:6:120:Infinity":52,"b:122:4:126:Infinity:undefined:undefined:undefined:undefined":8,"s:122:4:126:Infinity":53,"s:123:6:123:Infinity":54,"s:124:23:124:Infinity":55,"s:125:6:125:Infinity":56,"f:130:8:130:31":16,"b:131:4:134:Infinity:undefined:undefined:undefined:undefined":9,"s:131:4:134:Infinity":57,"s:132:6:132:Infinity":58,"s:133:6:133:Infinity":59,"s:135:4:135:Infinity":60,"s:137:15:137:Infinity":61,"s:138:4:144:Infinity":62,"s:139:17:139:Infinity":63,"s:140:20:140:Infinity":64,"s:141:6:141:Infinity":65,"s:143:6:143:Infinity":66,"f:148:8:148:46":17,"b:149:4:155:Infinity:undefined:undefined:undefined:undefined":10,"s:149:4:155:Infinity":67,"b:149:8:149:44:149:44:149:73":11,"s:150:23:150:Infinity":68,"s:151:6:154:Infinity":69,"b:152:19:152:37:152:37:152:Infinity":12,"b:153:15:153:33:153:33:153:Infinity":13,"s:156:4:156:Infinity":70}}}
,"H:\\GrafeoDB\\grafeo-web\\src\\query-utils.ts": {"path":"H:\\GrafeoDB\\grafeo-web\\src\\query-utils.ts","statementMap":{"0":{"start":{"line":3,"column":2},"end":{"line":3,"column":null}}},"fnMap":{"0":{"name":"isMutatingQuery","decl":{"start":{"line":2,"column":16},"end":{"line":2,"column":32}},"loc":{"start":{"line":2,"column":56},"end":{"line":4,"column":null}},"line":2}},"branchMap":{},"s":{"0":0},"f":{"0":0},"b":{},"meta":{"lastBranch":0,"lastFunction":1,"lastStatement":1,"seen":{"f:2:16:2:32":0,"s:3:2:3:Infinity":0}}}
,"H:\\GrafeoDB\\grafeo-web\\src\\react.ts": {"path":"H:\\GrafeoDB\\grafeo-web\\src\\react.ts","statementMap":{"0":{"start":{"line":34,"column":18},"end":{"line":34,"column":null}},"1":{"start":{"line":35,"column":28},"end":{"line":35,"column":null}},"2":{"start":{"line":36,"column":24},"end":{"line":36,"column":null}},"3":{"start":{"line":37,"column":8},"end":{"line":37,"column":null}},"4":{"start":{"line":39,"column":2},"end":{"line":65,"column":null}},"5":{"start":{"line":40,"column":4},"end":{"line":40,"column":null}},"6":{"start":{"line":41,"column":36},"end":{"line":41,"column":null}},"7":{"start":{"line":43,"column":4},"end":{"line":58,"column":null}},"8":{"start":{"line":45,"column":8},"end":{"line":45,"column":null}},"9":{"start":{"line":46,"column":8},"end":{"line":51,"column":null}},"10":{"start":{"line":47,"column":10},"end":{"line":47,"column":null}},"11":{"start":{"line":48,"column":10},"end":{"line":48,"column":null}},"12":{"start":{"line":50,"column":10},"end":{"line":50,"column":null}},"13":{"start":{"line":54,"column":8},"end":{"line":57,"column":null}},"14":{"start":{"line":55,"column":10},"end":{"line":55,"column":null}},"15":{"start":{"line":56,"column":10},"end":{"line":56,"column":null}},"16":{"start":{"line":60,"column":4},"end":{"line":63,"column":null}},"17":{"start":{"line":61,"column":6},"end":{"line":61,"column":null}},"18":{"start":{"line":62,"column":6},"end":{"line":62,"column":null}},"19":{"start":{"line":67,"column":2},"end":{"line":67,"column":null}},"20":{"start":{"line":86,"column":22},"end":{"line":86,"column":null}},"21":{"start":{"line":87,"column":28},"end":{"line":87,"column":null}},"22":{"start":{"line":88,"column":24},"end":{"line":88,"column":null}},"23":{"start":{"line":89,"column":28},"end":{"line":89,"column":null}},"24":{"start":{"line":90,"column":8},"end":{"line":90,"column":null}},"25":{"start":{"line":92,"column":8},"end":{"line":94,"column":null}},"26":{"start":{"line":93,"column":4},"end":{"line":93,"column":null}},"27":{"start":{"line":93,"column":30},"end":{"line":93,"column":35}},"28":{"start":{"line":96,"column":2},"end":{"line":125,"column":null}},"29":{"start":{"line":97,"column":4},"end":{"line":97,"column":null}},"30":{"start":{"line":99,"column":4},"end":{"line":102,"column":null}},"31":{"start":{"line":100,"column":6},"end":{"line":100,"column":null}},"32":{"start":{"line":101,"column":6},"end":{"line":101,"column":null}},"33":{"start":{"line":104,"column":4},"end":{"line":104,"column":null}},"34":{"start":{"line":105,"column":4},"end":{"line":105,"column":null}},"35":{"start":{"line":107,"column":4},"end":{"line":119,"column":null}},"36":{"start":{"line":109,"column":8},"end":{"line":112,"column":null}},"37":{"start":{"line":110,"column":10},"end":{"line":110,"column":null}},"38":{"start":{"line":111,"column":10},"end":{"line":111,"column":null}},"39":{"start":{"line":115,"column":8},"end":{"line":118,"column":null}},"40":{"start":{"line":116,"column":10},"end":{"line":116,"column":null}},"41":{"start":{"line":117,"column":10},"end":{"line":117,"column":null}},"42":{"start":{"line":121,"column":4},"end":{"line":123,"column":null}},"43":{"start":{"line":122,"column":6},"end":{"line":122,"column":null}},"44":{"start":{"line":127,"column":2},"end":{"line":127,"column":null}}},"fnMap":{"0":{"name":"useGrafeo","decl":{"start":{"line":33,"column":16},"end":{"line":33,"column":26}},"loc":{"start":{"line":33,"column":68},"end":{"line":68,"column":null}},"line":33},"1":{"name":"(anonymous_1)","decl":{"start":{"line":39,"column":12},"end":{"line":39,"column":18}},"loc":{"start":{"line":39,"column":18},"end":{"line":65,"column":5}},"line":39},"2":{"name":"(anonymous_2)","decl":{"start":{"line":44,"column":12},"end":{"line":44,"column":13}},"loc":{"start":{"line":44,"column":25},"end":{"line":52,"column":7}},"line":44},"3":{"name":"(anonymous_3)","decl":{"start":{"line":53,"column":13},"end":{"line":53,"column":14}},"loc":{"start":{"line":53,"column":31},"end":{"line":58,"column":7}},"line":53},"4":{"name":"(anonymous_4)","decl":{"start":{"line":60,"column":11},"end":{"line":60,"column":17}},"loc":{"start":{"line":60,"column":17},"end":{"line":63,"column":null}},"line":60},"5":{"name":"useQuery","decl":{"start":{"line":81,"column":16},"end":{"line":81,"column":null}},"loc":{"start":{"line":85,"column":21},"end":{"line":128,"column":null}},"line":85},"6":{"name":"(anonymous_6)","decl":{"start":{"line":92,"column":30},"end":{"line":92,"column":36}},"loc":{"start":{"line":92,"column":36},"end":{"line":94,"column":5}},"line":92},"7":{"name":"(anonymous_7)","decl":{"start":{"line":93,"column":15},"end":{"line":93,"column":16}},"loc":{"start":{"line":93,"column":30},"end":{"line":93,"column":35}},"line":93},"8":{"name":"(anonymous_8)","decl":{"start":{"line":96,"column":12},"end":{"line":96,"column":18}},"loc":{"start":{"line":96,"column":18},"end":{"line":125,"column":5}},"line":96},"9":{"name":"(anonymous_9)","decl":{"start":{"line":108,"column":12},"end":{"line":108,"column":13}},"loc":{"start":{"line":108,"column":24},"end":{"line":113,"column":7}},"line":108},"10":{"name":"(anonymous_10)","decl":{"start":{"line":114,"column":13},"end":{"line":114,"column":14}},"loc":{"start":{"line":114,"column":31},"end":{"line":119,"column":7}},"line":114},"11":{"name":"(anonymous_11)","decl":{"start":{"line":121,"column":11},"end":{"line":121,"column":17}},"loc":{"start":{"line":121,"column":17},"end":{"line":123,"column":null}},"line":121}},"branchMap":{"0":{"loc":{"start":{"line":46,"column":8},"end":{"line":51,"column":null}},"type":"if","locations":[{"start":{"line":46,"column":8},"end":{"line":51,"column":null}},{"start":{"line":49,"column":15},"end":{"line":51,"column":null}}],"line":46},"1":{"loc":{"start":{"line":54,"column":8},"end":{"line":57,"column":null}},"type":"if","locations":[{"start":{"line":54,"column":8},"end":{"line":57,"column":null}},{"start":{},"end":{}}],"line":54},"2":{"loc":{"start":{"line":55,"column":19},"end":{"line":55,"column":70}},"type":"cond-expr","locations":[{"start":{"line":55,"column":42},"end":{"line":55,"column":48}},{"start":{"line":55,"column":48},"end":{"line":55,"column":70}}],"line":55},"3":{"loc":{"start":{"line":99,"column":4},"end":{"line":102,"column":null}},"type":"if","locations":[{"start":{"line":99,"column":4},"end":{"line":102,"column":null}},{"start":{},"end":{}}],"line":99},"4":{"loc":{"start":{"line":109,"column":8},"end":{"line":112,"column":null}},"type":"if","locations":[{"start":{"line":109,"column":8},"end":{"line":112,"column":null}},{"start":{},"end":{}}],"line":109},"5":{"loc":{"start":{"line":115,"column":8},"end":{"line":118,"column":null}},"type":"if","locations":[{"start":{"line":115,"column":8},"end":{"line":118,"column":null}},{"start":{},"end":{}}],"line":115},"6":{"loc":{"start":{"line":116,"column":19},"end":{"line":116,"column":70}},"type":"cond-expr","locations":[{"start":{"line":116,"column":42},"end":{"line":116,"column":48}},{"start":{"line":116,"column":48},"end":{"line":116,"column":70}}],"line":116}},"s":{"0":7,"1":7,"2":7,"3":7,"4":7,"5":4,"6":4,"7":4,"8":3,"9":3,"10":2,"11":2,"12":1,"13":1,"14":1,"15":1,"16":4,"17":4,"18":4,"19":7,"20":3,"21":3,"22":3,"23":3,"24":3,"25":3,"26":0,"27":0,"28":3,"29":2,"30":2,"31":1,"32":1,"33":1,"34":1,"35":1,"36":1,"37":1,"38":1,"39":0,"40":0,"41":0,"42":1,"43":1,"44":3},"f":{"0":7,"1":4,"2":3,"3":1,"4":4,"5":3,"6":0,"7":0,"8":2,"9":1,"10":0,"11":1},"b":{"0":[2,1],"1":[1,0],"2":[1,0],"3":[1,1],"4":[1,0],"5":[0,0],"6":[0,0]},"meta":{"lastBranch":7,"lastFunction":12,"lastStatement":45,"seen":{"f:33:16:33:26":0,"s:34:18:34:Infinity":0,"s:35:28:35:Infinity":1,"s:36:24:36:Infinity":2,"s:37:8:37:Infinity":3,"s:39:2:65:Infinity":4,"f:39:12:39:18":1,"s:40:4:40:Infinity":5,"s:41:36:41:Infinity":6,"s:43:4:58:Infinity":7,"f:44:12:44:13":2,"s:45:8:45:Infinity":8,"b:46:8:51:Infinity:49:15:51:Infinity":0,"s:46:8:51:Infinity":9,"s:47:10:47:Infinity":10,"s:48:10:48:Infinity":11,"s:50:10:50:Infinity":12,"f:53:13:53:14":3,"b:54:8:57:Infinity:undefined:undefined:undefined:undefined":1,"s:54:8:57:Infinity":13,"s:55:10:55:Infinity":14,"b:55:42:55:48:55:48:55:70":2,"s:56:10:56:Infinity":15,"s:60:4:63:Infinity":16,"f:60:11:60:17":4,"s:61:6:61:Infinity":17,"s:62:6:62:Infinity":18,"s:67:2:67:Infinity":19,"f:81:16:81:Infinity":5,"s:86:22:86:Infinity":20,"s:87:28:87:Infinity":21,"s:88:24:88:Infinity":22,"s:89:28:89:Infinity":23,"s:90:8:90:Infinity":24,"s:92:8:94:Infinity":25,"f:92:30:92:36":6,"s:93:4:93:Infinity":26,"f:93:15:93:16":7,"s:93:30:93:35":27,"s:96:2:125:Infinity":28,"f:96:12:96:18":8,"s:97:4:97:Infinity":29,"b:99:4:102:Infinity:undefined:undefined:undefined:undefined":3,"s:99:4:102:Infinity":30,"s:100:6:100:Infinity":31,"s:101:6:101:Infinity":32,"s:104:4:104:Infinity":33,"s:105:4:105:Infinity":34,"s:107:4:119:Infinity":35,"f:108:12:108:13":9,"b:109:8:112:Infinity:undefined:undefined:undefined:undefined":4,"s:109:8:112:Infinity":36,"s:110:10:110:Infinity":37,"s:111:10:111:Infinity":38,"f:114:13:114:14":10,"b:115:8:118:Infinity:undefined:undefined:undefined:undefined":5,"s:115:8:118:Infinity":39,"s:116:10:116:Infinity":40,"b:116:42:116:48:116:48:116:70":6,"s:117:10:117:Infinity":41,"s:121:4:123:Infinity":42,"f:121:11:121:17":11,"s:122:6:122:Infinity":43,"s:127:2:127:Infinity":44}}}
,"H:\\GrafeoDB\\grafeo-web\\src\\svelte.ts": {"path":"H:\\GrafeoDB\\grafeo-web\\src\\svelte.ts","statementMap":{"0":{"start":{"line":37,"column":34},"end":{"line":37,"column":null}},"1":{"start":{"line":38,"column":24},"end":{"line":38,"column":null}},"2":{"start":{"line":39,"column":29},"end":{"line":39,"column":null}},"3":{"start":{"line":40,"column":27},"end":{"line":40,"column":null}},"4":{"start":{"line":42,"column":35},"end":{"line":42,"column":null}},"5":{"start":{"line":43,"column":23},"end":{"line":43,"column":null}},"6":{"start":{"line":44,"column":35},"end":{"line":44,"column":null}},"7":{"start":{"line":47,"column":4},"end":{"line":47,"column":null}},"8":{"start":{"line":47,"column":36},"end":{"line":47,"column":null}},"9":{"start":{"line":50,"column":4},"end":{"line":50,"column":null}},"10":{"start":{"line":50,"column":41},"end":{"line":50,"column":null}},"11":{"start":{"line":53,"column":4},"end":{"line":53,"column":null}},"12":{"start":{"line":53,"column":39},"end":{"line":53,"column":null}},"13":{"start":{"line":57,"column":2},"end":{"line":70,"column":null}},"14":{"start":{"line":59,"column":6},"end":{"line":59,"column":null}},"15":{"start":{"line":60,"column":6},"end":{"line":60,"column":null}},"16":{"start":{"line":61,"column":6},"end":{"line":61,"column":null}},"17":{"start":{"line":62,"column":6},"end":{"line":62,"column":null}},"18":{"start":{"line":63,"column":6},"end":{"line":63,"column":null}},"19":{"start":{"line":66,"column":6},"end":{"line":66,"column":null}},"20":{"start":{"line":67,"column":6},"end":{"line":67,"column":null}},"21":{"start":{"line":68,"column":6},"end":{"line":68,"column":null}},"22":{"start":{"line":69,"column":6},"end":{"line":69,"column":null}},"23":{"start":{"line":72,"column":40},"end":{"line":86,"column":null}},"24":{"start":{"line":74,"column":6},"end":{"line":74,"column":null}},"25":{"start":{"line":75,"column":6},"end":{"line":75,"column":null}},"26":{"start":{"line":76,"column":6},"end":{"line":84,"column":null}},"27":{"start":{"line":77,"column":8},"end":{"line":77,"column":null}},"28":{"start":{"line":79,"column":8},"end":{"line":83,"column":null}},"29":{"start":{"line":80,"column":10},"end":{"line":80,"column":null}},"30":{"start":{"line":81,"column":10},"end":{"line":81,"column":null}},"31":{"start":{"line":82,"column":10},"end":{"line":82,"column":null}},"32":{"start":{"line":88,"column":37},"end":{"line":96,"column":null}},"33":{"start":{"line":90,"column":6},"end":{"line":90,"column":null}},"34":{"start":{"line":91,"column":6},"end":{"line":91,"column":null}},"35":{"start":{"line":92,"column":6},"end":{"line":94,"column":null}},"36":{"start":{"line":93,"column":8},"end":{"line":93,"column":null}},"37":{"start":{"line":98,"column":40},"end":{"line":106,"column":null}},"38":{"start":{"line":100,"column":6},"end":{"line":100,"column":null}},"39":{"start":{"line":101,"column":6},"end":{"line":101,"column":null}},"40":{"start":{"line":102,"column":6},"end":{"line":104,"column":null}},"41":{"start":{"line":103,"column":8},"end":{"line":103,"column":null}},"42":{"start":{"line":109,"column":4},"end":{"line":114,"column":null}},"43":{"start":{"line":110,"column":6},"end":{"line":110,"column":null}},"44":{"start":{"line":111,"column":6},"end":{"line":111,"column":null}},"45":{"start":{"line":112,"column":6},"end":{"line":112,"column":null}},"46":{"start":{"line":113,"column":6},"end":{"line":113,"column":null}},"47":{"start":{"line":117,"column":2},"end":{"line":117,"column":null}},"48":{"start":{"line":151,"column":26},"end":{"line":151,"column":null}},"49":{"start":{"line":152,"column":29},"end":{"line":152,"column":null}},"50":{"start":{"line":153,"column":27},"end":{"line":153,"column":null}},"51":{"start":{"line":155,"column":30},"end":{"line":155,"column":null}},"52":{"start":{"line":156,"column":23},"end":{"line":156,"column":null}},"53":{"start":{"line":157,"column":35},"end":{"line":157,"column":null}},"54":{"start":{"line":158,"column":35},"end":{"line":158,"column":null}},"55":{"start":{"line":159,"column":16},"end":{"line":159,"column":null}},"56":{"start":{"line":162,"column":4},"end":{"line":162,"column":null}},"57":{"start":{"line":162,"column":38},"end":{"line":162,"column":null}},"58":{"start":{"line":165,"column":4},"end":{"line":165,"column":null}},"59":{"start":{"line":165,"column":41},"end":{"line":165,"column":null}},"60":{"start":{"line":168,"column":4},"end":{"line":168,"column":null}},"61":{"start":{"line":168,"column":39},"end":{"line":168,"column":null}},"62":{"start":{"line":172,"column":4},"end":{"line":176,"column":null}},"63":{"start":{"line":173,"column":6},"end":{"line":173,"column":null}},"64":{"start":{"line":174,"column":6},"end":{"line":174,"column":null}},"65":{"start":{"line":175,"column":6},"end":{"line":175,"column":null}},"66":{"start":{"line":178,"column":4},"end":{"line":178,"column":null}},"67":{"start":{"line":179,"column":4},"end":{"line":179,"column":null}},"68":{"start":{"line":180,"column":4},"end":{"line":180,"column":null}},"69":{"start":{"line":181,"column":4},"end":{"line":181,"column":null}},"70":{"start":{"line":183,"column":4},"end":{"line":193,"column":null}},"71":{"start":{"line":184,"column":21},"end":{"line":184,"column":null}},"72":{"start":{"line":185,"column":6},"end":{"line":185,"column":null}},"73":{"start":{"line":186,"column":6},"end":{"line":186,"column":null}},"74":{"start":{"line":188,"column":6},"end":{"line":188,"column":null}},"75":{"start":{"line":189,"column":6},"end":{"line":189,"column":null}},"76":{"start":{"line":191,"column":6},"end":{"line":191,"column":null}},"77":{"start":{"line":192,"column":6},"end":{"line":192,"column":null}},"78":{"start":{"line":197,"column":24},"end":{"line":200,"column":null}},"79":{"start":{"line":198,"column":4},"end":{"line":198,"column":null}},"80":{"start":{"line":199,"column":4},"end":{"line":199,"column":null}},"81":{"start":{"line":202,"column":35},"end":{"line":213,"column":null}},"82":{"start":{"line":204,"column":6},"end":{"line":204,"column":null}},"83":{"start":{"line":205,"column":6},"end":{"line":205,"column":null}},"84":{"start":{"line":206,"column":6},"end":{"line":211,"column":null}},"85":{"start":{"line":207,"column":8},"end":{"line":207,"column":null}},"86":{"start":{"line":208,"column":8},"end":{"line":210,"column":null}},"87":{"start":{"line":209,"column":10},"end":{"line":209,"column":null}},"88":{"start":{"line":215,"column":37},"end":{"line":226,"column":null}},"89":{"start":{"line":217,"column":6},"end":{"line":217,"column":null}},"90":{"start":{"line":218,"column":6},"end":{"line":218,"column":null}},"91":{"start":{"line":219,"column":6},"end":{"line":224,"column":null}},"92":{"start":{"line":220,"column":8},"end":{"line":220,"column":null}},"93":{"start":{"line":221,"column":8},"end":{"line":223,"column":null}},"94":{"start":{"line":222,"column":10},"end":{"line":222,"column":null}},"95":{"start":{"line":228,"column":40},"end":{"line":239,"column":null}},"96":{"start":{"line":230,"column":6},"end":{"line":230,"column":null}},"97":{"start":{"line":231,"column":6},"end":{"line":231,"column":null}},"98":{"start":{"line":232,"column":6},"end":{"line":237,"column":null}},"99":{"start":{"line":233,"column":8},"
[...]
e":98,"column":null}},"29":{"start":{"line":99,"column":4},"end":{"line":99,"column":null}},"30":{"start":{"line":103,"column":4},"end":{"line":103,"column":null}},"31":{"start":{"line":107,"column":4},"end":{"line":107,"column":null}},"32":{"start":{"line":108,"column":4},"end":{"line":108,"column":null}},"33":{"start":{"line":112,"column":4},"end":{"line":112,"column":null}},"34":{"start":{"line":121,"column":4},"end":{"line":121,"column":null}},"35":{"start":{"line":122,"column":4},"end":{"line":122,"column":null}},"36":{"start":{"line":132,"column":4},"end":{"line":132,"column":null}},"37":{"start":{"line":133,"column":4},"end":{"line":133,"column":null}},"38":{"start":{"line":137,"column":4},"end":{"line":137,"column":null}},"39":{"start":{"line":138,"column":4},"end":{"line":138,"column":null}},"40":{"start":{"line":142,"column":4},"end":{"line":142,"column":null}},"41":{"start":{"line":143,"column":4},"end":{"line":143,"column":null}},"42":{"start":{"line":147,"column":4},"end":{"line":147,"column":null}},"43":{"start":{"line":148,"column":19},"end":{"line":148,"column":null}},"44":{"start":{"line":148,"column":57},"end":{"line":148,"column":65}},"45":{"start":{"line":149,"column":22},"end":{"line":149,"column":null}},"46":{"start":{"line":149,"column":56},"end":{"line":149,"column":62}},"47":{"start":{"line":150,"column":25},"end":{"line":152,"column":null}},"48":{"start":{"line":151,"column":43},"end":{"line":151,"column":68}},"49":{"start":{"line":153,"column":4},"end":{"line":153,"column":null}},"50":{"start":{"line":157,"column":4},"end":{"line":157,"column":null}},"51":{"start":{"line":161,"column":4},"end":{"line":161,"column":null}},"52":{"start":{"line":162,"column":17},"end":{"line":162,"column":null}},"53":{"start":{"line":163,"column":4},"end":{"line":163,"column":null}},"54":{"start":{"line":167,"column":17},"end":{"line":167,"column":null}},"55":{"start":{"line":168,"column":19},"end":{"line":168,"column":null}},"56":{"start":{"line":169,"column":15},"end":{"line":169,"column":null}},"57":{"start":{"line":170,"column":4},"end":{"line":170,"column":null}},"58":{"start":{"line":171,"column":4},"end":{"line":171,"column":null}},"59":{"start":{"line":172,"column":4},"end":{"line":172,"column":null}},"60":{"start":{"line":176,"column":4},"end":{"line":176,"column":null}},"61":{"start":{"line":177,"column":4},"end":{"line":177,"column":null}},"62":{"start":{"line":178,"column":4},"end":{"line":178,"column":null}},"63":{"start":{"line":182,"column":4},"end":{"line":184,"column":null}},"64":{"start":{"line":183,"column":6},"end":{"line":183,"column":null}},"65":{"start":{"line":189,"column":24},"end":{"line":189,"column":null}},"66":{"start":{"line":192,"column":4},"end":{"line":197,"column":null}},"67":{"start":{"line":193,"column":20},"end":{"line":193,"column":null}},"68":{"start":{"line":194,"column":23},"end":{"line":194,"column":null}},"69":{"start":{"line":195,"column":25},"end":{"line":195,"column":null}},"70":{"start":{"line":196,"column":6},"end":{"line":196,"column":null}},"71":{"start":{"line":200,"column":24},"end":{"line":200,"column":null}},"72":{"start":{"line":201,"column":4},"end":{"line":212,"column":null}},"73":{"start":{"line":202,"column":19},"end":{"line":202,"column":null}},"74":{"start":{"line":204,"column":6},"end":{"line":211,"column":null}},"75":{"start":{"line":205,"column":8},"end":{"line":210,"column":null}},"76":{"start":{"line":214,"column":4},"end":{"line":214,"column":null}},"77":{"start":{"line":219,"column":24},"end":{"line":219,"column":null}},"78":{"start":{"line":220,"column":4},"end":{"line":220,"column":null}},"79":{"start":{"line":220,"column":22},"end":{"line":220,"column":null}},"80":{"start":{"line":222,"column":23},"end":{"line":222,"column":null}},"81":{"start":{"line":222,"column":60},"end":{"line":222,"column":68}},"82":{"start":{"line":225,"column":23},"end":{"line":225,"column":null}},"83":{"start":{"line":226,"column":24},"end":{"line":226,"column":null}},"84":{"start":{"line":228,"column":26},"end":{"line":230,"column":null}},"85":{"start":{"line":229,"column":33},"end":{"line":229,"column":63}},"86":{"start":{"line":232,"column":4},"end":{"line":243,"column":null}},"87":{"start":{"line":233,"column":43},"end":{"line":233,"column":null}},"88":{"start":{"line":234,"column":6},"end":{"line":241,"column":null}},"89":{"start":{"line":236,"column":26},"end":{"line":236,"column":null}},"90":{"start":{"line":237,"column":8},"end":{"line":240,"column":null}},"91":{"start":{"line":238,"column":27},"end":{"line":238,"column":null}},"92":{"start":{"line":239,"column":10},"end":{"line":239,"column":null}},"93":{"start":{"line":242,"column":6},"end":{"line":242,"column":null}},"94":{"start":{"line":247,"column":43},"end":{"line":247,"column":null}},"95":{"start":{"line":249,"column":24},"end":{"line":249,"column":null}},"96":{"start":{"line":251,"column":4},"end":{"line":256,"column":null}},"97":{"start":{"line":252,"column":18},"end":{"line":252,"column":null}},"98":{"start":{"line":253,"column":6},"end":{"line":255,"column":null}},"99":{"start":{"line":253,"column":34},"end":{"line":253,"column":null}},"100":{"start":{"line":253,"column":54},"end":{"line":255,"column":null}},"101":{"start":{"line":254,"column":39},"end":{"line":254,"column":null}},"102":{"start":{"line":254,"column":59},"end":{"line":255,"column":null}},"103":{"start":{"line":255,"column":39},"end":{"line":255,"column":null}},"104":{"start":{"line":257,"column":4},"end":{"line":257,"column":null}}},"fnMap":{"0":{"name":"(anonymous_0)","decl":{"start":{"line":25,"column":2},"end":{"line":25,"column":16}},"loc":{"start":{"line":25,"column":16},"end":{"line":27,"column":null}},"line":25},"1":{"name":"(anonymous_1)","decl":{"start":{"line":29,"column":2},"end":{"line":29,"column":10}},"loc":{"start":{"line":29,"column":52},"end":{"line":45,"column":null}},"line":29},"2":{"name":"(anonymous_2)","decl":{"start":{"line":47,"column":2},"end":{"line":47,"column":13}},"loc":{"start":{"line":51,"column":4},"end":{"line":60,"column":null}},"line":51},"3":{"name":"(anonymous_3)","decl":{"start":{"line":58,"column":29},"end":{"line":58,"column":30}},"loc":{"start":{"line":58,"column":38},"end":{"line":58,"column":68}},"line":58},"4":{"name":"(anonymous_4)","decl":{"start":{"line":58,"column":50},"end":{"line":58,"column":51}},"loc":{"start":{"line":58,"column":59},"end":{"line":58,"column":67}},"line":58},"5":{"name":"(anonymous_5)","decl":{"start":{"line":62,"column":2},"end":{"line":62,"column":null}},"loc":{"start":{"line":65,"column":31},"end":{"line":75,"column":null}},"line":65},"6":{"name":"(anonymous_6)","decl":{"start":{"line":77,"column":2},"end":{"line":77,"column":null}},"loc":{"start":{"line":80,"column":31},"end":{"line":83,"column":null}},"line":80},"7":{"name":"(anonymous_7)","decl":{"start":{"line":85,"column":2},"end":{"line":85,"column":null}},"loc":{"start":{"line":89,"column":31},"end":{"line":92,"column":null}},"line":89},"8":{"name":"(anonymous_8)","decl":{"start":{"line":94,"column":2},"end":{"line":94,"column":null}},"loc":{"start":{"line":97,"column":72},"end":{"line":100,"column":null}},"line":97},"9":{"name":"(anonymous_9)","decl":{"start":{"line":102,"column":2},"end":{"line":102,"column":18}},"loc":{"start":{"line":102,"column":59},"end":{"line":104,"column":null}},"line":102},"10":{"name":"(anonymous_10)","decl":{"start":{"line":106,"column":2},"end":{"line":106,"column":16}},"loc":{"start":{"line":106,"column":60},"end":{"line":109,"column":null}},"line":106},"11":{"name":"(anonymous_11)","decl":{"start":{"line":111,"column":2},"end":{"line":111,"column":19}},"loc":{"start":{"line":111,"column":60},"end":{"line":113,"column":null}},"line":111},"12":{"name":"(anonymous_12)","decl":{"start":{"line":115,"column":2},"end":{"line":115,"column":null}},"loc":{"start":{"line":120,"column":37},"end":{"line":123,"column":null}},"line":120},"13":{"name":"(anonymous_13)","decl":{"start":{"line":125,"column":2},"end":{"line":125,"column":null}},"loc":{"start":{"line":131,"column":37},"end":{"line":134,"column":null}},"line":131},"14":{"name":"(anonymous_14)","decl":{"start":{"line":136,"column":2},"end":{"line":136,"column":22}},"loc":{"start":{"line":136,"column":22},"end":{"line":139,"column":null}},"line":136},"15":{"name":"(anonymous_15)","decl":{"start":{"line":141,"column":2},"end":{"line":141,"column":22}},"loc":{"start":{"line":141,"column":22},"end":{"line":144,"column":null}},"line":141},"16":{"name":"(anonymous_16)","decl":{"start":{"line":146,"column":2},"end":{"line":146,"column":20}},"loc":{"start":{"line":146,"column":20},"end":{"line":154,"column":null}},"line":146},"17":{"name":"(anonymous_17)","decl":{"start":{"line":148,"column":50},"end":{"line":148,"column":51}},"loc":{"start":{"line":148,"column":57},"end":{"line":148,"column":65}},"line":148},"18":{"name":"(anonymous_18)","decl":{"start":{"line":149,"column":49},"end":{"line":149,"column":50}},"loc":{"start":{"line":149,"column":56},"end":{"line":149,"column":62}},"line":149},"19":{"name":"(anonymous_19)","decl":{"start":{"line":151,"column":36},"end":{"line":151,"column":37}},"loc":{"start":{"line":151,"column":43},"end":{"line":151,"column":68}},"line":151},"20":{"name":"(anonymous_20)","decl":{"start":{"line":156,"column":9},"end":{"line":156,"column":27}},"loc":{"start":{"line":156,"column":27},"end":{"line":158,"column":null}},"line":156},"21":{"name":"(anonymous_21)","decl":{"start":{"line":160,"column":2},"end":{"line":160,"column":31}},"loc":{"start":{"line":160,"column":31},"end":{"line":164,"column":null}},"line":160},"22":{"name":"(anonymous_22)","decl":{"start":{"line":166,"column":9},"end":{"line":166,"column":24}},"loc":{"start":{"line":166,"column":52},"end":{"line":173,"column":null}},"line":166},"23":{"name":"(anonymous_23)","decl":{"start":{"line":175,"column":2},"end":{"line":175,"column":15}},"loc":{"start":{"line":175,"column":15},"end":{"line":179,"column":null}},"line":175},"24":{"name":"(anonymous_24)","decl":{"start":{"line":181,"column":10},"end":{"line":181,"column":33}},"loc":{"start":{"line":181,"column":33},"end":{"line":185,"column":null}},"line":181},"25":{"name":"(anonymous_25)","decl":{"start":{"line":187,"column":10},"end":{"line":187,"column":23}},"loc":{"start":{"line":187,"column":65},"end":{"line":215,"column":null}},"line":187},"26":{"name":"(anonymous_26)","decl":{"start":{"line":217,"column":10},"end":{"line":217,"column":22}},"loc":{"start":{"line":217,"column":64},"end":{"line":244,"column":null}},"line":217},"27":{"name":"(anonymous_27)","decl":{"start":{"line":222,"column":53},"end":{"line":222,"column":54}},"loc":{"start":{"line":222,"column":60},"end":{"line":222,"column":68}},"line":222},"28":{"name":"(anonymous_28)","decl":{"start":{"line":229,"column":26},"end":{"line":229,"column":27}},"loc":{"start":{"line":229,"column":33},"end":{"line":229,"column":63}},"line":229},"29":{"name":"(anonymous_29)","decl":{"start":{"line":232,"column":29},"end":{"line":232,"column":30}},"loc":{"start":{"line":232,"column":39},"end":{"line":243,"column":5}},"line":232},"30":{"name":"(anonymous_30)","decl":{"start":{"line":246,"column":10},"end":{"line":246,"column":26}},"loc":{"start":{"line":246,"column":64},"end":{"line":258,"column":null}},"line":246},"31":{"name":"init","decl":{"start":{"line":261,"column":30},"end":{"line":261,"column":52}},"loc":{"start":{"line":261,"column":52},"end":{"line":263,"column":null}},"line":261}},"branchMap":{"0":{"loc":{"start":{"line":35,"column":4},"end":{"line":37,"column":null}},"type":"if","locations":[{"start":{"line":35,"column":4},"end":{"line":37,"column":null}},{"start":{},"end":{}}],"line":35},"1":{"loc":{"start":{"line":40,"column":4},"end":{"line":42,"column":null}},"type":"if","locations":[{"start":{"line":40,"column":4},"end":{"line":42,"column":null}},{"start":{},"end":{}}],"line":40},"2":{"loc":{"start":{"line":54,"column":4},"end":{"line":56,"column":null}},"type":"if","locations":[{"start":{"line":54,"column":4},"end":{"line":56,"column":null}},{"start":{},"end":{}}],"line":54},"3":{"loc":{"start":{"line":68,"column":4},"end":{"line":72,"column":null}},"type":"if","locations":[{"start":{"line":68,"column":4},"end":{"line":72,"column":null}},{"start":{},"end":{}}],"line":68},"4":{"loc":{"start":{"line":182,"column":4},"end":{"line":184,"column":null}},"type":"if","locations":[{"start":{"line":182,"column":4},"end":{"line":184,"column":null}},{"start":{},"end":{}}],"line":182},"5":{"loc":{"start":{"line":204,"column":6},"end":{"line":211,"column":null}},"type":"if","locations":[{"start":{"line":204,"column":6},"end":{"line":211,"column":null}},{"start":{},"end":{}}],"line":204},"6":{"loc":{"start":{"line":220,"column":4},"end":{"line":220,"column":null}},"type":"if","locations":[{"start":{"line":220,"column":4},"end":{"line":220,"column":null}},{"start":{},"end":{}}],"line":220},"7":{"loc":{"start":{"line":226,"column":24},"end":{"line":226,"column":null}},"type":"cond-expr","locations":[{"start":{"line":226,"column":37},"end":{"line":226,"column":53}},{"start":{"line":226,"column":53},"end":{"line":226,"column":null}}],"line":226},"8":{"loc":{"start":{"line":228,"column":26},"end":{"line":230,"column":null}},"type":"cond-expr","locations":[{"start":{"line":229,"column":8},"end":{"line":229,"column":null}},{"start":{"line":230,"column":8},"end":{"line":230,"column":null}}],"line":228},"9":{"loc":{"start":{"line":237,"column":8},"end":{"line":240,"column":null}},"type":"if","locations":[{"start":{"line":237,"column":8},"end":{"line":240,"column":null}},{"start":{},"end":{}}],"line":237},"10":{"loc":{"start":{"line":239,"column":21},"end":{"line":239,"column":null}},"type":"binary-expr","locations":[{"start":{"line":239,"column":21},"end":{"line":239,"column":50}},{"start":{"line":239,"column":50},"end":{"line":239,"column":null}}],"line":239},"11":{"loc":{"start":{"line":253,"column":6},"end":{"line":255,"column":null}},"type":"if","locations":[{"start":{"line":253,"column":6},"end":{"line":255,"column":null}},{"start":{"line":253,"column":54},"end":{"line":255,"column":null}}],"line":253},"12":{"loc":{"start":{"line":253,"column":54},"end":{"line":255,"column":null}},"type":"if","locations":[{"start":{"line":253,"column":54},"end":{"line":255,"column":null}},{"start":{"line":254,"column":59},"end":{"line":255,"column":null}}],"line":253},"13":{"loc":{"start":{"line":254,"column":59},"end":{"line":255,"column":null}},"type":"if","locations":[{"start":{"line":254,"column":59},"end":{"line":255,"column":null}},{"start":{},"end":{}}],"line":254}},"s":{"0":114,"1":114,"2":114,"3":63,"4":63,"5":63,"6":30,"7":33,"8":30,"9":3,"10":5,"11":5,"12":5,"13":0,"14":5,"15":5,"16":5,"17":5,"18":5,"19":6,"20":6,"21":6,"22":0,"23":6,"24":3,"25":3,"26":2,"27":2,"28":2,"29":2,"30":4,"31":4,"32":4,"33":4,"34":2,"35":2,"36":2,"37":2,"38":14,"39":14,"40":5,"41":5,"42":1,"43":1,"44":0,"45":1,"46":0,"47":1,"48":0,"49":1,"50":1,"51":9,"52":9,"53":9,"54":3,"55":3,"56":3,"57":3,"58":3,"59":3,"60":108,"61":108,"62":108,"63":126,"64":0,"65":30,"66":30,"67":32,"68":32,"69":32,"70":32,"71":30,"72":30,"73":2,"74":2,"75":2,"76":30,"77":30,"78":30,"79":0,"80":30,"81":34,"82":30,"83":30,"84":30,"85":22,"86":30,"87":22,"88":22,"89":26,"90":26,"91":26,"92":26,"93":22,"94":32,"95":32,"96":32,"97":40,"98":40,"99":32,"100":8,"101":0,"102":8,"103":8,"104":32},"f":{"0":114,"1":63,"2":5,"3":5,"4":5,"5":6,"6":3,"7":2,"8":2,"9":4,"10":4,"11":4,"12":2,"13":2,"14":14,"15":5,"16":1,"17":0,"18":0,"19":0,"20":114,"21":9,"22":114,"23":108,"24":126,"25":30,"26":30,"27":34,"28":22,"29":22,"30":32,"31":36},"b":{"0":[30,33],"1":[30,3],"2":[0,5],"3":[0,6],"4":[0,126],"5":[2,0],"6":[0,30],"7":[28,2],"8":[28,2],"9":[26,0],"10":[26,0],"11":[32,8],"12":[0,8],"13":[8,0]},"meta":{"lastBranch":14,"lastFunction":32,"lastStatement":105,"seen":{"s:21:26:21:Infinity":0,"s:22:26:22:Infinity":1,"s:23:18:23:Infinity":2,"f:25:2:25:16":0,"f:29:2:29:10":1,"s:30:4:30:Infinity":3,"s:32:20:32:Infinity":4,"b:35:4:37:Infinity:undefined:undefined:undefined:undefined":0,"s:35:4:37:Infinity":5,"s:36:6:36:Infinity":6,"b:40:4:42:Infinity:undefined:undefined:undefined:undefined":1,"s:40:4:42:Infinity":7,"s:41:6:41:Infinity":8,"s:44:4:44:Infinity":9,"f:47:2:47:13":2,"s:52:4:52:Infinity":10,"s:53:20:53:Infinity":11,"b:54:4:56:Infinity:undefined:undefined:undefined:undefined":2,"s:54:4:56:Infinity":12,"s:55:6:55:Infinity":13,"s:57:20:57:Infinity":14,"s:58:17:58:Infinity":15,"f:58:29:58:30":3,"s:58:38:58:68":16,"f:58:50:58:51":4,"s:58:59:58:67":17,"s:59:4:59:Infinity":18,"f:62:2:62:Infinity":5,"s:66:4:66:Infinity":19,"s:67:22:67:Infinity":20,"b:68:4:72:Infinity:undefined:undefined:undefined:undefined":3,"s:68:4:72:Infinity":21,"s:69:6:71:Infinity":22,"s:74:4:74:Infinity":23,"f:77:2:77:Infinity":6,"s:81:4:81:Infinity":24,"s:82:4:82:Infinity":25,"f:85:2:85:Infinity":7,"s:90:4:90:Infinity":26,"s:91:4:91:Infinity":27,"f:94:2:94:Infinity":8,"s:98:4:98:Infinity":28,"s:99:4:99:Infinity":29,"f:102:2:102:18":9,"s:103:4:103:Infinity":30,"f:106:2:106:16":10,"s:107:4:107:Infinity":31,"s:108:4:108:Infinity":32,"f:111:2:111:19":11,"s:112:4:112:Infinity":33,"f:115:2:115:Infinity":12,"s:121:4:121:Infinity":34,"s:122:4:122:Infinity":35,"f:125:2:125:Infinity":13,"s:132:4:132:Infinity":36,"s:133:4:133:Infinity":37,"f:136:2:136:22":14,"s:137:4:137:Infinity":38,"s:138:4:138:Infinity":39,"f:141:2:141:22":15,"s:142:4:142:Infinity":40,"s:143:4:143:Infinity":41,"f:146:2:146:20":16,"s:147:4:147:Infinity":42,"s:148:19:148:Infinity":43,"f:148:50:148:51":17,"s:148:57:148:65":44,"s:149:22:149:Infinity":45,"f:149:49:149:50":18,"s:149:56:149:62":46,"s:150:25:152:Infinity":47,"f:151:36:151:37":19,"s:151:43:151:68":48,"s:153:4:153:Infinity":49,"f:156:9:156:27":20,"s:157:4:157:Infinity":50,"f:160:2:160:31":21,"s:161:4:161:Infinity":51,"s:162:17:162:Infinity":52,"s:163:4:163:Infinity":53,"f:166:9:166:24":22,"s:167:17:167:Infinity":54,"s:168:19:168:Infinity":55,"s:169:15:169:Infinity":56,"s:170:4:170:Infinity":57,"s:171:4:171:Infinity":58,"s:172:4:172:Infinity":59,"f:175:2:175:15":23,"s:176:4:176:Infinity":60,"s:177:4:177:Infinity":61,"s:178:4:178:Infinity":62,"f:181:10:181:33":24,"b:182:4:184:Infinity:undefined:undefined:undefined:undefined":4,"s:182:4:184:Infinity":63,"s:183:6:183:Infinity":64,"f:187:10:187:23":25,"s:189:24:189:Infinity":65,"s:192:4:197:Infinity":66,"s:193:20:193:Infinity":67,"s:194:23:194:Infinity":68,"s:195:25:195:Infinity":69,"s:196:6:196:Infinity":70,"s:200:24:200:Infinity":71,"s:201:4:212:Infinity":72,"s:202:19:202:Infinity":73,"b:204:6:211:Infinity:undefined:undefined:undefined:undefined":5,"s:204:6:211:Infinity":74,"s:205:8:210:Infinity":75,"s:214:4:214:Infinity":76,"f:217:10:217:22":26,"s:219:24:219:Infinity":77,"b:220:4:220:Infinity:undefined:undefined:undefined:undefined":6,"s:220:4:220:Infinity":78,"s:220:22:220:Infinity":79,"s:222:23:222:Infinity":80,"f:222:53:222:54":27,"s:222:60:222:68":81,"s:225:23:225:Infinity":82,"s:226:24:226:Infinity":83,"b:226:37:226:53:226:53:226:Infinity":7,"s:228:26:230:Infinity":84,"b:229:8:229:Infinity:230:8:230:Infinity":8,"f:229:26:229:27":28,"s:229:33:229:63":85,"s:232:4:243:Infinity":86,"f:232:29:232:30":29,"s:233:43:233:Infinity":87,"s:234:6:241:Infinity":88,"s:236:26:236:Infinity":89,"b:237:8:240:Infinity:undefined:undefined:undefined:undefined":9,"s:237:8:240:Infinity":90,"s:238:27:238:Infinity":91,"s:239:10:239:Infinity":92,"b:239:21:239:50:239:50:239:Infinity":10,"s:242:6:242:Infinity":93,"f:246:10:246:26":30,"s:247:43:247:Infinity":94,"s:249:24:249:Infinity":95,"s:251:4:256:Infinity":96,"s:252:18:252:Infinity":97,"b:253:6:255:Infinity:253:54:255:Infinity":11,"s:253:6:255:Infinity":98,"s:253:34:253:Infinity":99,"b:253:54:255:Infinity:254:59:255:Infinity":12,"s:253:54:255:Infinity":100,"s:254:39:254:Infinity":101,"b:254:59:255:Infinity:undefined:undefined:undefined:undefined":13,"s:254:59:255:Infinity":102,"s:255:39:255:Infinity":103,"s:257:4:257:Infinity":104,"f:261:30:261:52":31}}}
}
