TN:
SF:src\index.ts
FN:79,(anonymous_0)
FN:90,(anonymous_1)
FN:95,(anonymous_2)
FN:108,(anonymous_3)
FN:144,(anonymous_4)
FN:153,(anonymous_5)
FN:164,(anonymous_6)
FN:193,(anonymous_7)
FN:206,(anonymous_8)
FN:219,(anonymous_9)
FN:226,(anonymous_10)
FN:235,(anonymous_11)
FN:244,(anonymous_12)
FN:253,(anonymous_13)
FN:265,(anonymous_14)
FN:279,(anonymous_15)
FN:287,(anonymous_16)
FN:292,(anonymous_17)
FN:313,(anonymous_18)
FN:320,(anonymous_19)
FN:328,(anonymous_20)
FN:333,(anonymous_21)
FN:341,(anonymous_22)
FN:347,(anonymous_23)
FN:355,(anonymous_24)
FN:360,(anonymous_25)
FN:375,(anonymous_26)
FN:391,(anonymous_27)
FN:403,(anonymous_28)
FN:408,(anonymous_29)
FN:416,(anonymous_30)
FN:422,(anonymous_31)
FN:430,(anonymous_32)
FN:435,(anonymous_33)
FN:451,(anonymous_34)
FN:467,(anonymous_35)
FN:476,(anonymous_36)
FN:485,(anonymous_37)
FN:494,(anonymous_38)
FN:502,(anonymous_39)
FN:507,(anonymous_40)
FN:516,(anonymous_41)
FN:525,(anonymous_42)
FN:539,(anonymous_43)
FN:549,(anonymous_44)
FN:562,(anonymous_45)
FN:569,(anonymous_46)
FN:580,(anonymous_47)
FN:588,(anonymous_48)
FN:594,(anonymous_49)
FN:605,(anonymous_50)
FN:615,(anonymous_51)
FN:621,(anonymous_52)
FNF:53
FNH:39
FNDA:177,(anonymous_0)
FNDA:177,(anonymous_1)
FNDA:0,(anonymous_2)
FNDA:177,(anonymous_3)
FNDA:177,(anonymous_4)
FNDA:27,(anonymous_5)
FNDA:55,(anonymous_6)
FNDA:0,(anonymous_7)
FNDA:4,(anonymous_8)
FNDA:0,(anonymous_9)
FNDA:9,(anonymous_10)
FNDA:4,(anonymous_11)
FNDA:5,(anonymous_12)
FNDA:1,(anonymous_13)
FNDA:3,(anonymous_14)
FNDA:2,(anonymous_15)
FNDA:0,(anonymous_16)
FNDA:2,(anonymous_17)
FNDA:1,(anonymous_18)
FNDA:3,(anonymous_19)
FNDA:0,(anonymous_20)
FNDA:3,(anonymous_21)
FNDA:0,(anonymous_22)
FNDA:3,(anonymous_23)
FNDA:0,(anonymous_24)
FNDA:4,(anonymous_25)
FNDA:4,(anonymous_26)
FNDA:4,(anonymous_27)
FNDA:0,(anonymous_28)
FNDA:1,(anonymous_29)
FNDA:0,(anonymous_30)
FNDA:1,(anonymous_31)
FNDA:0,(anonymous_32)
FNDA:4,(anonymous_33)
FNDA:3,(anonymous_34)
FNDA:3,(anonymous_35)
FNDA:3,(anonymous_36)
FNDA:5,(anonymous_37)
FNDA:5,(anonymous_38)
FNDA:0,(anonymous_39)
FNDA:3,(anonymous_40)
FNDA:2,(anonymous_41)
FNDA:4,(anonymous_42)
FNDA:4,(anonymous_43)
FNDA:0,(anonymous_44)
FNDA:4,(anonymous_45)
FNDA:0,(anonymous_46)
FNDA:4,(anonymous_47)
FNDA:0,(anonymous_48)
FNDA:179,(anonymous_49)
FNDA:12,(anonymous_50)
FNDA:153,(anonymous_51)
FNDA:29,(anonymous_52)
DA:77,177
DA:84,177
DA:85,177
DA:86,177
DA:91,1
DA:96,0
DA:97,0
DA:99,0
DA:109,177
DA:110,17
DA:113,160
DA:115,160
DA:118,160
DA:119,24
DA:123,24
DA:124,24
DA:125,1
DA:126,1
DA:128,1
DA:131,1
DA:132,1
DA:135,23
DA:138,136
DA:141,160
DA:147,17
DA:148,17
DA:149,17
DA:154,27
DA:168,55
DA:170,55
DA:171,0
DA:174,53
DA:175,55
DA:176,55
DA:179,55
DA:180,1
DA:181,52
DA:182,3
DA:183,49
DA:184,1
DA:186,48
DA:192,52
DA:193,8
DA:196,52
DA:207,4
DA:209,4
DA:210,0
DA:213,3
DA:214,4
DA:218,4
DA:219,1
DA:222,3
DA:227,9
DA:228,9
DA:229,0
DA:231,8
DA:236,4
DA:237,4
DA:238,0
DA:240,3
DA:245,5
DA:246,5
DA:247,0
DA:249,4
DA:254,1
DA:255,1
DA:256,0
DA:258,1
DA:259,0
DA:261,1
DA:266,3
DA:267,3
DA:268,0
DA:270,2
DA:271,2
DA:280,2
DA:281,2
DA:282,0
DA:284,1
DA:285,1
DA:286,1
DA:287,0
DA:293,2
DA:294,2
DA:295,0
DA:299,1
DA:300,1
DA:302,1
DA:303,0
DA:314,1
DA:316,1
DA:321,3
DA:322,3
DA:323,1
DA:325,2
DA:326,2
DA:327,2
DA:328,1
DA:334,3
DA:335,3
DA:336,1
DA:338,2
DA:339,2
DA:340,2
DA:341,1
DA:343,2
DA:348,3
DA:349,3
DA:350,1
DA:352,2
DA:353,2
DA:354,2
DA:355,1
DA:366,4
DA:367,4
DA:368,1
DA:370,3
DA:371,3
DA:382,4
DA:383,4
DA:384,1
DA:386,3
DA:387,3
DA:396,4
DA:397,4
DA:398,1
DA:400,3
DA:401,3
DA:402,3
DA:403,0
DA:409,1
DA:410,1
DA:411,0
DA:413,1
DA:414,1
DA:415,1
DA:416,0
DA:418,1
DA:423,1
DA:424,1
DA:425,0
DA:427,1
DA:428,1
DA:429,1
DA:430,0
DA:442,4
DA:443,4
DA:444,1
DA:446,3
DA:447,3
DA:458,3
DA:459,3
DA:460,0
DA:462,3
DA:463,3
DA:468,3
DA:469,3
DA:470,1
DA:472,1
DA:477,3
DA:478,3
DA:479,1
DA:481,1
DA:486,5
DA:487,5
DA:488,1
DA:490,3
DA:495,5
DA:496,5
DA:497,1
DA:499,3
DA:500,3
DA:501,3
DA:502,1
DA:508,3
DA:509,3
DA:510,1
DA:512,1
DA:517,2
DA:518,2
DA:519,1
DA:521,1
DA:526,4
DA:527,4
DA:528,1
DA:530,2
DA:543,4
DA:544,4
DA:545,1
DA:547,3
DA:548,3
DA:549,1
DA:551,3
DA:563,4
DA:564,4
DA:565,1
DA:567,3
DA:568,3
DA:569,1
DA:571,3
DA:581,4
DA:582,4
DA:583,1
DA:585,3
DA:586,3
DA:587,3
DA:588,0
DA:590,1
DA:595,179
DA:596,176
DA:598,176
DA:599,17
DA:600,17
DA:601,17
DA:604,159
DA:605,24
DA:606,24
DA:609,159
DA:610,159
DA:611,159
DA:616,153
DA:617,15
DA:622,29
DA:623,12
LF:224
LH:202
BRDA:96,0,0,0
BRDA:96,0,1,0
BRDA:109,1,0,17
BRDA:109,1,1,160
BRDA:118,2,0,24
BRDA:118,2,1,136
BRDA:124,3,0,1
BRDA:124,3,1,23
BRDA:170,4,0,0
BRDA:170,4,1,55
BRDA:176,5,0,55
BRDA:176,5,1,4
BRDA:179,6,0,1
BRDA:179,6,1,52
BRDA:179,7,0,55
BRDA:179,7,1,4
BRDA:181,8,0,3
BRDA:181,8,1,49
BRDA:183,9,0,1
BRDA:183,9,1,48
BRDA:192,10,0,8
BRDA:192,10,1,44
BRDA:209,11,0,0
BRDA:209,11,1,4
BRDA:214,12,0,1
BRDA:214,12,1,2
BRDA:214,13,0,4
BRDA:214,13,1,1
BRDA:218,14,0,1
BRDA:218,14,1,3
BRDA:228,15,0,0
BRDA:228,15,1,9
BRDA:237,16,0,0
BRDA:237,16,1,4
BRDA:246,17,0,0
BRDA:246,17,1,5
BRDA:255,18,0,0
BRDA:255,18,1,1
BRDA:258,19,0,0
BRDA:258,19,1,1
BRDA:267,20,0,0
BRDA:267,20,1,3
BRDA:281,21,0,0
BRDA:281,21,1,2
BRDA:286,22,0,0
BRDA:286,22,1,1
BRDA:294,23,0,0
BRDA:294,23,1,2
BRDA:302,24,0,0
BRDA:302,24,1,1
BRDA:322,25,0,1
BRDA:322,25,1,2
BRDA:327,26,0,1
BRDA:327,26,1,1
BRDA:335,27,0,1
BRDA:335,27,1,2
BRDA:340,28,0,1
BRDA:340,28,1,1
BRDA:349,29,0,1
BRDA:349,29,1,2
BRDA:354,30,0,1
BRDA:354,30,1,1
BRDA:367,31,0,1
BRDA:367,31,1,3
BRDA:383,32,0,1
BRDA:383,32,1,3
BRDA:397,33,0,1
BRDA:397,33,1,3
BRDA:402,34,0,0
BRDA:402,34,1,3
BRDA:410,35,0,0
BRDA:410,35,1,1
BRDA:415,36,0,0
BRDA:415,36,1,1
BRDA:424,37,0,0
BRDA:424,37,1,1
BRDA:429,38,0,0
BRDA:429,38,1,1
BRDA:443,39,0,1
BRDA:443,39,1,3
BRDA:459,40,0,0
BRDA:459,40,1,3
BRDA:469,41,0,1
BRDA:469,41,1,2
BRDA:478,42,0,1
BRDA:478,42,1,2
BRDA:487,43,0,1
BRDA:487,43,1,4
BRDA:496,44,0,1
BRDA:496,44,1,4
BRDA:501,45,0,1
BRDA:501,45,1,2
BRDA:509,46,0,1
BRDA:509,46,1,2
BRDA:518,47,0,1
BRDA:518,47,1,1
BRDA:527,48,0,1
BRDA:527,48,1,3
BRDA:544,49,0,1
BRDA:544,49,1,3
BRDA:548,50,0,1
BRDA:548,50,1,2
BRDA:564,51,0,1
BRDA:564,51,1,3
BRDA:568,52,0,1
BRDA:568,52,1,2
BRDA:582,53,0,1
BRDA:582,53,1,3
BRDA:587,54,0,0
BRDA:587,54,1,3
BRDA:595,55,0,3
BRDA:595,55,1,176
BRDA:598,56,0,17
BRDA:598,56,1,159
BRDA:604,57,0,24
BRDA:604,57,1,135
BRDA:609,58,0,159
BRDA:609,58,1,0
BRDA:616,59,0,15
BRDA:616,59,1,138
BRDA:622,60,0,12
BRDA:622,60,1,17
BRF:122
BRH:100
end_of_record
TN:
SF:src\lite.ts
FN:36,(anonymous_0)
FN:50,(anonymous_1)
FN:83,(anonymous_2)
FN:88,(anonymous_3)
FN:102,(anonymous_4)
FN:109,(anonymous_5)
FN:114,(anonymous_6)
FN:121,(anonymous_7)
FN:127,(anonymous_8)
FN:133,(anonymous_9)
FN:139,(anonymous_10)
FN:145,(anonymous_11)
FN:151,(anonymous_12)
FN:157,(anonymous_13)
FN:163,(anonymous_14)
FN:169,(anonymous_15)
FN:178,(anonymous_16)
FN:185,(anonymous_17)
FN:190,(anonymous_18)
FN:195,(anonymous_19)
FN:205,(anonymous_20)
FN:211,(anonymous_21)
FN:216,(anonymous_22)
FN:226,(anonymous_23)
FNF:24
FNH:18
FNDA:32,(anonymous_0)
FNDA:32,(anonymous_1)
FNDA:5,(anonymous_2)
FNDA:16,(anonymous_3)
FNDA:0,(anonymous_4)
FNDA:1,(anonymous_5)
FNDA:0,(anonymous_6)
FNDA:6,(anonymous_7)
FNDA:2,(anonymous_8)
FNDA:0,(anonymous_9)
FNDA:2,(anonymous_10)
FNDA:1,(anonymous_11)
FNDA:3,(anonymous_12)
FNDA:1,(anonymous_13)
FNDA:2,(anonymous_14)
FNDA:0,(anonymous_15)
FNDA:1,(anonymous_16)
FNDA:1,(anonymous_17)
FNDA:0,(anonymous_18)
FNDA:1,(anonymous_19)
FNDA:0,(anonymous_20)
FNDA:33,(anonymous_21)
FNDA:1,(anonymous_22)
FNDA:37,(anonymous_23)
DA:34,32
DA:40,32
DA:41,32
DA:51,32
DA:53,32
DA:56,32
DA:57,2
DA:61,2
DA:62,2
DA:63,1
DA:64,1
DA:66,1
DA:69,1
DA:70,1
DA:73,1
DA:76,30
DA:79,32
DA:84,5
DA:92,16
DA:93,16
DA:94,16
DA:101,16
DA:102,1
DA:105,14
DA:110,1
DA:111,1
DA:113,1
DA:114,0
DA:117,1
DA:122,6
DA:123,6
DA:128,2
DA:129,2
DA:134,0
DA:135,0
DA:140,2
DA:141,2
DA:146,1
DA:147,1
DA:152,3
DA:153,3
DA:158,1
DA:159,1
DA:164,2
DA:165,2
DA:170,0
DA:171,0
DA:172,0
DA:174,0
DA:179,1
DA:180,1
DA:181,1
DA:186,1
DA:187,1
DA:188,1
DA:189,1
DA:190,0
DA:196,1
DA:197,1
DA:198,1
DA:199,1
DA:200,0
DA:206,0
DA:207,0
DA:212,33
DA:213,32
DA:215,32
DA:216,2
DA:217,2
DA:220,32
DA:221,32
DA:222,32
DA:227,37
DA:228,3
LF:74
LH:63
BRDA:56,0,0,2
BRDA:56,0,1,30
BRDA:62,1,0,1
BRDA:62,1,1,1
BRDA:94,2,0,1
BRDA:94,2,1,14
BRDA:101,3,0,1
BRDA:101,3,1,15
BRDA:113,4,0,0
BRDA:113,4,1,1
BRDA:171,5,0,0
BRDA:171,5,1,0
BRDA:189,6,0,0
BRDA:189,6,1,1
BRDA:199,7,0,0
BRDA:199,7,1,1
BRDA:212,8,0,1
BRDA:212,8,1,32
BRDA:215,9,0,2
BRDA:215,9,1,30
BRDA:220,10,0,32
BRDA:220,10,1,0
BRDA:227,11,0,3
BRDA:227,11,1,34
BRF:24
BRH:18
end_of_record
TN:
SF:src\persistence.ts
FN:14,openDatabase
FN:15,(anonymous_1)
FN:18,(anonymous_2)
FN:25,(anonymous_3)
FN:26,(anonymous_4)
FN:30,idbRequest
FN:31,(anonymous_6)
FN:32,(anonymous_7)
FN:33,(anonymous_8)
FN:49,(anonymous_9)
FN:56,(anonymous_10)
FN:60,(anonymous_11)
FN:75,(anonymous_12)
FN:95,(anonymous_13)
FN:102,(anonymous_14)
FN:117,(anonymous_15)
FN:130,(anonymous_16)
FN:148,(anonymous_17)
FNF:18
FNH:15
FNDA:74,openDatabase
FNDA:74,(anonymous_1)
FNDA:5,(anonymous_2)
FNDA:74,(anonymous_3)
FNDA:0,(anonymous_4)
FNDA:74,idbRequest
FNDA:74,(anonymous_6)
FNDA:74,(anonymous_7)
FNDA:0,(anonymous_8)
FNDA:40,(anonymous_9)
FNDA:0,(anonymous_10)
FNDA:37,(anonymous_11)
FNDA:24,(anonymous_12)
FNDA:23,(anonymous_13)
FNDA:1,(anonymous_14)
FNDA:32,(anonymous_15)
FNDA:13,(anonymous_16)
FNDA:1,(anonymous_17)
DA:3,9
DA:4,9
DA:5,9
DA:6,9
DA:15,74
DA:16,74
DA:18,74
DA:19,5
DA:20,5
DA:21,5
DA:25,74
DA:26,74
DA:31,74
DA:32,74
DA:33,74
DA:45,40
DA:46,40
DA:54,40
DA:55,40
DA:56,40
DA:61,37
DA:62,37
DA:63,37
DA:64,37
DA:65,37
DA:68,37
DA:70,37
DA:76,24
DA:77,24
DA:78,24
DA:79,24
DA:80,24
DA:85,24
DA:87,24
DA:96,23
DA:98,23
DA:99,5
DA:102,23
DA:103,1
DA:104,1
DA:105,1
DA:106,1
DA:107,1
DA:108,1
DA:110,0
DA:118,32
DA:119,17
DA:120,17
DA:122,32
DA:123,17
DA:124,17
DA:125,17
DA:131,13
DA:132,0
DA:133,0
DA:135,13
DA:137,13
DA:138,13
DA:139,13
DA:140,13
DA:141,13
DA:143,13
DA:149,1
DA:150,0
DA:151,0
DA:156,1
LF:66
LH:61
BRDA:20,0,0,5
BRDA:20,0,1,0
BRDA:55,1,0,40
BRDA:55,1,1,40
BRDA:56,2,0,40
BRDA:56,2,1,0
BRDA:68,3,0,37
BRDA:68,3,1,30
BRDA:98,4,0,5
BRDA:98,4,1,18
BRDA:104,5,0,1
BRDA:104,5,1,0
BRDA:110,6,0,0
BRDA:110,6,1,0
BRDA:118,7,0,17
BRDA:118,7,1,15
BRDA:122,8,0,17
BRDA:122,8,1,15
BRDA:131,9,0,0
BRDA:131,9,1,13
BRDA:149,10,0,0
BRDA:149,10,1,1
BRDA:149,11,0,1
BRDA:149,11,1,1
BRDA:152,12,0,0
BRDA:152,12,1,0
BRDA:153,13,0,0
BRDA:153,13,1,0
BRF:28
BRH:17
end_of_record
TN:
SF:src\query-utils.ts
FNF:0
FNH:0
LF:0
LH:0
BRF:0
BRH:0
end_of_record
TN:
SF:src\react.ts
FN:33,useGrafeo
FN:39,(anonymous_1)
FN:44,(anonymous_2)
FN:53,(anonymous_3)
FN:60,(anonymous_4)
FN:81,useQuery
FN:97,(anonymous_6)
FN:98,(anonymous_7)
FN:101,(anonymous_8)
FN:113,(anonymous_9)
FN:119,(anonymous_10)
FN:126,(anonymous_11)
FNF:12
FNH:9
FNDA:16,useGrafeo
FNDA:9,(anonymous_1)
FNDA:8,(anonymous_2)
FNDA:1,(anonymous_3)
FNDA:9,(anonymous_4)
FNDA:3,useQuery
FNDA:0,(anonymous_6)
FNDA:0,(anonymous_7)
FNDA:2,(anonymous_8)
FNDA:1,(anonymous_9)
FNDA:0,(anonymous_10)
FNDA:1,(anonymous_11)
DA:34,16
DA:35,16
DA:36,16
DA:37,16
DA:39,16
DA:40,9
DA:41,9
DA:43,9
DA:45,8
DA:46,8
DA:47,6
DA:48,6
DA:50,2
DA:54,1
DA:55,1
DA:56,1
DA:60,9
DA:61,9
DA:62,9
DA:67,16
DA:86,3
DA:87,3
DA:88,3
DA:89,3
DA:90,3
DA:92,3
DA:93,3
DA:94,3
DA:95,3
DA:97,3
DA:98,0
DA:101,3
DA:102,2
DA:104,2
DA:105,1
DA:106,1
DA:109,1
DA:110,1
DA:112,1
DA:114,1
DA:115,1
DA:116,1
DA:120,0
DA:121,0
DA:122,0
DA:126,1
DA:127,1
DA:131,3
LF:48
LH:44
BRDA:46,0,0,6
BRDA:46,0,1,2
BRDA:54,1,0,1
BRDA:54,1,1,0
BRDA:55,2,0,1
BRDA:55,2,1,0
BRDA:93,3,0,3
BRDA:93,3,1,3
BRDA:104,4,0,1
BRDA:104,4,1,1
BRDA:114,5,0,1
BRDA:114,5,1,0
BRDA:120,6,0,0
BRDA:120,6,1,0
BRDA:121,7,0,0
BRDA:121,7,1,0
BRF:16
BRH:9
end_of_record
TN:
SF:src\svelte.ts
FN:36,createGrafeo
FN:46,notifyDb
FN:49,notifyLoading
FN:52,notifyError
FN:58,(anonymous_4)
FN:65,(anonymous_5)
FN:73,(anonymous_6)
FN:76,(anonymous_7)
FN:89,(anonymous_8)
FN:92,(anonymous_9)
FN:99,(anonymous_10)
FN:102,(anonymous_11)
FN:108,close
FN:146,createQuery
FN:160,notifyData
FN:163,notifyLoading
FN:166,notifyError
FN:170,executeQuery
FN:196,(anonymous_18)
FN:202,(anonymous_19)
FN:205,(anonymous_20)
FN:215,(anonymous_21)
FN:218,(anonymous_22)
FN:228,(anonymous_23)
FN:231,(anonymous_24)
FN:240,refetch
FNF:26
FNH:26
FNDA:10,createGrafeo
FNDA:13,notifyDb
FNDA:10,notifyLoading
FNDA:1,notifyError
FNDA:9,(anonymous_4)
FNDA:1,(anonymous_5)
FNDA:9,(anonymous_6)
FNDA:9,(anonymous_7)
FNDA:9,(anonymous_8)
FNDA:9,(anonymous_9)
FNDA:2,(anonymous_10)
FNDA:2,(anonymous_11)
FNDA:8,close
FNDA:4,createQuery
FNDA:4,notifyData
FNDA:9,notifyLoading
FNDA:4,notifyError
FNDA:5,executeQuery
FNDA:4,(anonymous_18)
FNDA:1,(anonymous_19)
FNDA:1,(anonymous_20)
FNDA:4,(anonymous_21)
FNDA:4,(anonymous_22)
FNDA:1,(anonymous_23)
FNDA:1,(anonymous_24)
FNDA:1,refetch
DA:37,10
DA:38,10
DA:39,10
DA:40,10
DA:42,10
DA:43,10
DA:44,10
DA:47,13
DA:50,10
DA:53,1
DA:57,10
DA:59,9
DA:60,9
DA:61,9
DA:62,9
DA:63,9
DA:66,1
DA:67,1
DA:68,1
DA:69,1
DA:72,10
DA:74,9
DA:75,9
DA:76,9
DA:77,9
DA:79,9
DA:80,5
DA:81,5
DA:82,5
DA:88,10
DA:90,9
DA:91,9
DA:92,9
DA:93,9
DA:98,10
DA:100,2
DA:101,2
DA:102,2
DA:103,2
DA:109,8
DA:110,4
DA:111,4
DA:112,4
DA:113,4
DA:117,10
DA:151,4
DA:152,4
DA:153,4
DA:155,4
DA:156,4
DA:157,4
DA:158,4
DA:161,4
DA:164,9
DA:167,4
DA:171,5
DA:172,1
DA:173,1
DA:174,1
DA:177,4
DA:178,4
DA:179,4
DA:180,4
DA:182,4
DA:183,4
DA:184,4
DA:185,4
DA:187,0
DA:188,0
DA:190,4
DA:191,4
DA:196,4
DA:197,4
DA:198,4
DA:201,4
DA:203,1
DA:204,1
DA:205,1
DA:206,1
DA:207,1
DA:208,0
DA:214,4
DA:216,4
DA:217,4
DA:218,4
DA:219,4
DA:220,4
DA:221,3
DA:227,4
DA:229,1
DA:230,1
DA:231,1
DA:232,1
DA:233,1
DA:234,1
DA:241,1
DA:244,4
LF:97
LH:94
BRDA:66,0,0,1
BRDA:66,0,1,0
BRDA:79,1,0,5
BRDA:79,1,1,4
BRDA:79,2,0,9
BRDA:79,2,1,9
BRDA:109,3,0,4
BRDA:109,3,1,4
BRDA:171,4,0,1
BRDA:171,4,1,4
BRDA:187,5,0,0
BRDA:187,5,1,0
BRDA:207,6,0,0
BRDA:207,6,1,1
BRDA:207,7,0,1
BRDA:207,7,1,1
BRDA:207,7,2,0
BRDA:220,8,0,3
BRDA:220,8,1,1
BRDA:220,9,0,4
BRDA:220,9,1,4
BRDA:220,9,2,4
BRDA:233,10,0,1
BRDA:233,10,1,0
BRDA:233,11,0,1
BRDA:233,11,1,1
BRDA:233,11,2,1
BRF:27
BRH:21
end_of_record
TN:
SF:src\types.ts
FNF:0
FNH:0
LF:0
LH:0
BRF:0
BRH:0
end_of_record
TN:
SF:src\vue.ts
FN:34,useGrafeo
FN:40,(anonymous_1)
FN:44,(anonymous_2)
FN:49,(anonymous_3)
FN:69,useQuery
FN:79,(anonymous_5)
FN:84,(anonymous_6)
FN:85,(anonymous_7)
FNF:8
FNH:8
FNDA:4,useGrafeo
FNDA:3,(anonymous_1)
FNDA:1,(anonymous_2)
FNDA:4,(anonymous_3)
FNDA:7,useQuery
FNDA:2,(anonymous_5)
FNDA:11,(anonymous_6)
FNDA:11,(anonymous_7)
DA:35,4
DA:36,4
DA:37,4
DA:39,4
DA:41,3
DA:42,3
DA:45,1
DA:46,1
DA:49,4
DA:50,4
DA:53,4
DA:74,7
DA:75,7
DA:76,7
DA:77,7
DA:79,7
DA:80,2
DA:83,7
DA:84,11
DA:86,11
DA:87,11
DA:88,2
DA:89,2
DA:92,9
DA:93,9
DA:95,9
DA:96,9
DA:97,9
DA:99,0
DA:101,9
DA:107,7
LF:31
LH:30
BRDA:45,0,0,1
BRDA:45,0,1,0
BRDA:87,1,0,2
BRDA:87,1,1,9
BRDA:99,2,0,0
BRDA:99,2,1,0
BRF:6
BRH:3
end_of_record
TN:
SF:src\wasm-init-lite.ts
FN:11,ensureLiteWasmInitialized
FN:13,(anonymous_1)
FNF:2
FNH:2
FNDA:32,ensureLiteWasmInitialized
FNDA:2,(anonymous_1)
DA:3,2
DA:12,32
DA:13,2
DA:15,32
LF:4
LH:4
BRDA:12,0,0,2
BRDA:12,0,1,30
BRF:2
BRH:2
end_of_record
TN:
SF:src\wasm-init.ts
FN:11,ensureWasmInitialized
FN:13,(anonymous_1)
FNF:2
FNH:2
FNDA:160,ensureWasmInitialized
FNDA:6,(anonymous_1)
DA:3,6
DA:12,160
DA:13,6
DA:15,160
LF:4
LH:4
BRDA:12,0,0,6
BRDA:12,0,1,154
BRF:2
BRH:2
end_of_record
TN:
SF:src\worker-proxy.ts
FN:40,(anonymous_0)
FN:56,(anonymous_1)
FN:69,(anonymous_2)
FN:86,(anonymous_3)
FN:87,(anonymous_4)
FN:101,(anonymous_5)
FN:105,(anonymous_6)
FN:115,(anonymous_7)
FN:119,(anonymous_8)
FN:123,(anonymous_9)
FN:127,(anonymous_10)
FN:131,(anonymous_11)
FN:135,(anonymous_12)
FN:139,(anonymous_13)
FN:143,(anonymous_14)
FN:147,(anonymous_15)
FN:151,(anonymous_16)
FN:155,(anonymous_17)
FN:159,(anonymous_18)
FN:168,(anonymous_19)
FN:178,(anonymous_20)
FN:182,(anonymous_21)
FN:186,(anonymous_22)
FN:190,(anonymous_23)
FN:200,(anonymous_24)
FN:210,(anonymous_25)
FN:214,(anonymous_26)
FN:218,(anonymous_27)
FN:222,(anonymous_28)
FN:226,(anonymous_29)
FN:230,(anonymous_30)
FN:234,(anonymous_31)
FN:238,(anonymous_32)
FN:242,(anonymous_33)
FN:246,(anonymous_34)
FN:250,(anonymous_35)
FNF:36
FNH:27
FNDA:32,(anonymous_0)
FNDA:93,(anonymous_1)
FNDA:1,(anonymous_2)
FNDA:96,(anonymous_3)
FNDA:96,(anonymous_4)
FNDA:0,(anonymous_5)
FNDA:4,(anonymous_6)
FNDA:2,(anonymous_7)
FNDA:2,(anonymous_8)
FNDA:1,(anonymous_9)
FNDA:0,(anonymous_10)
FNDA:0,(anonymous_11)
FNDA:0,(anonymous_12)
FNDA:0,(anonymous_13)
FNDA:0,(anonymous_14)
FNDA:2,(anonymous_15)
FNDA:2,(anonymous_16)
FNDA:2,(anonymous_17)
FNDA:2,(anonymous_18)
FNDA:2,(anonymous_19)
FNDA:1,(anonymous_20)
FNDA:0,(anonymous_21)
FNDA:0,(anonymous_22)
FNDA:1,(anonymous_23)
FNDA:0,(anonymous_24)
FNDA:1,(anonymous_25)
FNDA:1,(anonymous_26)
FNDA:1,(anonymous_27)
FNDA:1,(anonymous_28)
FNDA:1,(anonymous_29)
FNDA:1,(anonymous_30)
FNDA:1,(anonymous_31)
FNDA:1,(anonymous_32)
FNDA:1,(anonymous_33)
FNDA:1,(anonymous_34)
FNDA:33,(anonymous_35)
DA:35,33
DA:36,33
DA:37,33
DA:41,32
DA:43,0
DA:47,32
DA:53,32
DA:56,32
DA:57,93
DA:58,93
DA:59,93
DA:61,92
DA:62,92
DA:63,1
DA:65,91
DA:69,32
DA:71,1
DA:72,1
DA:73,2
DA:75,1
DA:79,32
DA:82,32
DA:87,96
DA:88,96
DA:89,2
DA:90,2
DA:93,94
DA:94,94
DA:96,94
DA:97,94
DA:102,0
DA:109,4
DA:116,2
DA:120,2
DA:124,1
DA:128,0
DA:132,0
DA:136,0
DA:140,0
DA:144,0
DA:148,2
DA:152,2
DA:156,2
DA:165,2
DA:175,2
DA:179,1
DA:183,0
DA:187,0
DA:197,1
DA:207,0
DA:211,1
DA:215,1
DA:219,1
DA:223,1
DA:227,1
DA:231,1
DA:235,1
DA:239,1
DA:243,1
DA:247,1
DA:251,33
DA:252,32
DA:253,33
DA:254,33
LF:64
LH:54
BRDA:41,0,0,0
BRDA:41,0,1,32
BRDA:59,1,0,1
BRDA:59,1,1,92
BRDA:62,2,0,1
BRDA:62,2,1,91
BRDA:71,3,0,1
BRDA:71,3,1,0
BRDA:79,4,0,32
BRDA:79,4,1,0
BRDA:86,5,0,96
BRDA:88,6,0,2
BRDA:88,6,1,94
BRF:13
BRH:10
end_of_record
TN:
SF:src\worker.ts
FN:15,assertWorkerFeature
FN:27,respond
FN:37,handleMessage
FN:101,(anonymous_3)
FN:118,(anonymous_4)
FN:151,(anonymous_5)
FN:191,(anonymous_6)
FN:203,(anonymous_7)
FN:215,(anonymous_8)
FN:243,(anonymous_9)
FN:255,(anonymous_10)
FN:267,(anonymous_11)
FN:317,(anonymous_12)
FN:347,(anonymous_13)
FN:358,(anonymous_14)
FN:370,(anonymous_15)
FN:378,(anonymous_16)
FN:398,(anonymous_17)
FNF:18
FNH:5
FNDA:8,assertWorkerFeature
FNDA:100,respond
FNDA:100,handleMessage
FNDA:0,(anonymous_3)
FNDA:0,(anonymous_4)
FNDA:0,(anonymous_5)
FNDA:0,(anonymous_6)
FNDA:0,(anonymous_7)
FNDA:0,(anonymous_8)
FNDA:0,(anonymous_9)
FNDA:0,(anonymous_10)
FNDA:0,(anonymous_11)
FNDA:0,(anonymous_12)
FNDA:0,(anonymous_13)
FNDA:0,(anonymous_14)
FNDA:0,(anonymous_15)
FNDA:3,(anonymous_16)
FNDA:100,(anonymous_17)
DA:12,1
DA:13,1
DA:20,8
DA:21,0
DA:28,100
DA:29,100
DA:30,3
DA:32,97
DA:34,100
DA:38,100
DA:40,100
DA:41,100
DA:43,31
DA:45,31
DA:46,31
DA:47,4
DA:51,4
DA:52,4
DA:53,0
DA:54,0
DA:56,0
DA:59,0
DA:60,0
DA:63,4
DA:66,27
DA:69,31
DA:70,31
DA:74,0
DA:75,0
DA:79,14
DA:80,13
DA:81,13
DA:82,13
DA:83,14
DA:84,14
DA:87,14
DA:88,1
DA:89,12
DA:90,1
DA:91,11
DA:92,1
DA:94,10
DA:100,12
DA:101,0
DA:104,12
DA:105,12
DA:109,2
DA:110,2
DA:111,2
DA:112,2
DA:113,2
DA:117,2
DA:118,0
DA:121,2
DA:122,2
DA:126,4
DA:127,4
DA:128,4
DA:132,1
DA:133,1
DA:134,1
DA:138,1
DA:139,1
DA:140,1
DA:141,1
DA:145,1
DA:146,1
DA:147,1
DA:148,1
DA:150,1
DA:151,0
DA:154,1
DA:155,1
DA:159,1
DA:160,1
DA:161,1
DA:165,2
DA:166,2
DA:167,2
DA:168,2
DA:169,0
DA:171,2
DA:172,2
DA:176,1
DA:177,0
DA:178,0
DA:180,1
DA:182,1
DA:186,2
DA:187,2
DA:188,2
DA:189,2
DA:190,2
DA:191,1
DA:193,2
DA:194,2
DA:198,2
DA:199,2
DA:200,2
DA:201,2
DA:202,2
DA:203,1
DA:205,2
DA:206,2
DA:210,2
DA:211,2
DA:212,2
DA:213,2
DA:214,2
DA:215,1
DA:217,2
DA:218,2
DA:222,1
DA:223,1
DA:224,1
DA:225,1
DA:226,1
DA:230,1
DA:231,1
DA:232,1
DA:233,1
DA:234,1
DA:238,0
DA:239,0
DA:240,0
DA:241,0
DA:242,0
DA:243,0
DA:245,0
DA:246,0
DA:250,0
DA:251,0
DA:252,0
DA:253,0
DA:254,0
DA:255,0
DA:257,0
DA:258,0
DA:262,0
DA:263,0
DA:264,0
DA:265,0
DA:266,0
DA:267,0
DA:269,0
DA:270,0
DA:274,0
DA:275,0
DA:276,0
DA:277,0
DA:278,0
DA:279,0
DA:283,0
DA:284,0
DA:285,0
DA:286,0
DA:287,0
DA:288,0
DA:292,0
DA:293,0
DA:294,0
DA:295,0
DA:296,0
DA:300,0
DA:301,0
DA:302,0
DA:303,0
DA:307,0
DA:308,0
DA:309,0
DA:313,0
DA:314,0
DA:315,0
DA:316,0
DA:317,0
DA:319,0
DA:320,0
DA:324,0
DA:325,0
DA:326,0
DA:327,0
DA:331,0
DA:332,0
DA:333,0
DA:337,0
DA:338,0
DA:339,0
DA:343,0
DA:344,0
DA:345,0
DA:346,0
DA:347,0
DA:349,0
DA:350,0
DA:354,0
DA:355,0
DA:356,0
DA:357,0
DA:358,0
DA:360,0
DA:361,0
DA:365,0
DA:366,0
DA:367,0
DA:368,0
DA:369,0
DA:370,0
DA:372,0
DA:373,0
DA:377,33
DA:378,4
DA:379,4
DA:381,33
DA:382,26
DA:383,26
DA:385,33
DA:386,33
DA:390,1
DA:393,2
DA:394,2
DA:398,1
DA:399,100
LF:222
LH:121
BRDA:20,0,0,0
BRDA:20,0,1,8
BRDA:29,1,0,3
BRDA:29,1,1,97
BRDA:41,2,0,31
BRDA:41,2,1,0
BRDA:41,2,2,14
BRDA:41,2,3,2
BRDA:41,2,4,4
BRDA:41,2,5,1
BRDA:41,2,6,1
BRDA:41,2,7,1
BRDA:41,2,8,1
BRDA:41,2,9,2
BRDA:41,2,10,1
BRDA:41,2,11,2
BRDA:41,2,12,2
BRDA:41,2,13,2
BRDA:41,2,14,1
BRDA:41,2,15,1
BRDA:41,2,16,0
BRDA:41,2,17,0
BRDA:41,2,18,0
BRDA:41,2,19,0
BRDA:41,2,20,0
BRDA:41,2,21,0
BRDA:41,2,22,0
BRDA:41,2,23,0
BRDA:41,2,24,0
BRDA:41,2,25,0
BRDA:41,2,26,0
BRDA:41,2,27,0
BRDA:41,2,28,0
BRDA:41,2,29,0
BRDA:41,2,30,0
BRDA:41,2,31,33
BRDA:41,2,32,1
BRDA:46,3,0,4
BRDA:46,3,1,27
BRDA:52,4,0,0
BRDA:52,4,1,4
BRDA:79,5,0,1
BRDA:79,5,1,13
BRDA:84,6,0,14
BRDA:84,6,1,2
BRDA:87,7,0,1
BRDA:87,7,1,12
BRDA:87,8,0,14
BRDA:87,8,1,2
BRDA:89,9,0,1
BRDA:89,9,1,11
BRDA:91,10,0,1
BRDA:91,10,1,10
BRDA:100,11,0,0
BRDA:100,11,1,12
BRDA:109,12,0,0
BRDA:109,12,1,2
BRDA:113,13,0,1
BRDA:113,13,1,1
BRDA:113,14,0,2
BRDA:113,14,1,1
BRDA:117,15,0,0
BRDA:117,15,1,2
BRDA:126,16,0,0
BRDA:126,16,1,4
BRDA:132,17,0,0
BRDA:132,17,1,1
BRDA:138,18,0,0
BRDA:138,18,1,1
BRDA:145,19,0,0
BRDA:145,19,1,1
BRDA:150,20,0,0
BRDA:150,20,1,1
BRDA:159,21,0,0
BRDA:159,21,1,1
BRDA:165,22,0,0
BRDA:165,22,1,2
BRDA:168,23,0,0
BRDA:168,23,1,2
BRDA:176,24,0,0
BRDA:176,24,1,1
BRDA:186,25,0,0
BRDA:186,25,1,2
BRDA:190,26,0,1
BRDA:190,26,1,1
BRDA:198,27,0,0
BRDA:198,27,1,2
BRDA:202,28,0,1
BRDA:202,28,1,1
BRDA:210,29,0,0
BRDA:210,29,1,2
BRDA:214,30,0,1
BRDA:214,30,1,1
BRDA:222,31,0,0
BRDA:222,31,1,1
BRDA:230,32,0,0
BRDA:230,32,1,1
BRDA:238,33,0,0
BRDA:238,33,1,0
BRDA:242,34,0,0
BRDA:242,34,1,0
BRDA:250,35,0,0
BRDA:250,35,1,0
BRDA:254,36,0,0
BRDA:254,36,1,0
BRDA:262,37,0,0
BRDA:262,37,1,0
BRDA:266,38,0,0
BRDA:266,38,1,0
BRDA:274,39,0,0
BRDA:274,39,1,0
BRDA:283,40,0,0
BRDA:283,40,1,0
BRDA:292,41,0,0
BRDA:292,41,1,0
BRDA:300,42,0,0
BRDA:300,42,1,0
BRDA:307,43,0,0
BRDA:307,43,1,0
BRDA:313,44,0,0
BRDA:313,44,1,0
BRDA:316,45,0,0
BRDA:316,45,1,0
BRDA:324,46,0,0
BRDA:324,46,1,0
BRDA:331,47,0,0
BRDA:331,47,1,0
BRDA:337,48,0,0
BRDA:337,48,1,0
BRDA:343,49,0,0
BRDA:343,49,1,0
BRDA:346,50,0,0
BRDA:346,50,1,0
BRDA:354,51,0,0
BRDA:354,51,1,0
BRDA:357,52,0,0
BRDA:357,52,1,0
BRDA:365,53,0,0
BRDA:365,53,1,0
BRDA:369,54,0,0
BRDA:369,54,1,0
BRDA:377,55,0,4
BRDA:377,55,1,29
BRDA:377,56,0,33
BRDA:377,56,1,4
BRDA:381,57,0,26
BRDA:381,57,1,7
BRDA:393,58,0,2
BRDA:393,58,1,0
BRF:149
BRH:69
end_of_record
TN:
SF:src\__mocks__\wasm.ts
FN:26,(anonymous_0)
FN:30,(anonymous_1)
FN:48,(anonymous_2)
FN:59,(anonymous_3)
FN:59,(anonymous_4)
FN:63,(anonymous_5)
FN:78,(anonymous_6)
FN:86,(anonymous_7)
FN:95,(anonymous_8)
FN:103,(anonymous_9)
FN:107,(anonymous_10)
FN:112,(anonymous_11)
FN:116,(anonymous_12)
FN:126,(anonymous_13)
FN:137,(anonymous_14)
FN:141,(anonymous_15)
FN:146,(anonymous_16)
FN:150,(anonymous_17)
FN:161,(anonymous_18)
FN:172,(anonymous_19)
FN:185,(anonymous_20)
FN:193,(anonymous_21)
FN:213,(anonymous_22)
FN:224,(anonymous_23)
FN:229,(anonymous_24)
FN:234,(anonymous_25)
FN:236,(anonymous_26)
FN:237,(anonymous_27)
FN:239,(anonymous_28)
FN:244,(anonymous_29)
FN:249,(anonymous_30)
FN:254,(anonymous_31)
FN:259,(anonymous_32)
FN:263,(anonymous_33)
FN:267,(anonymous_34)
FN:281,(anonymous_35)
FN:285,(anonymous_36)
FN:291,(anonymous_37)
FN:300,(anonymous_38)
FN:306,(anonymous_39)
FN:312,(anonymous_40)
FN:342,(anonymous_41)
FN:347,(anonymous_42)
FN:354,(anonymous_43)
FN:357,(anonymous_44)
FN:371,(anonymous_45)
FN:386,init
FNF:47
FNH:47
FNDA:230,(anonymous_0)
FNDA:87,(anonymous_1)
FNDA:6,(anonymous_2)
FNDA:5,(anonymous_3)
FNDA:5,(anonymous_4)
FNDA:6,(anonymous_5)
FNDA:3,(anonymous_6)
FNDA:2,(anonymous_7)
FNDA:2,(anonymous_8)
FNDA:4,(anonymous_9)
FNDA:4,(anonymous_10)
FNDA:4,(anonymous_11)
FNDA:2,(anonymous_12)
FNDA:2,(anonymous_13)
FNDA:2,(anonymous_14)
FNDA:1,(anonymous_15)
FNDA:1,(anonymous_16)
FNDA:1,(anonymous_17)
FNDA:1,(anonymous_18)
FNDA:1,(anonymous_19)
FNDA:3,(anonymous_20)
FNDA:3,(anonymous_21)
FNDA:1,(anonymous_22)
FNDA:18,(anonymous_23)
FNDA:6,(anonymous_24)
FNDA:5,(anonymous_25)
FNDA:5,(anonymous_26)
FNDA:1,(anonymous_27)
FNDA:5,(anonymous_28)
FNDA:2,(anonymous_29)
FNDA:2,(anonymous_30)
FNDA:6,(anonymous_31)
FNDA:2,(anonymous_32)
FNDA:2,(anonymous_33)
FNDA:3,(anonymous_34)
FNDA:230,(anonymous_35)
FNDA:20,(anonymous_36)
FNDA:230,(anonymous_37)
FNDA:224,(anonymous_38)
FNDA:202,(anonymous_39)
FNDA:45,(anonymous_40)
FNDA:39,(anonymous_41)
FNDA:41,(anonymous_42)
FNDA:27,(anonymous_43)
FNDA:28,(anonymous_44)
FNDA:48,(anonymous_45)
FNDA:39,init
DA:21,230
DA:22,230
DA:23,230
DA:24,230
DA:31,87
DA:33,87
DA:36,87
DA:37,45
DA:41,42
DA:42,39
DA:45,3
DA:53,6
DA:54,6
DA:55,6
DA:56,1
DA:58,5
DA:59,5
DA:60,5
DA:67,6
DA:68,6
DA:69,6
DA:70,0
DA:75,6
DA:82,3
DA:83,3
DA:91,2
DA:92,2
DA:99,2
DA:100,2
DA:104,4
DA:108,4
DA:109,4
DA:113,4
DA:122,2
DA:123,2
DA:133,2
DA:134,2
DA:138,2
DA:142,1
DA:143,1
DA:147,1
DA:157,1
DA:158,1
DA:168,1
DA:169,1
DA:173,1
DA:174,1
DA:189,3
DA:190,3
DA:197,3
DA:198,3
DA:199,3
DA:200,4
DA:202,3
DA:203,1
DA:210,3
DA:220,1
DA:221,1
DA:225,18
DA:226,18
DA:230,6
DA:231,6
DA:235,5
DA:236,5
DA:237,5
DA:238,5
DA:239,5
DA:241,5
DA:245,2
DA:246,2
DA:250,2
DA:251,2
DA:255,6
DA:256,6
DA:260,2
DA:264,2
DA:268,3
DA:269,3
DA:282,1
DA:286,20
DA:287,20
DA:288,20
DA:292,3
DA:293,3
DA:294,3
DA:295,3
DA:296,3
DA:297,3
DA:301,224
DA:302,224
DA:303,224
DA:307,202
DA:308,0
DA:314,45
DA:317,45
DA:318,48
DA:319,48
DA:320,48
DA:321,48
DA:325,45
DA:326,45
DA:327,3
DA:329,3
DA:330,3
DA:339,45
DA:344,39
DA:345,39
DA:347,41
DA:350,37
DA:351,37
DA:353,39
DA:354,27
DA:357,39
DA:358,28
DA:359,28
DA:361,32
DA:362,32
DA:363,31
DA:364,31
DA:367,28
DA:372,48
DA:374,48
DA:376,48
DA:377,60
DA:378,60
DA:379,12
DA:380,12
DA:382,48
LF:128
LH:126
BRDA:36,0,0,45
BRDA:36,0,1,42
BRDA:41,1,0,39
BRDA:41,1,1,3
BRDA:55,2,0,1
BRDA:55,2,1,5
BRDA:69,3,0,0
BRDA:69,3,1,6
BRDA:200,4,0,4
BRDA:200,4,1,1
BRDA:207,5,0,1
BRDA:207,5,1,0
BRDA:307,6,0,0
BRDA:307,6,1,202
BRDA:329,7,0,3
BRDA:329,7,1,0
BRDA:345,8,0,2
BRDA:345,8,1,37
BRDA:351,9,0,34
BRDA:351,9,1,3
BRDA:353,10,0,34
BRDA:353,10,1,3
BRDA:362,11,0,31
BRDA:362,11,1,1
BRDA:364,12,0,31
BRDA:364,12,1,0
BRDA:378,13,0,48
BRDA:378,13,1,12
BRDA:379,14,0,0
BRDA:379,14,1,12
BRDA:380,15,0,12
BRDA:380,15,1,0
BRF:32
BRH:25
end_of_record
