TN:
SF:src\index.ts
FN:50,(anonymous_0)
FN:61,(anonymous_1)
FN:71,(anonymous_2)
FN:97,(anonymous_3)
FN:106,(anonymous_4)
FN:117,(anonymous_5)
FN:143,(anonymous_6)
FN:156,(anonymous_7)
FN:169,(anonymous_8)
FN:176,(anonymous_9)
FN:185,(anonymous_10)
FN:194,(anonymous_11)
FN:203,(anonymous_12)
FN:215,(anonymous_13)
FN:229,(anonymous_14)
FN:237,(anonymous_15)
FN:242,(anonymous_16)
FN:263,(anonymous_17)
FN:270,(anonymous_18)
FN:278,(anonymous_19)
FN:283,(anonymous_20)
FN:291,(anonymous_21)
FN:297,(anonymous_22)
FN:305,(anonymous_23)
FN:310,(anonymous_24)
FN:325,(anonymous_25)
FN:341,(anonymous_26)
FN:352,(anonymous_27)
FN:362,(anonymous_28)
FN:368,(anonymous_29)
FNF:30
FNH:22
FNDA:62,(anonymous_0)
FNDA:62,(anonymous_1)
FNDA:62,(anonymous_2)
FNDA:62,(anonymous_3)
FNDA:0,(anonymous_4)
FNDA:32,(anonymous_5)
FNDA:0,(anonymous_6)
FNDA:2,(anonymous_7)
FNDA:0,(anonymous_8)
FNDA:5,(anonymous_9)
FNDA:2,(anonymous_10)
FNDA:0,(anonymous_11)
FNDA:1,(anonymous_12)
FNDA:1,(anonymous_13)
FNDA:1,(anonymous_14)
FNDA:0,(anonymous_15)
FNDA:1,(anonymous_16)
FNDA:1,(anonymous_17)
FNDA:3,(anonymous_18)
FNDA:0,(anonymous_19)
FNDA:3,(anonymous_20)
FNDA:0,(anonymous_21)
FNDA:3,(anonymous_22)
FNDA:0,(anonymous_23)
FNDA:3,(anonymous_24)
FNDA:3,(anonymous_25)
FNDA:64,(anonymous_26)
FNDA:3,(anonymous_27)
FNDA:61,(anonymous_28)
FNDA:10,(anonymous_29)
DA:48,62
DA:55,62
DA:56,62
DA:57,62
DA:62,1
DA:72,62
DA:73,5
DA:76,57
DA:78,57
DA:81,57
DA:82,4
DA:86,4
DA:87,4
DA:91,53
DA:94,57
DA:100,5
DA:101,5
DA:102,5
DA:107,0
DA:121,32
DA:123,32
DA:124,0
DA:127,31
DA:128,32
DA:129,32
DA:132,32
DA:133,1
DA:134,30
DA:135,3
DA:136,27
DA:137,1
DA:139,26
DA:142,30
DA:143,0
DA:146,30
DA:157,2
DA:159,2
DA:160,0
DA:163,2
DA:164,2
DA:168,2
DA:169,0
DA:172,2
DA:177,5
DA:178,5
DA:179,0
DA:181,5
DA:186,2
DA:187,2
DA:188,0
DA:190,2
DA:195,0
DA:196,0
DA:197,0
DA:199,0
DA:204,1
DA:205,1
DA:206,0
DA:208,1
DA:209,0
DA:211,1
DA:216,1
DA:217,1
DA:218,0
DA:220,1
DA:221,1
DA:230,1
DA:231,1
DA:232,0
DA:234,1
DA:235,1
DA:236,1
DA:237,0
DA:243,1
DA:244,1
DA:245,0
DA:249,1
DA:250,1
DA:252,1
DA:253,0
DA:264,1
DA:266,1
DA:271,3
DA:272,3
DA:273,1
DA:275,2
DA:276,2
DA:277,2
DA:278,1
DA:284,3
DA:285,3
DA:286,1
DA:288,2
DA:289,2
DA:290,2
DA:291,1
DA:293,2
DA:298,3
DA:299,3
DA:300,1
DA:302,2
DA:303,2
DA:304,2
DA:305,1
DA:316,3
DA:317,3
DA:318,1
DA:320,2
DA:321,2
DA:332,3
DA:333,3
DA:334,1
DA:336,2
DA:337,2
DA:342,64
DA:343,61
DA:345,61
DA:346,5
DA:347,5
DA:348,5
DA:351,56
DA:352,4
DA:353,4
DA:356,56
DA:357,56
DA:358,56
DA:363,61
DA:364,1
DA:369,10
DA:370,2
LF:130
LH:112
BRDA:72,0,0,5
BRDA:72,0,1,57
BRDA:81,1,0,4
BRDA:81,1,1,53
BRDA:87,2,0,0
BRDA:87,2,1,4
BRDA:123,3,0,0
BRDA:123,3,1,32
BRDA:129,4,0,32
BRDA:129,4,1,4
BRDA:132,5,0,1
BRDA:132,5,1,30
BRDA:132,6,0,32
BRDA:132,6,1,4
BRDA:134,7,0,3
BRDA:134,7,1,27
BRDA:136,8,0,1
BRDA:136,8,1,26
BRDA:142,9,0,0
BRDA:142,9,1,30
BRDA:142,10,0,30
BRDA:142,10,1,0
BRDA:159,11,0,0
BRDA:159,11,1,2
BRDA:164,12,0,1
BRDA:164,12,1,1
BRDA:164,13,0,2
BRDA:164,13,1,1
BRDA:168,14,0,0
BRDA:168,14,1,2
BRDA:168,15,0,2
BRDA:168,15,1,0
BRDA:178,16,0,0
BRDA:178,16,1,5
BRDA:187,17,0,0
BRDA:187,17,1,2
BRDA:196,18,0,0
BRDA:196,18,1,0
BRDA:205,19,0,0
BRDA:205,19,1,1
BRDA:208,20,0,0
BRDA:208,20,1,1
BRDA:217,21,0,0
BRDA:217,21,1,1
BRDA:231,22,0,0
BRDA:231,22,1,1
BRDA:236,23,0,0
BRDA:236,23,1,1
BRDA:244,24,0,0
BRDA:244,24,1,1
BRDA:252,25,0,0
BRDA:252,25,1,1
BRDA:272,26,0,1
BRDA:272,26,1,2
BRDA:277,27,0,1
BRDA:277,27,1,1
BRDA:285,28,0,1
BRDA:285,28,1,2
BRDA:290,29,0,1
BRDA:290,29,1,1
BRDA:299,30,0,1
BRDA:299,30,1,2
BRDA:304,31,0,1
BRDA:304,31,1,1
BRDA:317,32,0,1
BRDA:317,32,1,2
BRDA:333,33,0,1
BRDA:333,33,1,2
BRDA:342,34,0,3
BRDA:342,34,1,61
BRDA:345,35,0,5
BRDA:345,35,1,56
BRDA:351,36,0,4
BRDA:351,36,1,52
BRDA:356,37,0,56
BRDA:356,37,1,0
BRDA:363,38,0,1
BRDA:363,38,1,60
BRDA:369,39,0,2
BRDA:369,39,1,8
BRF:80
BRH:61
end_of_record
TN:
SF:src\lite.ts
FN:36,(anonymous_0)
FN:50,(anonymous_1)
FN:74,(anonymous_2)
FN:79,(anonymous_3)
FN:90,(anonymous_4)
FN:97,(anonymous_5)
FN:102,(anonymous_6)
FN:109,(anonymous_7)
FN:115,(anonymous_8)
FN:121,(anonymous_9)
FN:127,(anonymous_10)
FN:136,(anonymous_11)
FN:143,(anonymous_12)
FN:148,(anonymous_13)
FN:153,(anonymous_14)
FN:163,(anonymous_15)
FN:169,(anonymous_16)
FN:174,(anonymous_17)
FN:184,(anonymous_18)
FNF:19
FNH:12
FNDA:19,(anonymous_0)
FNDA:19,(anonymous_1)
FNDA:2,(anonymous_2)
FNDA:15,(anonymous_3)
FNDA:0,(anonymous_4)
FNDA:1,(anonymous_5)
FNDA:0,(anonymous_6)
FNDA:5,(anonymous_7)
FNDA:2,(anonymous_8)
FNDA:0,(anonymous_9)
FNDA:0,(anonymous_10)
FNDA:1,(anonymous_11)
FNDA:1,(anonymous_12)
FNDA:0,(anonymous_13)
FNDA:1,(anonymous_14)
FNDA:0,(anonymous_15)
FNDA:20,(anonymous_16)
FNDA:0,(anonymous_17)
FNDA:26,(anonymous_18)
DA:34,19
DA:40,19
DA:41,19
DA:52,19
DA:54,19
DA:57,19
DA:58,0
DA:62,0
DA:63,0
DA:67,19
DA:70,19
DA:75,2
DA:83,15
DA:84,15
DA:85,15
DA:89,15
DA:90,0
DA:93,13
DA:98,1
DA:99,1
DA:101,1
DA:102,0
DA:105,1
DA:110,5
DA:111,5
DA:116,2
DA:117,2
DA:122,0
DA:123,0
DA:128,0
DA:129,0
DA:130,0
DA:132,0
DA:137,1
DA:138,1
DA:139,1
DA:144,1
DA:145,1
DA:146,1
DA:147,1
DA:148,0
DA:154,1
DA:155,1
DA:156,1
DA:157,1
DA:158,0
DA:164,0
DA:165,0
DA:170,20
DA:171,19
DA:173,19
DA:174,0
DA:175,0
DA:178,19
DA:179,19
DA:180,19
DA:185,26
DA:186,1
LF:58
LH:41
BRDA:57,0,0,0
BRDA:57,0,1,19
BRDA:63,1,0,0
BRDA:63,1,1,0
BRDA:85,2,0,1
BRDA:85,2,1,13
BRDA:89,3,0,0
BRDA:89,3,1,15
BRDA:89,4,0,15
BRDA:89,4,1,0
BRDA:101,5,0,0
BRDA:101,5,1,1
BRDA:101,6,0,1
BRDA:101,6,1,0
BRDA:129,7,0,0
BRDA:129,7,1,0
BRDA:147,8,0,0
BRDA:147,8,1,1
BRDA:157,9,0,0
BRDA:157,9,1,1
BRDA:170,10,0,1
BRDA:170,10,1,19
BRDA:173,11,0,0
BRDA:173,11,1,19
BRDA:178,12,0,19
BRDA:178,12,1,0
BRDA:185,13,0,1
BRDA:185,13,1,25
BRF:28
BRH:15
end_of_record
TN:
SF:src\persistence.ts
FN:14,openDatabase
FN:15,(anonymous_1)
FN:18,(anonymous_2)
FN:25,(anonymous_3)
FN:26,(anonymous_4)
FN:30,idbRequest
FN:31,(anonymous_6)
FN:32,(anonymous_7)
FN:33,(anonymous_8)
FN:49,(anonymous_9)
FN:56,(anonymous_10)
FN:60,(anonymous_11)
FN:75,(anonymous_12)
FN:95,(anonymous_13)
FN:102,(anonymous_14)
FN:117,(anonymous_15)
FN:130,(anonymous_16)
FN:148,(anonymous_17)
FNF:18
FNH:15
FNDA:40,openDatabase
FNDA:40,(anonymous_1)
FNDA:3,(anonymous_2)
FNDA:40,(anonymous_3)
FNDA:0,(anonymous_4)
FNDA:40,idbRequest
FNDA:40,(anonymous_6)
FNDA:40,(anonymous_7)
FNDA:0,(anonymous_8)
FNDA:18,(anonymous_9)
FNDA:0,(anonymous_10)
FNDA:15,(anonymous_11)
FNDA:14,(anonymous_12)
FNDA:10,(anonymous_13)
FNDA:1,(anonymous_14)
FNDA:10,(anonymous_15)
FNDA:11,(anonymous_16)
FNDA:1,(anonymous_17)
DA:3,7
DA:4,7
DA:5,7
DA:6,7
DA:15,40
DA:16,40
DA:18,40
DA:19,3
DA:20,3
DA:21,3
DA:25,40
DA:26,40
DA:31,40
DA:32,40
DA:33,40
DA:45,18
DA:46,18
DA:54,18
DA:55,18
DA:56,18
DA:61,15
DA:62,15
DA:63,15
DA:64,15
DA:65,15
DA:68,15
DA:70,15
DA:76,14
DA:77,14
DA:78,14
DA:79,14
DA:80,14
DA:85,14
DA:87,14
DA:96,10
DA:98,10
DA:99,2
DA:102,10
DA:103,1
DA:104,1
DA:105,1
DA:106,1
DA:107,1
DA:108,1
DA:110,0
DA:118,10
DA:119,7
DA:120,7
DA:122,10
DA:123,7
DA:124,7
DA:125,7
DA:131,11
DA:132,0
DA:133,0
DA:135,11
DA:137,11
DA:138,11
DA:139,11
DA:140,11
DA:141,11
DA:143,11
DA:149,1
DA:150,0
DA:151,0
DA:156,1
LF:66
LH:61
BRDA:20,0,0,3
BRDA:20,0,1,0
BRDA:55,1,0,18
BRDA:55,1,1,18
BRDA:56,2,0,18
BRDA:56,2,1,0
BRDA:68,3,0,15
BRDA:68,3,1,10
BRDA:98,4,0,2
BRDA:98,4,1,8
BRDA:104,5,0,1
BRDA:104,5,1,0
BRDA:110,6,0,0
BRDA:110,6,1,0
BRDA:118,7,0,7
BRDA:118,7,1,3
BRDA:122,8,0,7
BRDA:122,8,1,3
BRDA:131,9,0,0
BRDA:131,9,1,11
BRDA:149,10,0,0
BRDA:149,10,1,1
BRDA:149,11,0,1
BRDA:149,11,1,1
BRDA:152,12,0,0
BRDA:152,12,1,0
BRDA:153,13,0,0
BRDA:153,13,1,0
BRF:28
BRH:17
end_of_record
TN:
SF:src\query-utils.ts
FN:2,isMutatingQuery
FNF:1
FNH:0
FNDA:0,isMutatingQuery
DA:3,0
LF:1
LH:0
BRF:0
BRH:0
end_of_record
TN:
SF:src\react.ts
FN:33,useGrafeo
FN:39,(anonymous_1)
FN:44,(anonymous_2)
FN:53,(anonymous_3)
FN:60,(anonymous_4)
FN:81,useQuery
FN:92,(anonymous_6)
FN:93,(anonymous_7)
FN:96,(anonymous_8)
FN:108,(anonymous_9)
FN:114,(anonymous_10)
FN:121,(anonymous_11)
FNF:12
FNH:9
FNDA:7,useGrafeo
FNDA:4,(anonymous_1)
FNDA:3,(anonymous_2)
FNDA:1,(anonymous_3)
FNDA:4,(anonymous_4)
FNDA:3,useQuery
FNDA:0,(anonymous_6)
FNDA:0,(anonymous_7)
FNDA:2,(anonymous_8)
FNDA:1,(anonymous_9)
FNDA:0,(anonymous_10)
FNDA:1,(anonymous_11)
DA:34,7
DA:35,7
DA:36,7
DA:37,7
DA:39,7
DA:40,4
DA:41,4
DA:43,4
DA:45,3
DA:46,3
DA:47,2
DA:48,2
DA:50,1
DA:54,1
DA:55,1
DA:56,1
DA:60,4
DA:61,4
DA:62,4
DA:67,7
DA:86,3
DA:87,3
DA:88,3
DA:89,3
DA:90,3
DA:92,3
DA:93,0
DA:96,3
DA:97,2
DA:99,2
DA:100,1
DA:101,1
DA:104,1
DA:105,1
DA:107,1
DA:109,1
DA:110,1
DA:111,1
DA:115,0
DA:116,0
DA:117,0
DA:121,1
DA:122,1
DA:127,3
LF:44
LH:40
BRDA:46,0,0,2
BRDA:46,0,1,1
BRDA:54,1,0,1
BRDA:54,1,1,0
BRDA:55,2,0,1
BRDA:55,2,1,0
BRDA:99,3,0,1
BRDA:99,3,1,1
BRDA:109,4,0,1
BRDA:109,4,1,0
BRDA:115,5,0,0
BRDA:115,5,1,0
BRDA:116,6,0,0
BRDA:116,6,1,0
BRF:14
BRH:7
end_of_record
TN:
SF:src\svelte.ts
FN:36,createGrafeo
FN:46,notifyDb
FN:49,notifyLoading
FN:52,notifyError
FN:58,(anonymous_4)
FN:65,(anonymous_5)
FN:73,(anonymous_6)
FN:76,(anonymous_7)
FN:89,(anonymous_8)
FN:92,(anonymous_9)
FN:99,(anonymous_10)
FN:102,(anonymous_11)
FN:108,close
FN:146,createQuery
FN:161,notifyData
FN:164,notifyLoading
FN:167,notifyError
FN:171,executeQuery
FN:197,(anonymous_18)
FN:203,(anonymous_19)
FN:206,(anonymous_20)
FN:216,(anonymous_21)
FN:219,(anonymous_22)
FN:229,(anonymous_23)
FN:232,(anonymous_24)
FN:241,refetch
FNF:26
FNH:26
FNDA:7,createGrafeo
FNDA:9,notifyDb
FNDA:7,notifyLoading
FNDA:1,notifyError
FNDA:6,(anonymous_4)
FNDA:1,(anonymous_5)
FNDA:6,(anonymous_6)
FNDA:6,(anonymous_7)
FNDA:6,(anonymous_8)
FNDA:6,(anonymous_9)
FNDA:2,(anonymous_10)
FNDA:2,(anonymous_11)
FNDA:6,close
FNDA:4,createQuery
FNDA:4,notifyData
FNDA:9,notifyLoading
FNDA:4,notifyError
FNDA:5,executeQuery
FNDA:4,(anonymous_18)
FNDA:1,(anonymous_19)
FNDA:1,(anonymous_20)
FNDA:4,(anonymous_21)
FNDA:4,(anonymous_22)
FNDA:1,(anonymous_23)
FNDA:1,(anonymous_24)
FNDA:1,refetch
DA:37,7
DA:38,7
DA:39,7
DA:40,7
DA:42,7
DA:43,7
DA:44,7
DA:47,9
DA:50,7
DA:53,1
DA:57,7
DA:59,6
DA:60,6
DA:61,6
DA:62,6
DA:63,6
DA:66,1
DA:67,1
DA:68,1
DA:69,1
DA:72,7
DA:74,6
DA:75,6
DA:76,6
DA:77,6
DA:79,6
DA:80,3
DA:81,3
DA:82,3
DA:88,7
DA:90,6
DA:91,6
DA:92,6
DA:93,6
DA:98,7
DA:100,2
DA:101,2
DA:102,2
DA:103,2
DA:109,6
DA:110,3
DA:111,3
DA:112,3
DA:113,3
DA:117,7
DA:151,4
DA:152,4
DA:153,4
DA:155,4
DA:156,4
DA:157,4
DA:158,4
DA:159,4
DA:162,4
DA:165,9
DA:168,4
DA:172,5
DA:173,1
DA:174,1
DA:175,1
DA:178,4
DA:179,4
DA:180,4
DA:181,4
DA:183,4
DA:184,4
DA:185,4
DA:186,4
DA:188,0
DA:189,0
DA:191,4
DA:192,4
DA:197,4
DA:198,4
DA:199,4
DA:202,4
DA:204,1
DA:205,1
DA:206,1
DA:207,1
DA:208,1
DA:209,0
DA:215,4
DA:217,4
DA:218,4
DA:219,4
DA:220,4
DA:221,4
DA:222,3
DA:228,4
DA:230,1
DA:231,1
DA:232,1
DA:233,1
DA:234,1
DA:235,1
DA:242,1
DA:243,1
DA:246,4
LF:99
LH:96
BRDA:66,0,0,1
BRDA:66,0,1,0
BRDA:79,1,0,3
BRDA:79,1,1,3
BRDA:79,2,0,6
BRDA:79,2,1,6
BRDA:109,3,0,3
BRDA:109,3,1,3
BRDA:172,4,0,1
BRDA:172,4,1,4
BRDA:188,5,0,0
BRDA:188,5,1,0
BRDA:208,6,0,0
BRDA:208,6,1,1
BRDA:208,7,0,1
BRDA:208,7,1,1
BRDA:208,7,2,0
BRDA:221,8,0,3
BRDA:221,8,1,1
BRDA:221,9,0,4
BRDA:221,9,1,4
BRDA:221,9,2,4
BRDA:234,10,0,1
BRDA:234,10,1,0
BRDA:234,11,0,1
BRDA:234,11,1,1
BRDA:234,11,2,1
BRF:27
BRH:21
end_of_record
TN:
SF:src\types.ts
FNF:0
FNH:0
LF:0
LH:0
BRF:0
BRH:0
end_of_record
TN:
SF:src\vue.ts
FN:34,useGrafeo
FN:40,(anonymous_1)
FN:44,(anonymous_2)
FN:49,(anonymous_3)
FN:69,useQuery
FN:79,(anonymous_5)
FN:84,(anonymous_6)
FN:85,(anonymous_7)
FNF:8
FNH:8
FNDA:4,useGrafeo
FNDA:3,(anonymous_1)
FNDA:1,(anonymous_2)
FNDA:4,(anonymous_3)
FNDA:4,useQuery
FNDA:1,(anonymous_5)
FNDA:5,(anonymous_6)
FNDA:5,(anonymous_7)
DA:35,4
DA:36,4
DA:37,4
DA:39,4
DA:41,3
DA:42,3
DA:45,1
DA:46,1
DA:49,4
DA:50,4
DA:53,4
DA:74,4
DA:75,4
DA:76,4
DA:77,4
DA:79,4
DA:80,1
DA:83,4
DA:84,5
DA:86,5
DA:87,5
DA:88,1
DA:89,1
DA:92,4
DA:93,4
DA:95,4
DA:96,4
DA:97,4
DA:99,0
DA:101,4
DA:107,4
LF:31
LH:30
BRDA:45,0,0,1
BRDA:45,0,1,0
BRDA:87,1,0,1
BRDA:87,1,1,4
BRDA:99,2,0,0
BRDA:99,2,1,0
BRF:6
BRH:3
end_of_record
TN:
SF:src\wasm-init.ts
FN:11,ensureWasmInitialized
FN:13,(anonymous_1)
FNF:2
FNH:2
FNDA:76,ensureWasmInitialized
FNDA:5,(anonymous_1)
DA:3,5
DA:12,76
DA:13,5
DA:15,76
LF:4
LH:4
BRDA:12,0,0,5
BRDA:12,0,1,71
BRF:2
BRH:2
end_of_record
TN:
SF:src\worker-proxy.ts
FN:29,(anonymous_0)
FN:34,(anonymous_1)
FN:48,(anonymous_2)
FN:60,(anonymous_3)
FN:61,(anonymous_4)
FN:75,(anonymous_5)
FN:79,(anonymous_6)
FN:86,(anonymous_7)
FN:93,(anonymous_8)
FN:97,(anonymous_9)
FN:101,(anonymous_10)
FN:105,(anonymous_11)
FN:109,(anonymous_12)
FN:113,(anonymous_13)
FN:117,(anonymous_14)
FN:121,(anonymous_15)
FN:125,(anonymous_16)
FN:129,(anonymous_17)
FN:133,(anonymous_18)
FN:142,(anonymous_19)
FNF:20
FNH:15
FNDA:20,(anonymous_0)
FNDA:57,(anonymous_1)
FNDA:1,(anonymous_2)
FNDA:60,(anonymous_3)
FNDA:60,(anonymous_4)
FNDA:4,(anonymous_5)
FNDA:2,(anonymous_6)
FNDA:2,(anonymous_7)
FNDA:1,(anonymous_8)
FNDA:0,(anonymous_9)
FNDA:0,(anonymous_10)
FNDA:0,(anonymous_11)
FNDA:0,(anonymous_12)
FNDA:0,(anonymous_13)
FNDA:2,(anonymous_14)
FNDA:2,(anonymous_15)
FNDA:2,(anonymous_16)
FNDA:2,(anonymous_17)
FNDA:2,(anonymous_18)
FNDA:21,(anonymous_19)
DA:24,21
DA:25,21
DA:26,21
DA:33,20
DA:34,57
DA:37,57
DA:38,1
DA:39,56
DA:41,56
DA:42,1
DA:44,55
DA:48,20
DA:49,1
DA:50,1
DA:51,2
DA:54,1
DA:57,20
DA:61,60
DA:63,60
DA:64,2
DA:68,58
DA:69,58
DA:70,58
DA:71,58
DA:77,4
DA:80,2
DA:90,2
DA:94,1
DA:98,0
DA:102,0
DA:106,0
DA:110,0
DA:114,0
DA:118,2
DA:122,2
DA:126,2
DA:130,2
DA:134,2
DA:143,21
DA:145,20
DA:152,21
DA:153,21
LF:42
LH:37
BRDA:38,0,0,1
BRDA:38,0,1,56
BRDA:41,1,0,1
BRDA:41,1,1,55
BRDA:49,2,0,1
BRDA:49,2,1,0
BRDA:60,3,0,60
BRDA:63,4,0,2
BRDA:63,4,1,58
BRF:9
BRH:8
end_of_record
TN:
SF:src\worker.ts
FN:16,assertWorkerFeature
FN:28,respond
FN:38,handleMessage
FN:84,(anonymous_3)
FN:101,(anonymous_4)
FN:134,(anonymous_5)
FN:174,(anonymous_6)
FN:186,(anonymous_7)
FN:198,(anonymous_8)
FN:222,(anonymous_9)
FN:242,(anonymous_10)
FNF:11
FNH:5
FNDA:8,assertWorkerFeature
FNDA:100,respond
FNDA:100,handleMessage
FNDA:0,(anonymous_3)
FNDA:0,(anonymous_4)
FNDA:0,(anonymous_5)
FNDA:0,(anonymous_6)
FNDA:0,(anonymous_7)
FNDA:0,(anonymous_8)
FNDA:3,(anonymous_9)
FNDA:100,(anonymous_10)
DA:13,1
DA:14,1
DA:21,8
DA:22,0
DA:29,100
DA:30,100
DA:31,3
DA:33,97
DA:35,100
DA:39,100
DA:41,100
DA:42,100
DA:44,31
DA:46,31
DA:47,31
DA:48,4
DA:52,4
DA:53,4
DA:57,27
DA:60,31
DA:61,31
DA:65,14
DA:66,13
DA:67,13
DA:68,13
DA:69,14
DA:70,14
DA:73,14
DA:74,1
DA:75,12
DA:76,1
DA:77,11
DA:78,1
DA:80,10
DA:83,12
DA:84,0
DA:87,12
DA:88,12
DA:92,2
DA:93,2
DA:94,2
DA:95,2
DA:96,2
DA:100,2
DA:101,0
DA:104,2
DA:105,2
DA:109,4
DA:110,4
DA:111,4
DA:115,1
DA:116,1
DA:117,1
DA:121,1
DA:122,1
DA:123,1
DA:124,1
DA:128,1
DA:129,1
DA:130,1
DA:131,1
DA:133,1
DA:134,0
DA:137,1
DA:138,1
DA:142,1
DA:143,1
DA:144,1
DA:148,2
DA:149,2
DA:150,2
DA:151,2
DA:152,0
DA:154,2
DA:155,2
DA:159,1
DA:160,0
DA:161,0
DA:163,1
DA:165,1
DA:169,2
DA:170,2
DA:171,2
DA:172,2
DA:173,2
DA:174,1
DA:176,2
DA:177,2
DA:181,2
DA:182,2
DA:183,2
DA:184,2
DA:185,2
DA:186,1
DA:188,2
DA:189,2
DA:193,2
DA:194,2
DA:195,2
DA:196,2
DA:197,2
DA:198,1
DA:200,2
DA:201,2
DA:205,1
DA:206,1
DA:207,1
DA:208,1
DA:209,1
DA:213,1
DA:214,1
DA:215,1
DA:216,1
DA:217,1
DA:221,33
DA:222,4
DA:223,4
DA:225,33
DA:226,26
DA:227,26
DA:229,33
DA:230,33
DA:234,1
DA:237,2
DA:238,2
DA:242,1
DA:243,100
LF:127
LH:120
BRDA:21,0,0,0
BRDA:21,0,1,8
BRDA:30,1,0,3
BRDA:30,1,1,97
BRDA:42,2,0,31
BRDA:42,2,1,14
BRDA:42,2,2,2
BRDA:42,2,3,4
BRDA:42,2,4,1
BRDA:42,2,5,1
BRDA:42,2,6,1
BRDA:42,2,7,1
BRDA:42,2,8,2
BRDA:42,2,9,1
BRDA:42,2,10,2
BRDA:42,2,11,2
BRDA:42,2,12,2
BRDA:42,2,13,1
BRDA:42,2,14,1
BRDA:42,2,15,33
BRDA:42,2,16,1
BRDA:47,3,0,4
BRDA:47,3,1,27
BRDA:53,4,0,0
BRDA:53,4,1,4
BRDA:65,5,0,1
BRDA:65,5,1,13
BRDA:70,6,0,14
BRDA:70,6,1,2
BRDA:73,7,0,1
BRDA:73,7,1,12
BRDA:73,8,0,14
BRDA:73,8,1,2
BRDA:75,9,0,1
BRDA:75,9,1,11
BRDA:77,10,0,1
BRDA:77,10,1,10
BRDA:83,11,0,0
BRDA:83,11,1,12
BRDA:83,12,0,12
BRDA:83,12,1,0
BRDA:92,13,0,0
BRDA:92,13,1,2
BRDA:96,14,0,1
BRDA:96,14,1,1
BRDA:96,15,0,2
BRDA:96,15,1,1
BRDA:100,16,0,0
BRDA:100,16,1,2
BRDA:100,17,0,2
BRDA:100,17,1,0
BRDA:109,18,0,0
BRDA:109,18,1,4
BRDA:115,19,0,0
BRDA:115,19,1,1
BRDA:121,20,0,0
BRDA:121,20,1,1
BRDA:128,21,0,0
BRDA:128,21,1,1
BRDA:133,22,0,0
BRDA:133,22,1,1
BRDA:142,23,0,0
BRDA:142,23,1,1
BRDA:148,24,0,0
BRDA:148,24,1,2
BRDA:151,25,0,0
BRDA:151,25,1,2
BRDA:159,26,0,0
BRDA:159,26,1,1
BRDA:169,27,0,0
BRDA:169,27,1,2
BRDA:173,28,0,1
BRDA:173,28,1,1
BRDA:181,29,0,0
BRDA:181,29,1,2
BRDA:185,30,0,1
BRDA:185,30,1,1
BRDA:193,31,0,0
BRDA:193,31,1,2
BRDA:197,32,0,1
BRDA:197,32,1,1
BRDA:205,33,0,0
BRDA:205,33,1,1
BRDA:213,34,0,0
BRDA:213,34,1,1
BRDA:221,35,0,4
BRDA:221,35,1,29
BRDA:221,36,0,33
BRDA:221,36,1,4
BRDA:225,37,0,26
BRDA:225,37,1,7
BRDA:237,38,0,2
BRDA:237,38,1,0
BRF:93
BRH:71
end_of_record
TN:
SF:src\__mocks__\wasm.ts
FN:25,(anonymous_0)
FN:29,(anonymous_1)
FN:47,(anonymous_2)
FN:58,(anonymous_3)
FN:58,(anonymous_4)
FN:62,(anonymous_5)
FN:77,(anonymous_6)
FN:85,(anonymous_7)
FN:94,(anonymous_8)
FN:102,(anonymous_9)
FN:106,(anonymous_10)
FN:111,(anonymous_11)
FN:115,(anonymous_12)
FN:125,(anonymous_13)
FN:136,(anonymous_14)
FN:141,(anonymous_15)
FN:146,(anonymous_16)
FN:148,(anonymous_17)
FN:149,(anonymous_18)
FN:151,(anonymous_19)
FN:156,(anonymous_20)
FN:160,(anonymous_21)
FN:166,(anonymous_22)
FN:175,(anonymous_23)
FN:181,(anonymous_24)
FN:187,(anonymous_25)
FN:217,(anonymous_26)
FN:222,(anonymous_27)
FN:229,(anonymous_28)
FN:232,(anonymous_29)
FN:246,(anonymous_30)
FN:261,init
FNF:32
FNH:29
FNDA:114,(anonymous_0)
FNDA:63,(anonymous_1)
FNDA:5,(anonymous_2)
FNDA:5,(anonymous_3)
FNDA:5,(anonymous_4)
FNDA:6,(anonymous_5)
FNDA:3,(anonymous_6)
FNDA:2,(anonymous_7)
FNDA:2,(anonymous_8)
FNDA:4,(anonymous_9)
FNDA:4,(anonymous_10)
FNDA:4,(anonymous_11)
FNDA:2,(anonymous_12)
FNDA:2,(anonymous_13)
FNDA:14,(anonymous_14)
FNDA:5,(anonymous_15)
FNDA:1,(anonymous_16)
FNDA:0,(anonymous_17)
FNDA:0,(anonymous_18)
FNDA:0,(anonymous_19)
FNDA:114,(anonymous_20)
FNDA:9,(anonymous_21)
FNDA:114,(anonymous_22)
FNDA:108,(anonymous_23)
FNDA:126,(anonymous_24)
FNDA:30,(anonymous_25)
FNDA:30,(anonymous_26)
FNDA:34,(anonymous_27)
FNDA:22,(anonymous_28)
FNDA:22,(anonymous_29)
FNDA:32,(anonymous_30)
FNDA:36,init
DA:21,114
DA:22,114
DA:23,114
DA:30,63
DA:32,63
DA:35,63
DA:36,30
DA:40,33
DA:41,30
DA:44,3
DA:52,5
DA:53,5
DA:54,5
DA:55,0
DA:57,5
DA:58,5
DA:59,5
DA:66,6
DA:67,6
DA:68,6
DA:69,0
DA:74,6
DA:81,3
DA:82,3
DA:90,2
DA:91,2
DA:98,2
DA:99,2
DA:103,4
DA:107,4
DA:108,4
DA:112,4
DA:121,2
DA:122,2
DA:132,2
DA:133,2
DA:137,14
DA:138,14
DA:142,5
DA:143,5
DA:147,1
DA:148,1
DA:149,1
DA:150,1
DA:151,0
DA:153,1
DA:157,1
DA:161,9
DA:162,9
DA:163,9
DA:167,3
DA:168,3
DA:169,3
DA:170,3
DA:171,3
DA:172,3
DA:176,108
DA:177,108
DA:178,108
DA:182,126
DA:183,0
DA:189,30
DA:192,30
DA:193,32
DA:194,32
DA:195,32
DA:196,32
DA:200,30
DA:201,30
DA:202,2
DA:204,2
DA:205,2
DA:214,30
DA:219,30
DA:220,30
DA:222,34
DA:225,30
DA:226,30
DA:228,30
DA:229,22
DA:232,30
DA:233,22
DA:234,22
DA:236,26
DA:237,26
DA:238,26
DA:239,26
DA:242,22
DA:247,32
DA:249,32
DA:251,32
DA:252,40
DA:253,40
DA:254,8
DA:255,8
DA:257,32
LF:96
LH:92
BRDA:35,0,0,30
BRDA:35,0,1,33
BRDA:40,1,0,30
BRDA:40,1,1,3
BRDA:54,2,0,0
BRDA:54,2,1,5
BRDA:68,3,0,0
BRDA:68,3,1,6
BRDA:182,4,0,0
BRDA:182,4,1,126
BRDA:204,5,0,2
BRDA:204,5,1,0
BRDA:220,6,0,0
BRDA:220,6,1,30
BRDA:226,7,0,28
BRDA:226,7,1,2
BRDA:228,8,0,28
BRDA:228,8,1,2
BRDA:237,9,0,26
BRDA:237,9,1,0
BRDA:239,10,0,26
BRDA:239,10,1,0
BRDA:253,11,0,32
BRDA:253,11,1,8
BRDA:253,12,0,0
BRDA:253,12,1,8
BRDA:254,13,0,8
BRDA:254,13,1,0
BRF:28
BRH:19
end_of_record
